============================= test session starts ==============================
platform darwin -- Python 3.9.6, pytest-8.4.2, pluggy-1.6.0
rootdir: /Users/ayates/pdfium_fast/integration_tests
configfile: pytest.ini
testpaths: tests
plugins: anyio-4.11.0, html-4.1.1, langsmith-0.4.37, timeout-2.4.0, metadata-3.1.1
timeout: 300.0s
timeout method: signal
timeout func_only: False
collected 2879 items

tests/pdfs/arxiv/test_arxiv_001.py ...                                   [  0%]
tests/pdfs/arxiv/test_arxiv_002.py ...                                   [  0%]
tests/pdfs/arxiv/test_arxiv_003.py ...                                   [  0%]
tests/pdfs/arxiv/test_arxiv_004.py ...                                   [  0%]
tests/pdfs/arxiv/test_arxiv_005.py ...                                   [  0%]
tests/pdfs/arxiv/test_arxiv_006.py ...                                   [  0%]
tests/pdfs/arxiv/test_arxiv_007.py ...                                   [  0%]
tests/pdfs/arxiv/test_arxiv_008.py ...                                   [  0%]
tests/pdfs/arxiv/test_arxiv_009.py ...                                   [  0%]
tests/pdfs/arxiv/test_arxiv_010.py ...                                   [  1%]
tests/pdfs/arxiv/test_arxiv_011.py ...                                   [  1%]
tests/pdfs/arxiv/test_arxiv_012.py ...                                   [  1%]
tests/pdfs/arxiv/test_arxiv_014.py ...                                   [  1%]
tests/pdfs/arxiv/test_arxiv_015.py ...                                   [  1%]
tests/pdfs/arxiv/test_arxiv_016.py ...                                   [  1%]
tests/pdfs/arxiv/test_arxiv_017.py ...                                   [  1%]
tests/pdfs/arxiv/test_arxiv_018.py ...                                   [  1%]
tests/pdfs/arxiv/test_arxiv_019.py ...                                   [  1%]
tests/pdfs/arxiv/test_arxiv_020.py ...                                   [  1%]
tests/pdfs/arxiv/test_arxiv_021.py ...                                   [  2%]
tests/pdfs/arxiv/test_arxiv_022.py ...                                   [  2%]
tests/pdfs/arxiv/test_arxiv_023.py ...                                   [  2%]
tests/pdfs/arxiv/test_arxiv_024.py ...                                   [  2%]
tests/pdfs/arxiv/test_arxiv_025.py ...                                   [  2%]
tests/pdfs/arxiv/test_arxiv_026.py ...                                   [  2%]
tests/pdfs/arxiv/test_arxiv_027.py ...                                   [  2%]
tests/pdfs/arxiv/test_arxiv_028.py ...                                   [  2%]
tests/pdfs/arxiv/test_arxiv_029.py ...                                   [  2%]
tests/pdfs/arxiv/test_arxiv_030.py ...                                   [  3%]
tests/pdfs/arxiv/test_arxiv_031.py ...                                   [  3%]
tests/pdfs/arxiv/test_arxiv_032.py ...                                   [  3%]
tests/pdfs/arxiv/test_arxiv_033.py ...                                   [  3%]
tests/pdfs/arxiv/test_arxiv_034.py ...                                   [  3%]
tests/pdfs/arxiv/test_arxiv_035.py ...                                   [  3%]
tests/pdfs/arxiv/test_arxiv_036.py ...                                   [  3%]
tests/pdfs/arxiv/test_arxiv_037.py ...                                   [  3%]
tests/pdfs/arxiv/test_arxiv_038.py ...                                   [  3%]
tests/pdfs/arxiv/test_arxiv_039.py ...                                   [  3%]
tests/pdfs/arxiv/test_arxiv_040.py ...                                   [  4%]
tests/pdfs/benchmark/test_fax_ccitt.py ...                               [  4%]
tests/pdfs/cc/test_cc_001_931p.py ...                                    [  4%]
tests/pdfs/cc/test_cc_002_522p.py ...                                    [  4%]
tests/pdfs/cc/test_cc_003_162p.py ...                                    [  4%]
tests/pdfs/cc/test_cc_004_291p.py ...                                    [  4%]
tests/pdfs/cc/test_cc_005_172p.py .s.                                    [  4%]
tests/pdfs/cc/test_cc_006_254p.py ...                                    [  4%]
tests/pdfs/cc/test_cc_007_101p.py ...                                    [  4%]
tests/pdfs/cc/test_cc_008_116p.py ...                                    [  5%]
tests/pdfs/cc/test_cc_009_188p.py ...                                    [  5%]
tests/pdfs/cc/test_cc_010_206p.py ...                                    [  5%]
tests/pdfs/cc/test_cc_011_222p.py ...                                    [  5%]
tests/pdfs/cc/test_cc_012_244p.py ...                                    [  5%]
tests/pdfs/cc/test_cc_013_122p.py ...                                    [  5%]
tests/pdfs/cc/test_cc_014_176p.py ...                                    [  5%]
tests/pdfs/cc/test_cc_015_101p.py ...                                    [  5%]
tests/pdfs/cc/test_cc_016_159p.py ...                                    [  5%]
tests/pdfs/cc/test_cc_017_145p.py ...                                    [  5%]
tests/pdfs/cc/test_cc_018_167p.py ...                                    [  6%]
tests/pdfs/cc/test_cc_019_198p.py ...                                    [  6%]
tests/pdfs/cc/test_cc_020_103p.py ...                                    [  6%]
tests/pdfs/edge_cases/test_344775293.py sss                              [  6%]
tests/pdfs/edge_cases/test_363015187.py sss                              [  6%]
tests/pdfs/edge_cases/test_about_blank.py sss                            [  6%]
tests/pdfs/edge_cases/test_annot_javascript.py sss                       [  6%]
tests/pdfs/edge_cases/test_annotation_fileattachment.py sss              [  6%]
tests/pdfs/edge_cases/test_annotation_highlight_long_content.py ...      [  6%]
tests/pdfs/edge_cases/test_annotation_highlight_rollover_ap.py sss       [  6%]
tests/pdfs/edge_cases/test_annotation_highlight_square_with_ap.py ...    [  7%]
tests/pdfs/edge_cases/test_annotation_ink_multiple.py ...                [  7%]
tests/pdfs/edge_cases/test_annotation_markup_multiline_no_ap.py sss      [  7%]
tests/pdfs/edge_cases/test_annotation_stamp_with_ap.py ...               [  7%]
tests/pdfs/edge_cases/test_annotiter.py sss                              [  7%]
tests/pdfs/edge_cases/test_annots.py ...                                 [  7%]
tests/pdfs/edge_cases/test_annots_action_handling.py ...                 [  7%]
tests/pdfs/edge_cases/test_bad_annots_entry.py ...                       [  7%]
tests/pdfs/edge_cases/test_bad_dict_keys.py sss                          [  7%]
tests/pdfs/edge_cases/test_bad_page_type.py sss                          [  8%]
tests/pdfs/edge_cases/test_bigtable_mini.py ...                          [  8%]
tests/pdfs/edge_cases/test_black.py sss                                  [  8%]
tests/pdfs/edge_cases/test_bookmarks.py ...                              [  8%]
tests/pdfs/edge_cases/test_bookmarks_circular.py ...                     [  8%]
tests/pdfs/edge_cases/test_bug_1029.py ...                               [  8%]
tests/pdfs/edge_cases/test_bug_1055869.py sss                            [  8%]
tests/pdfs/edge_cases/test_bug_1058653.py sss                            [  8%]
tests/pdfs/edge_cases/test_bug_1124998.py sss                            [  8%]
tests/pdfs/edge_cases/test_bug_113.py sss                                [  8%]
tests/pdfs/edge_cases/test_bug_1139.py ...                               [  9%]
tests/pdfs/edge_cases/test_bug_1206.py sss                               [  9%]
tests/pdfs/edge_cases/test_bug_1229106.py sss                            [  9%]
tests/pdfs/edge_cases/test_bug_1265.py sss                               [  9%]
tests/pdfs/edge_cases/test_bug_1296920.py ...                            [  9%]
tests/pdfs/edge_cases/test_bug_1301.py sss                               [  9%]
tests/pdfs/edge_cases/test_bug_1302355.py sss                            [  9%]
tests/pdfs/edge_cases/test_bug_1302455.py sss                            [  9%]
tests/pdfs/edge_cases/test_bug_1324189.py sss                            [  9%]
tests/pdfs/edge_cases/test_bug_1324503.py sss                            [ 10%]
tests/pdfs/edge_cases/test_bug_1327884.py sss                            [ 10%]
tests/pdfs/edge_cases/test_bug_1328389.py sss                            [ 10%]
tests/pdfs/edge_cases/test_bug_1333298.py sss                            [ 10%]
tests/pdfs/edge_cases/test_bug_1388_2.py ...                             [ 10%]
tests/pdfs/edge_cases/test_bug_1396264.py sss                            [ 10%]
tests/pdfs/edge_cases/test_bug_1399.py sss                               [ 10%]
tests/pdfs/edge_cases/test_bug_1477093.py ...                            [ 10%]
tests/pdfs/edge_cases/test_bug_1506.py sss                               [ 10%]
tests/pdfs/edge_cases/test_bug_1549.py sss                               [ 10%]
tests/pdfs/edge_cases/test_bug_1558.py ...                               [ 11%]
tests/pdfs/edge_cases/test_bug_1574.py ...                               [ 11%]
tests/pdfs/edge_cases/test_bug_1591.py ...                               [ 11%]
tests/pdfs/edge_cases/test_bug_1646.py sss                               [ 11%]
tests/pdfs/edge_cases/test_bug_1658.py sss                               [ 11%]
tests/pdfs/edge_cases/test_bug_1768.py ...                               [ 11%]
tests/pdfs/edge_cases/test_bug_1769.py ...                               [ 11%]
tests/pdfs/edge_cases/test_bug_182.py ...                                [ 11%]
tests/pdfs/edge_cases/test_bug_1893.py ...                               [ 11%]
tests/pdfs/edge_cases/test_bug_1919.py ...                               [ 11%]
tests/pdfs/edge_cases/test_bug_2034.py sss                               [ 12%]
tests/pdfs/edge_cases/test_bug_213.py ...                                [ 12%]
tests/pdfs/edge_cases/test_bug_2132.py sss                               [ 12%]
tests/pdfs/edge_cases/test_bug_216.py sss                                [ 12%]
tests/pdfs/edge_cases/test_bug_298.py sss                                [ 12%]
tests/pdfs/edge_cases/test_bug_306123.py sss                             [ 12%]
tests/pdfs/edge_cases/test_bug_325_a.py sss                              [ 12%]
tests/pdfs/edge_cases/test_bug_325_b.py sss                              [ 12%]
tests/pdfs/edge_cases/test_bug_343.py sss                                [ 12%]
tests/pdfs/edge_cases/test_bug_343075986.py sss                          [ 13%]
tests/pdfs/edge_cases/test_bug_344.py sss                                [ 13%]
tests/pdfs/edge_cases/test_bug_355.py sss                                [ 13%]
tests/pdfs/edge_cases/test_bug_360.py sss                                [ 13%]
tests/pdfs/edge_cases/test_bug_378120423.py sss                          [ 13%]
tests/pdfs/edge_cases/test_bug_384770169.py ...                          [ 13%]
tests/pdfs/edge_cases/test_bug_399689604.py ...                          [ 13%]
tests/pdfs/edge_cases/test_bug_402562387.py ...                          [ 13%]
tests/pdfs/edge_cases/test_bug_420508260.py ...                          [ 13%]
tests/pdfs/edge_cases/test_bug_42270471.py sss                           [ 13%]
tests/pdfs/edge_cases/test_bug_42271133.py ...                           [ 14%]
tests/pdfs/edge_cases/test_bug_424613308.py sss                          [ 14%]
tests/pdfs/edge_cases/test_bug_425244539.py ...                          [ 14%]
tests/pdfs/edge_cases/test_bug_431824298.py ...                          [ 14%]
tests/pdfs/edge_cases/test_bug_451265.py sss                             [ 14%]
tests/pdfs/edge_cases/test_bug_451830.py sss                             [ 14%]
tests/pdfs/edge_cases/test_bug_452455.py sss                             [ 14%]
tests/pdfs/edge_cases/test_bug_454695.py sss                             [ 14%]
tests/pdfs/edge_cases/test_bug_455199.py ...                             [ 14%]
tests/pdfs/edge_cases/test_bug_459580.py ...                             [ 15%]
tests/pdfs/edge_cases/test_bug_481363.py sss                             [ 15%]
tests/pdfs/edge_cases/test_bug_487928.py sss                             [ 15%]
tests/pdfs/edge_cases/test_bug_507316.py sss                             [ 15%]
tests/pdfs/edge_cases/test_bug_544880.py sss                             [ 15%]
tests/pdfs/edge_cases/test_bug_547706.py ...                             [ 15%]
tests/pdfs/edge_cases/test_bug_551248.py sss                             [ 15%]
tests/pdfs/edge_cases/test_bug_551460.py sss                             [ 15%]
tests/pdfs/edge_cases/test_bug_552046.py sss                             [ 15%]
tests/pdfs/edge_cases/test_bug_555784.py sss                             [ 15%]
tests/pdfs/edge_cases/test_bug_57.py ...                                 [ 16%]
tests/pdfs/edge_cases/test_bug_572871.py sss                             [ 16%]
tests/pdfs/edge_cases/test_bug_583.py ...                                [ 16%]
tests/pdfs/edge_cases/test_bug_601362.py ...                             [ 16%]
tests/pdfs/edge_cases/test_bug_602650.py ...                             [ 16%]
tests/pdfs/edge_cases/test_bug_620428.py sss                             [ 16%]
tests/pdfs/edge_cases/test_bug_631912.py sss                             [ 16%]
tests/pdfs/edge_cases/test_bug_634394.py sss                             [ 16%]
tests/pdfs/edge_cases/test_bug_634716.py sss                             [ 16%]
tests/pdfs/edge_cases/test_bug_642.py ...                                [ 16%]
tests/pdfs/edge_cases/test_bug_644.py sss                                [ 17%]
tests/pdfs/edge_cases/test_bug_650.py ...                                [ 17%]
tests/pdfs/edge_cases/test_bug_664284.py ...                             [ 17%]
tests/pdfs/edge_cases/test_bug_674771.py sss                             [ 17%]
tests/pdfs/edge_cases/test_bug_679649.py sss                             [ 17%]
tests/pdfs/edge_cases/test_bug_680376.py ...                             [ 17%]
tests/pdfs/edge_cases/test_bug_707673.py ...                             [ 17%]
tests/pdfs/edge_cases/test_bug_709793.py sss                             [ 17%]
tests/pdfs/edge_cases/test_bug_713197.py sss                             [ 17%]
tests/pdfs/edge_cases/test_bug_717.py sss                                [ 18%]
tests/pdfs/edge_cases/test_bug_750568.py sss                             [ 18%]
tests/pdfs/edge_cases/test_bug_757705.py ...                             [ 18%]
tests/pdfs/edge_cases/test_bug_765384.py sss                             [ 18%]
tests/pdfs/edge_cases/test_bug_773229.py sss                             [ 18%]
tests/pdfs/edge_cases/test_bug_779.py sss                                [ 18%]
tests/pdfs/edge_cases/test_bug_781804.py ...                             [ 18%]
tests/pdfs/edge_cases/test_bug_782596.py ...                             [ 18%]
tests/pdfs/edge_cases/test_bug_821454.py sss                             [ 18%]
tests/pdfs/edge_cases/test_bug_828049.py sss                             [ 18%]
tests/pdfs/edge_cases/test_bug_861842.py sss                             [ 19%]
tests/pdfs/edge_cases/test_bug_889099.py ...                             [ 19%]
tests/pdfs/edge_cases/test_bug_890322.py sss                             [ 19%]
tests/pdfs/edge_cases/test_bug_896366.py sss                             [ 19%]
tests/pdfs/edge_cases/test_bug_900552.py ...                             [ 19%]
tests/pdfs/edge_cases/test_bug_901654.py ...                             [ 19%]
tests/pdfs/edge_cases/test_bug_901654_2.py ...                           [ 19%]
tests/pdfs/edge_cases/test_bug_905142.py sss                             [ 19%]
tests/pdfs/edge_cases/test_bug_921.py ...                                [ 19%]
tests/pdfs/edge_cases/test_bug_925981.py ...                             [ 20%]
tests/pdfs/edge_cases/test_bug_972518.py sss                             [ 20%]
tests/pdfs/edge_cases/test_bug_xrefv4_loop.py sss                        [ 20%]
tests/pdfs/edge_cases/test_calculate.py sss                              [ 20%]
tests/pdfs/edge_cases/test_circular_viewer_ref.py sss                    [ 20%]
tests/pdfs/edge_cases/test_click_form.py ...                             [ 20%]
tests/pdfs/edge_cases/test_clip_path.py sss                              [ 20%]
tests/pdfs/edge_cases/test_combobox_form.py ...                          [ 20%]
tests/pdfs/edge_cases/test_control_characters.py ...                     [ 20%]
tests/pdfs/edge_cases/test_cropped_no_overlap.py sss                     [ 20%]
tests/pdfs/edge_cases/test_cropped_text.py ...                           [ 21%]
tests/pdfs/edge_cases/test_dashed_lines.py sss                           [ 21%]
tests/pdfs/edge_cases/test_docmdp.py sss                                 [ 21%]
tests/pdfs/edge_cases/test_document_aactions.py sss                      [ 21%]
tests/pdfs/edge_cases/test_embedded_attachments.py ...                   [ 21%]
tests/pdfs/edge_cases/test_embedded_attachments_invalid_data.py sss      [ 21%]
tests/pdfs/edge_cases/test_embedded_attachments_invalid_types.py sss     [ 21%]
tests/pdfs/edge_cases/test_embedded_images.py ...                        [ 21%]
tests/pdfs/edge_cases/test_empty_xref.py ...                             [ 21%]
tests/pdfs/edge_cases/test_encrypted.py sss                              [ 21%]
tests/pdfs/edge_cases/test_encrypted_hello_world_r2.py sss               [ 22%]
tests/pdfs/edge_cases/test_encrypted_hello_world_r2_bad_okey.py sss      [ 22%]
tests/pdfs/edge_cases/test_encrypted_hello_world_r3.py sss               [ 22%]
tests/pdfs/edge_cases/test_encrypted_hello_world_r3_bad_okey.py sss      [ 22%]
tests/pdfs/edge_cases/test_encrypted_hello_world_r5.py sss               [ 22%]
tests/pdfs/edge_cases/test_encrypted_hello_world_r6.py sss               [ 22%]
tests/pdfs/edge_cases/test_feature_linearized_loading.py ...             [ 22%]
tests/pdfs/edge_cases/test_find_text_consecutive.py ...                  [ 22%]
tests/pdfs/edge_cases/test_font_matrix.py ...                            [ 22%]
tests/pdfs/edge_cases/test_font_weight.py ...                            [ 23%]
tests/pdfs/edge_cases/test_form_object.py ...                            [ 23%]
tests/pdfs/edge_cases/test_form_object_with_image.py sss                 [ 23%]
tests/pdfs/edge_cases/test_form_object_with_path.py sss                  [ 23%]
tests/pdfs/edge_cases/test_form_object_with_text.py ...                  [ 23%]
tests/pdfs/edge_cases/test_freetext_annotation_without_da.py sss         [ 23%]
tests/pdfs/edge_cases/test_get_page_aaction.py sss                       [ 23%]
tests/pdfs/edge_cases/test_goto_action.py sss                            [ 23%]
tests/pdfs/edge_cases/test_gotoe_action.py sss                           [ 23%]
tests/pdfs/edge_cases/test_hebrew_mirrored.py ...                        [ 23%]
tests/pdfs/edge_cases/test_hello_world.py ...                            [ 24%]
tests/pdfs/edge_cases/test_hello_world_2_pages.py ...                    [ 24%]
tests/pdfs/edge_cases/test_hello_world_compressed_stream.py ...          [ 24%]
tests/pdfs/edge_cases/test_hello_world_split_streams.py ...              [ 24%]
tests/pdfs/edge_cases/test_ink_annot.py sss                              [ 24%]
tests/pdfs/edge_cases/test_jpx_lzw.py sss                                [ 24%]
tests/pdfs/edge_cases/test_js.py sss                                     [ 24%]
tests/pdfs/edge_cases/test_latin_extended.py ...                         [ 24%]
tests/pdfs/edge_cases/test_launch_action.py sss                          [ 24%]
tests/pdfs/edge_cases/test_line_annot.py sss                             [ 25%]
tests/pdfs/edge_cases/test_linearized.py sss                             [ 25%]
tests/pdfs/edge_cases/test_linearized_bug_1055.py sss                    [ 25%]
tests/pdfs/edge_cases/test_links_highlights_annots.py ...                [ 25%]
tests/pdfs/edge_cases/test_listbox_form.py ...                           [ 25%]
tests/pdfs/edge_cases/test_many_rectangles.py sss                        [ 25%]
tests/pdfs/edge_cases/test_marked_content_id.py sss                      [ 25%]
tests/pdfs/edge_cases/test_matte.py sss                                  [ 25%]
tests/pdfs/edge_cases/test_multiple_form_types.py ...                    [ 25%]
tests/pdfs/edge_cases/test_multiple_graphics_states.py sss               [ 25%]
tests/pdfs/edge_cases/test_named_dests.py ...                            [ 26%]
tests/pdfs/edge_cases/test_named_dests_old_style.py F..                  [ 26%]
tests/pdfs/edge_cases/test_no_page_count.py ...                          [ 26%]
tests/pdfs/edge_cases/test_non_hex_file_id.py sss                        [ 26%]
tests/pdfs/edge_cases/test_nonesuch_action.py sss                        [ 26%]
tests/pdfs/edge_cases/test_page_labels.py sss                            [ 26%]
tests/pdfs/edge_cases/test_page_tree_empty_node.py sss                   [ 26%]
tests/pdfs/edge_cases/test_parser_rebuildxref_correct.py ...             [ 26%]
tests/pdfs/edge_cases/test_parser_rebuildxref_error_notrailer.py sss     [ 26%]
tests/pdfs/edge_cases/test_polygon_annot.py sss                          [ 26%]
tests/pdfs/edge_cases/test_rectangles.py sss                             [ 27%]
tests/pdfs/edge_cases/test_rectangles_double_flipped.py sss              [ 27%]
tests/pdfs/edge_cases/test_rectangles_multi_page_xfa.py sss              [ 27%]
tests/pdfs/edge_cases/test_rectangles_multi_pages.py sss                 [ 27%]
tests/pdfs/edge_cases/test_rectangles_object_zero.py sss                 [ 27%]
tests/pdfs/edge_cases/test_rectangles_with_leaky_ctm.py sss              [ 27%]
tests/pdfs/edge_cases/test_redact_annot.py sss                           [ 27%]
tests/pdfs/edge_cases/test_redirect.py sss                               [ 27%]
tests/pdfs/edge_cases/test_repeat_viewer_ref.py sss                      [ 27%]
tests/pdfs/edge_cases/test_rotated_image.py sss                          [ 28%]
tests/pdfs/edge_cases/test_rotated_text.py ...                           [ 28%]
tests/pdfs/edge_cases/test_rotated_text_90.py ...                        [ 28%]
tests/pdfs/edge_cases/test_signature_no_sub_filter.py sss                [ 28%]
tests/pdfs/edge_cases/test_signature_reason.py sss                       [ 28%]
tests/pdfs/edge_cases/test_simple_thumbnail.py sss                       [ 28%]
tests/pdfs/edge_cases/test_simple_xfa.py sss                             [ 28%]
tests/pdfs/edge_cases/test_split_streams.py ...                          [ 28%]
tests/pdfs/edge_cases/test_tagged_actual_text.py sss                     [ 28%]
tests/pdfs/edge_cases/test_tagged_alt_text.py sss                        [ 28%]
tests/pdfs/edge_cases/test_tagged_marked_content.py ...                  [ 29%]
tests/pdfs/edge_cases/test_tagged_mcr_multipage.py ...                   [ 29%]
tests/pdfs/edge_cases/test_tagged_mcr_objr.py ...                        [ 29%]
tests/pdfs/edge_cases/test_tagged_nested.py ...                          [ 29%]
tests/pdfs/edge_cases/test_tagged_table.py sss                           [ 29%]
tests/pdfs/edge_cases/test_tagged_table_bad_elem.py sss                  [ 29%]
tests/pdfs/edge_cases/test_tagged_table_bad_parent.py sss                [ 29%]
tests/pdfs/edge_cases/test_text_color.py ...                             [ 29%]
tests/pdfs/edge_cases/test_text_font.py ...                              [ 29%]
tests/pdfs/edge_cases/test_text_form.py ...                              [ 30%]
tests/pdfs/edge_cases/test_text_form_color.py sss                        [ 30%]
tests/pdfs/edge_cases/test_text_form_multiline.py ...                    [ 30%]
tests/pdfs/edge_cases/test_text_form_multiple.py ...                     [ 30%]
tests/pdfs/edge_cases/test_text_form_negative_fontsize.py ...            [ 30%]
tests/pdfs/edge_cases/test_text_in_page_marked.py ...                    [ 30%]
tests/pdfs/edge_cases/test_text_in_page_marked_indirect.py ...           [ 30%]
tests/pdfs/edge_cases/test_text_render_mode.py ...                       [ 30%]
tests/pdfs/edge_cases/test_thumbnail_with_empty_stream.py sss            [ 30%]
tests/pdfs/edge_cases/test_thumbnail_with_no_filters.py sss              [ 30%]
tests/pdfs/edge_cases/test_trailer_as_hexstring.py sss                   [ 31%]
tests/pdfs/edge_cases/test_trailer_end_trailing_space.py ...             [ 31%]
tests/pdfs/edge_cases/test_trailer_unterminated.py sss                   [ 31%]
tests/pdfs/edge_cases/test_two_signatures.py sss                         [ 31%]
tests/pdfs/edge_cases/test_unsupported_feature.py sss                    [ 31%]
tests/pdfs/edge_cases/test_uri_action.py sss                             [ 31%]
tests/pdfs/edge_cases/test_uri_action_nonascii.py sss                    [ 31%]
tests/pdfs/edge_cases/test_use_outlines.py ...                           [ 31%]
tests/pdfs/edge_cases/test_utf_8.py sss                                  [ 31%]
tests/pdfs/edge_cases/test_version_in_catalog.py sss                     [ 31%]
tests/pdfs/edge_cases/test_vertical_text.py ...                          [ 32%]
tests/pdfs/edge_cases/test_viewer_pref_types.py sss                      [ 32%]
tests/pdfs/edge_cases/test_viewer_ref.py ...                             [ 32%]
tests/pdfs/edge_cases/test_weblinks.py ...                               [ 32%]
tests/pdfs/edge_cases/test_weblinks_across_lines.py ...                  [ 32%]
tests/pdfs/edge_cases/test_zero_length_stream.py ...                     [ 32%]
tests/pdfs/edinet/test_edinet_2025_06_23_1701_E04341_Konoike_Transport_CoLtd.py . [ 32%]
..                                                                       [ 32%]
tests/pdfs/edinet/test_edinet_2025_06_24_0930_E03557_The_Chiba_Kogyo_Bank_Ltd.py . [ 32%]
..                                                                       [ 32%]
tests/pdfs/edinet/test_edinet_2025_06_24_1124_E05556_Saint_Marc_Holdings_CoLtd.py . [ 32%]
..                                                                       [ 32%]
tests/pdfs/edinet/test_edinet_2025_06_24_1136_E01606_Not_Registered_in_English.py . [ 32%]
..                                                                       [ 33%]
tests/pdfs/edinet/test_edinet_2025_06_24_1316_E33834_Shinwa_Co_Ltd.py .. [ 33%]
.                                                                        [ 33%]
tests/pdfs/edinet/test_edinet_2025_06_24_1318_E01920_Makita_Corporation.py . [ 33%]
..                                                                       [ 33%]
tests/pdfs/edinet/test_edinet_2025_06_24_1548_E01914_Not_Registered_in_English.py . [ 33%]
..                                                                       [ 33%]
tests/pdfs/edinet/test_edinet_2025_06_25_1027_E01750_DAIHEN_CORPORATION.py . [ 33%]
..                                                                       [ 33%]
tests/pdfs/edinet/test_edinet_2025_06_25_1357_E01684_SEIKO_CORPORATION.py . [ 33%]
..                                                                       [ 33%]
tests/pdfs/edinet/test_edinet_2025_06_25_1433_E01754_KAWADEN_CORPORATION.py . [ 33%]
..                                                                       [ 33%]
tests/pdfs/edinet/test_edinet_2025_06_25_1507_E01402_SUNCALL_CORPORATION.py . [ 33%]
..                                                                       [ 33%]
tests/pdfs/edinet/test_edinet_2025_06_25_1513_E01172_Not_Registered_in_English.py . [ 33%]
..                                                                       [ 33%]
tests/pdfs/edinet/test_edinet_2025_06_25_1557_E05670_HIKARI_HEIGHTS_VARUS_COLTD.py . [ 33%]
..                                                                       [ 33%]
tests/pdfs/edinet/test_edinet_2025_06_25_1608_E02628_KIMURATAN_CORPORATION.py . [ 34%]
..                                                                       [ 34%]
tests/pdfs/edinet/test_edinet_2025_06_25_1634_E03116_AOKI_Holdings_Inc.py . [ 34%]
..                                                                       [ 34%]
tests/pdfs/edinet/test_edinet_2025_06_26_0909_E00982_LTT_Bio_Pharma_Co_Ltd.py . [ 34%]
..                                                                       [ 34%]
tests/pdfs/edinet/test_edinet_2025_06_26_0914_E01057_SOFT99corporation.py . [ 34%]
..                                                                       [ 34%]
tests/pdfs/edinet/test_edinet_2025_06_26_1029_E02363_Not_Registered_in_English.py . [ 34%]
..                                                                       [ 34%]
tests/pdfs/edinet/test_edinet_2025_06_26_1345_E01202_Yoshicon_CoLtd.py . [ 34%]
..                                                                       [ 34%]
tests/pdfs/edinet/test_edinet_2025_06_26_1432_E35562_NexTone_Inc.py ...  [ 34%]
tests/pdfs/edinet/test_edinet_2025_06_26_1500_E01974_NKK_SWITCHESCOLTD.py . [ 34%]
..                                                                       [ 34%]
tests/pdfs/edinet/test_edinet_2025_06_26_1530_E04503_Hokuriku_Electric_Power_Compan.py . [ 34%]
..                                                                       [ 34%]
tests/pdfs/edinet/test_edinet_2025_06_26_1544_E05657_HIP_CORPORATION.py . [ 34%]
..                                                                       [ 35%]
tests/pdfs/edinet/test_edinet_2025_06_26_1610_E27506_JSS_CORPORATION.py . [ 35%]
..                                                                       [ 35%]
tests/pdfs/edinet/test_edinet_2025_06_26_1621_E00777_NIPPON_CARBIDE_INDUSTRIES_COIN.py . [ 35%]
..                                                                       [ 35%]
tests/pdfs/edinet/test_edinet_2025_06_26_1713_E00771_OSAKA_SODA_COLTD.py . [ 35%]
..                                                                       [ 35%]
tests/pdfs/edinet/test_edinet_2025_06_27_1005_E02554_HANWA_COLTD.py ...  [ 35%]
tests/pdfs/edinet/test_edinet_2025_06_27_1051_E01956_KONAMI_GROUP_CORPORATION.py . [ 35%]
..                                                                       [ 35%]
tests/pdfs/edinet/test_edinet_2025_06_27_1235_E03346_PLATHOME_COLTD.py . [ 35%]
..                                                                       [ 35%]
tests/pdfs/edinet/test_edinet_2025_06_27_1249_E23224_Not_Registered_in_English.py . [ 35%]
..                                                                       [ 35%]
tests/pdfs/edinet/test_edinet_2025_06_27_1330_E02927_TAKACHIHO_KOHEKI_COLTD.py . [ 35%]
..                                                                       [ 35%]
tests/pdfs/edinet/test_edinet_2025_06_27_1402_E02266_TOKYO_KEIKI_INC.py . [ 35%]
..                                                                       [ 35%]
tests/pdfs/edinet/test_edinet_2025_06_27_1637_E01916_The_Lead_Co_Inc.py . [ 35%]
..                                                                       [ 36%]
tests/pdfs/edinet/test_edinet_2025_06_30_1238_E39104_Not_Registered_in_English.py . [ 36%]
..                                                                       [ 36%]
tests/pdfs/edinet/test_edinet_2025_06_30_1401_E04502_Chubu_Electric_Power_CompanyIn.py . [ 36%]
..                                                                       [ 36%]
tests/pdfs/edinet/test_edinet_2025_07_11_1533_E04884_KYOWA_ENGINEERING_CONSULTANTS.py . [ 36%]
..                                                                       [ 36%]
tests/pdfs/edinet/test_edinet_2025_07_14_0931_E01524_TSUDAKOMA_Corp.py . [ 36%]
..                                                                       [ 36%]
tests/pdfs/edinet/test_edinet_2025_07_31_1506_E05218_Not_Registered_in_English.py . [ 36%]
..                                                                       [ 36%]
tests/pdfs/edinet/test_edinet_2025_08_04_1341_E05147_DENTSU_SOKEN_INC.py . [ 36%]
..                                                                       [ 36%]
tests/pdfs/edinet/test_edinet_2025_08_07_0913_E02257_SHIMANO_INC.py ...  [ 36%]
tests/pdfs/edinet/test_edinet_2025_08_08_1325_E35294_TECHNOFLEX_CORPORATION.py . [ 36%]
..                                                                       [ 36%]
tests/pdfs/edinet/test_edinet_2025_08_08_1417_E21258_YAMABIKO_CORPORATION.py . [ 36%]
..                                                                       [ 36%]
tests/pdfs/edinet/test_edinet_2025_08_08_1452_E05457_FISCO_Ltd.py ...    [ 37%]
tests/pdfs/edinet/test_edinet_2025_08_08_1545_E02331_NAKANISHI_INC.py .. [ 37%]
.                                                                        [ 37%]
tests/pdfs/edinet/test_edinet_2025_08_08_1548_E01205_KURAMOTO_COLTD.py . [ 37%]
..                                                                       [ 37%]
tests/pdfs/edinet/test_edinet_2025_08_08_1603_E03724_J_Trust_CoLtd.py .. [ 37%]
.                                                                        [ 37%]
tests/pdfs/edinet/test_edinet_2025_08_13_1607_E36174_Cacco_Inc.py ...    [ 37%]
tests/pdfs/edinet/test_edinet_2025_08_26_1600_E26831_Sankyo_TateyamaInc.py . [ 37%]
..                                                                       [ 37%]
tests/pdfs/edinet/test_edinet_2025_08_28_1538_E04064_PROPERST_COLTD.py . [ 37%]
..                                                                       [ 37%]
tests/pdfs/edinet/test_edinet_2025_09_11_1535_E02960_SHINTO_Holdings_Inc.py . [ 37%]
..                                                                       [ 37%]
tests/pdfs/japanese/test_japanese_001.py ...                             [ 37%]
tests/pdfs/japanese/test_japanese_002.py ...                             [ 38%]
tests/pdfs/japanese/test_japanese_003.py ...                             [ 38%]
tests/pdfs/japanese/test_japanese_004.py ...                             [ 38%]
tests/pdfs/japanese/test_japanese_005.py ...                             [ 38%]
tests/pdfs/japanese/test_japanese_006.py ...                             [ 38%]
tests/pdfs/japanese/test_japanese_007.py ...                             [ 38%]
tests/pdfs/japanese/test_japanese_008.py ...                             [ 38%]
tests/pdfs/japanese/test_japanese_009.py ...                             [ 38%]
tests/pdfs/japanese/test_japanese_010.py ...                             [ 38%]
tests/pdfs/japanese/test_japanese_011.py ...                             [ 38%]
tests/pdfs/japanese/test_japanese_012.py ...                             [ 39%]
tests/pdfs/japanese/test_japanese_013.py ...                             [ 39%]
tests/pdfs/japanese/test_japanese_014.py ...                             [ 39%]
tests/pdfs/japanese/test_japanese_015.py ...                             [ 39%]
tests/pdfs/pages/test_0100pages_7FKQLKX273JBHXAAW5XDRT27JGMIZMCI.py ...  [ 39%]
tests/pdfs/pages/test_0106pages_IYAFRX3M262EGRMQJHT7MCODUP5ZGYRW.py ...  [ 39%]
tests/pdfs/pages/test_0109pages_NRCGAGBLTXTXEKXNLQ4L4NFA6ZQPCWE5.py ...  [ 39%]
tests/pdfs/pages/test_0124pages_HXTX4CFAYHW5LKUFDCEHIITIMEYCJ7MW.py ...  [ 39%]
tests/pdfs/pages/test_0130pages_ZJJJ6P4UAGH7LKLACPT5P437FB5F3MYF.py ...  [ 39%]
tests/pdfs/pages/test_0134pages_LYZMN7YTFC6ULBL6TP4WQQRK356GB36T.py ...  [ 40%]
tests/pdfs/pages/test_0150pages_44LQBJ56XNS2C6VVWKOP2YUNKCODKTEA.py ...  [ 40%]
tests/pdfs/pages/test_0159pages_5XPIPZJEUIFPFOXGLU26NFQSU4GSJMF3.py ...  [ 40%]
tests/pdfs/pages/test_0169pages_CLEQSRWNHVWUAHLTNGPYHMYOWEC4JR6S.py ...  [ 40%]
tests/pdfs/pages/test_0171pages_USTMTDJBOQ327J2XVWE76TPUOKIBJ4S5.py ...  [ 40%]
tests/pdfs/pages/test_0172pages_DNJIAKOPLDZDQCXT2PDA6V6DGL2MQL2H.py ...  [ 40%]
tests/pdfs/pages/test_0192pages_C46Z2Q4AMEZJVTRV2XO434YLMVHCB46O.py ...  [ 40%]
tests/pdfs/pages/test_0192pages_ULFRJCOWYIDOOTY7KWUPC6NU7UTTCLSO.py ...  [ 40%]
tests/pdfs/pages/test_0193pages_CADINJMTO23ZTKPBNZ6TUOQT4BFPZC2C.py ...  [ 40%]
tests/pdfs/pages/test_0201pages_RYDFB4ZZNNBE6LLDSY4CFGWQQ7U3KSAA.py ...  [ 40%]
tests/pdfs/pages/test_0214pages_BZK65P6W74FNMD4O3A24LH3F2XLFH7V2.py ...  [ 41%]
tests/pdfs/pages/test_0215pages_UAU4SPHOQHADJRFKILFDYETBGB6HXYU2.py ...  [ 41%]
tests/pdfs/pages/test_0255pages_OKRV2XLZ2UGGRCBKHS3I5DA5TNLNVHWC.py ...  [ 41%]
tests/pdfs/pages/test_0277pages_YCOBKTA46F7XEOWT4LS3BCPGDOMQSBWF.py ...  [ 41%]
tests/pdfs/pages/test_0291pages_RGLWPWLY4JE6RPNCCHQ3LQWDFLPBGHXQ.py ...  [ 41%]
tests/pdfs/pages/test_0309pages_7LD3RVJDZGTXF53CDLCI67YPWZQ5POOA.py ...  [ 41%]
tests/pdfs/pages/test_0313pages_7DLRSEXVIADBZZUN4IJIACW5T23YBH7H.py ...  [ 41%]
tests/pdfs/pages/test_0496pages_E3474JUEVRWQ3P2J2I3XBFKMMVZLLKWZ.py ...  [ 41%]
tests/pdfs/pages/test_0569pages_QXQ2QSHOPBTSXLDGKKM4TYMR4R7QODHB.py ...  [ 41%]
tests/pdfs/pages/test_0821pages_LUNFJFH4KWZ3ZFNRO43WSMZPLM4OLB7C.py ...  [ 41%]
tests/pdfs/pages/test_1931pages_7ZNNFJGHOEFFP6I4OARCZGH3GPPDNDXC.py ...  [ 42%]
tests/pdfs/pages/test_hello_world_2_pages_custom_object.py ...           [ 42%]
tests/pdfs/pages/test_hello_world_2_pages_shared_resources_dict.py ...   [ 42%]
tests/pdfs/pages/test_hello_world_2_pages_split_streams.py ...           [ 42%]
tests/pdfs/web/test_web_001.py ...                                       [ 42%]
tests/pdfs/web/test_web_002.py ...                                       [ 42%]
tests/pdfs/web/test_web_003.py ...                                       [ 42%]
tests/pdfs/web/test_web_004.py sss                                       [ 42%]
tests/pdfs/web/test_web_005.py ...                                       [ 42%]
tests/pdfs/web/test_web_006.py ...                                       [ 43%]
tests/pdfs/web/test_web_007.py ...                                       [ 43%]
tests/pdfs/web/test_web_008.py ...                                       [ 43%]
tests/pdfs/web/test_web_009.py ...                                       [ 43%]
tests/pdfs/web/test_web_010.py ...                                       [ 43%]
tests/pdfs/web/test_web_011.py ...                                       [ 43%]
tests/pdfs/web/test_web_012.py ...                                       [ 43%]
tests/pdfs/web/test_web_013.py ...                                       [ 43%]
tests/pdfs/web/test_web_014.py ...                                       [ 43%]
tests/pdfs/web/test_web_015.py ...                                       [ 43%]
tests/pdfs/web/test_web_016.py ...                                       [ 44%]
tests/pdfs/web/test_web_017.py ...                                       [ 44%]
tests/pdfs/web/test_web_018.py ...                                       [ 44%]
tests/pdfs/web/test_web_019.py ...                                       [ 44%]
tests/pdfs/web/test_web_020.py ...                                       [ 44%]
tests/pdfs/web/test_web_021.py sss                                       [ 44%]
tests/pdfs/web/test_web_022.py ...                                       [ 44%]
tests/pdfs/web/test_web_023.py ...                                       [ 44%]
tests/pdfs/web/test_web_024.py ...                                       [ 44%]
tests/pdfs/web/test_web_025.py ...                                       [ 45%]
tests/pdfs/web/test_web_026.py ...                                       [ 45%]
tests/pdfs/web/test_web_027.py ...                                       [ 45%]
tests/pdfs/web/test_web_028.py ...                                       [ 45%]
tests/pdfs/web/test_web_029.py ...                                       [ 45%]
tests/pdfs/web/test_web_030.py ...                                       [ 45%]
tests/pdfs/web/test_web_031.py sss                                       [ 45%]
tests/pdfs/web/test_web_032.py ...                                       [ 45%]
tests/pdfs/web/test_web_033.py sss                                       [ 45%]
tests/pdfs/web/test_web_034.py ...                                       [ 45%]
tests/pdfs/web/test_web_035.py ...                                       [ 46%]
tests/pdfs/web/test_web_036.py ...                                       [ 46%]
tests/pdfs/web/test_web_037.py ...                                       [ 46%]
tests/pdfs/web/test_web_038.py ...                                       [ 46%]
tests/pdfs/web/test_web_039.py ...                                       [ 46%]
tests/pdfs/web/test_web_040.py ...                                       [ 46%]
tests/pdfs/web/test_web_041.py ...                                       [ 46%]
tests/pdfs/web/test_web_042.py sss                                       [ 46%]
tests/pdfs/web/test_web_043.py ...                                       [ 46%]
tests/pdfs/web/test_web_044.py ...                                       [ 46%]
tests/pdfs/web/test_web_045.py ...                                       [ 47%]
tests/test_000_infrastructure.py ....................................... [ 48%]
........................................................................ [ 50%]
........................................................................ [ 53%]
........................................................................ [ 55%]
........................................................................ [ 58%]
sssssssssssssssssssssssssssssssssss..................................... [ 60%]
........................                                                 [ 61%]
tests/test_001_smoke.py ........................................         [ 63%]
tests/test_001_smoke_edge_cases.py ....................                  [ 63%]
tests/test_002_text_correctness.py ..................................... [ 65%]
.......................                                                  [ 65%]
tests/test_003_extended_corpus.py ...................................... [ 67%]
........................................................................ [ 69%]
........................................................................ [ 72%]
..............                                                           [ 72%]
tests/test_004_edge_cases.py ........................................... [ 74%]
........................................................................ [ 76%]
........................................................................ [ 79%]
........................................................................ [ 81%]
........................................................................ [ 84%]
...x.................................................................... [ 86%]
........................................................................ [ 89%]
.....................................                                    [ 90%]
tests/test_005_image_correctness.py .......................sss.......... [ 91%]
.............................ss......................................... [ 94%]
..........s............................................................. [ 96%]
................                                                         [ 97%]
tests/test_006_determinism.py .....sssss                                 [ 97%]
tests/test_007_performance.py ......                                     [ 97%]
tests/test_008_scaling.py ......                                         [ 98%]
tests/test_009_multiprocess_benchmark.py .s                              [ 98%]
tests/test_010_smart_scanned_pdf.py ..........                           [ 98%]
tests/test_011_threading_regression.py .........                         [ 98%]
tests/test_013_interface_benchmarks.py ........sssss...........sssss.F.F [100%]
======================================================================
ðŸ“Š Telemetry logged to: /Users/ayates/pdfium_fast/integration_tests/telemetry/runs.csv
ðŸ“Š Total runs logged: 25801
ðŸ“Š Session ID: sess_20251112_194735_01a449ad
======================================================================



=================================== FAILURES ===================================
__________________ test_text_extraction_named_dests_old_style __________________
tests/pdfs/edge_cases/test_named_dests_old_style.py:115: in test_text_extraction_named_dests_old_style
    assert actual_text == expected_text, f"Text mismatch for {PDF_NAME}"
E   AssertionError: Text mismatch for named_dests_old_style.pdf
E   assert b'\xff\xfe\x0...1\x00\x00\x00' == b'\xff\xfe\x0...f\xfe\x00\x00'
E     
E     Use -v to get more diff
_____________ test_image_scaling_analysis[cc_004_291p_291p_mixed] ______________
tests/test_013_interface_benchmarks.py:355: in test_image_scaling_analysis
    pages, duration = pytest.render_parallel(pdf_path, workers, optimized_lib, render_tool)
conftest.py:538: in render_parallel
    result = subprocess.run(
/Applications/Xcode.app/Contents/Developer/Library/Frameworks/Python3.framework/Versions/3.9/lib/python3.9/subprocess.py:507: in run
    stdout, stderr = process.communicate(input, timeout=timeout)
/Applications/Xcode.app/Contents/Developer/Library/Frameworks/Python3.framework/Versions/3.9/lib/python3.9/subprocess.py:1134: in communicate
    stdout, stderr = self._communicate(input, endtime, timeout)
/Applications/Xcode.app/Contents/Developer/Library/Frameworks/Python3.framework/Versions/3.9/lib/python3.9/subprocess.py:1979: in _communicate
    ready = selector.select(timeout)
/Applications/Xcode.app/Contents/Developer/Library/Frameworks/Python3.framework/Versions/3.9/lib/python3.9/selectors.py:416: in select
    fd_event_list = self._selector.poll(timeout)
E   Failed: Timeout (>300.0s) from pytest-timeout.
----------------------------- Captured stdout call -----------------------------
  1w: 1.7 pps (176.01s) - 1.00x speedup
  2w: 3.1 pps (92.62s) - 1.90x speedup
_______________________ test_pdf_type_variation_analysis _______________________
tests/test_013_interface_benchmarks.py:470: in test_pdf_type_variation_analysis
    pages_4w, dur_img_4w = pytest.render_parallel(pdf_path, 4, optimized_lib, render_tool)
conftest.py:538: in render_parallel
    result = subprocess.run(
/Applications/Xcode.app/Contents/Developer/Library/Frameworks/Python3.framework/Versions/3.9/lib/python3.9/subprocess.py:507: in run
    stdout, stderr = process.communicate(input, timeout=timeout)
/Applications/Xcode.app/Contents/Developer/Library/Frameworks/Python3.framework/Versions/3.9/lib/python3.9/subprocess.py:1134: in communicate
    stdout, stderr = self._communicate(input, endtime, timeout)
/Applications/Xcode.app/Contents/Developer/Library/Frameworks/Python3.framework/Versions/3.9/lib/python3.9/subprocess.py:1979: in _communicate
    ready = selector.select(timeout)
/Applications/Xcode.app/Contents/Developer/Library/Frameworks/Python3.framework/Versions/3.9/lib/python3.9/selectors.py:416: in select
    fd_event_list = self._selector.poll(timeout)
E   Failed: Timeout (>300.0s) from pytest-timeout.
----------------------------- Captured stdout call -----------------------------
  text_heavy      cc_012_244p.pdf                Text: 2.48x  Image: 3.64x
=========================== short test summary info ============================
SKIPPED [1] tests/pdfs/cc/test_cc_005_172p.py:143: JSONL not generated for this PDF
SKIPPED [1] tests/pdfs/edge_cases/test_344775293.py:85: PDF has 0 pages (no text to extract)
SKIPPED [1] tests/pdfs/edge_cases/test_344775293.py:139: JSONL not generated for this PDF
SKIPPED [1] tests/pdfs/edge_cases/test_344775293.py:215: PDF has 0 pages (no images to render)
SKIPPED [1] tests/pdfs/edge_cases/test_363015187.py:85: PDF has 0 pages (no text to extract)
SKIPPED [1] tests/pdfs/edge_cases/test_363015187.py:139: JSONL not generated for this PDF
SKIPPED [1] tests/pdfs/edge_cases/test_363015187.py:215: PDF has 0 pages (no images to render)
SKIPPED [1] tests/pdfs/edge_cases/test_about_blank.py:85: PDF has 0 pages (no text to extract)
SKIPPED [1] tests/pdfs/edge_cases/test_about_blank.py:139: JSONL not generated for this PDF
SKIPPED [1] tests/pdfs/edge_cases/test_about_blank.py:215: PDF has 0 pages (no images to render)
SKIPPED [1] tests/pdfs/edge_cases/test_annot_javascript.py:85: PDF has 0 pages (no text to extract)
SKIPPED [1] tests/pdfs/edge_cases/test_annot_javascript.py:139: JSONL not generated for this PDF
SKIPPED [1] tests/pdfs/edge_cases/test_annot_javascript.py:215: PDF has 0 pages (no images to render)
SKIPPED [1] tests/pdfs/edge_cases/test_annotation_fileattachment.py:85: PDF has 0 pages (no text to extract)
SKIPPED [1] tests/pdfs/edge_cases/test_annotation_fileattachment.py:139: JSONL not generated for this PDF
SKIPPED [1] tests/pdfs/edge_cases/test_annotation_fileattachment.py:215: PDF has 0 pages (no images to render)
SKIPPED [1] tests/pdfs/edge_cases/test_annotation_highlight_rollover_ap.py:85: PDF has 0 pages (no text to extract)
SKIPPED [1] tests/pdfs/edge_cases/test_annotation_highlight_rollover_ap.py:139: JSONL not generated for this PDF
SKIPPED [1] tests/pdfs/edge_cases/test_annotation_highlight_rollover_ap.py:215: PDF has 0 pages (no images to render)
SKIPPED [1] tests/pdfs/edge_cases/test_annotation_markup_multiline_no_ap.py:85: PDF has 0 pages (no text to extract)
SKIPPED [1] tests/pdfs/edge_cases/test_annotation_markup_multiline_no_ap.py:139: JSONL not generated for this PDF
SKIPPED [1] tests/pdfs/edge_cases/test_annotation_markup_multiline_no_ap.py:215: PDF has 0 pages (no images to render)
SKIPPED [1] tests/pdfs/edge_cases/test_annotiter.py:85: PDF has 0 pages (no text to extract)
SKIPPED [1] tests/pdfs/edge_cases/test_annotiter.py:139: JSONL not generated for this PDF
SKIPPED [1] tests/pdfs/edge_cases/test_annotiter.py:215: PDF has 0 pages (no images to render)
SKIPPED [1] tests/pdfs/edge_cases/test_bad_dict_keys.py:85: PDF has 0 pages (no text to extract)
SKIPPED [1] tests/pdfs/edge_cases/test_bad_dict_keys.py:139: JSONL not generated for this PDF
SKIPPED [1] tests/pdfs/edge_cases/test_bad_dict_keys.py:215: PDF has 0 pages (no images to render)
SKIPPED [1] tests/pdfs/edge_cases/test_bad_page_type.py:85: PDF has 0 pages (no text to extract)
SKIPPED [1] tests/pdfs/edge_cases/test_bad_page_type.py:139: JSONL not generated for this PDF
SKIPPED [1] tests/pdfs/edge_cases/test_bad_page_type.py:215: PDF has 0 pages (no images to render)
SKIPPED [1] tests/pdfs/edge_cases/test_black.py:85: PDF has 0 pages (no text to extract)
SKIPPED [1] tests/pdfs/edge_cases/test_black.py:139: JSONL not generated for this PDF
SKIPPED [1] tests/pdfs/edge_cases/test_black.py:215: PDF has 0 pages (no images to render)
SKIPPED [1] tests/pdfs/edge_cases/test_bug_1055869.py:85: PDF has 0 pages (no text to extract)
SKIPPED [1] tests/pdfs/edge_cases/test_bug_1055869.py:139: JSONL not generated for this PDF
SKIPPED [1] tests/pdfs/edge_cases/test_bug_1055869.py:215: PDF has 0 pages (no images to render)
SKIPPED [1] tests/pdfs/edge_cases/test_bug_1058653.py:85: PDF has 0 pages (no text to extract)
SKIPPED [1] tests/pdfs/edge_cases/test_bug_1058653.py:139: JSONL not generated for this PDF
SKIPPED [1] tests/pdfs/edge_cases/test_bug_1058653.py:215: PDF has 0 pages (no images to render)
SKIPPED [1] tests/pdfs/edge_cases/test_bug_1124998.py:81: PDF expected to fail loading (graceful_failure)
SKIPPED [1] tests/pdfs/edge_cases/test_bug_1124998.py:135: PDF expected to fail loading (graceful_failure)
SKIPPED [1] tests/pdfs/edge_cases/test_bug_1124998.py:211: PDF expected to fail loading (graceful_failure)
SKIPPED [1] tests/pdfs/edge_cases/test_bug_113.py:85: PDF has 0 pages (no text to extract)
SKIPPED [1] tests/pdfs/edge_cases/test_bug_113.py:139: JSONL not generated for this PDF
SKIPPED [1] tests/pdfs/edge_cases/test_bug_113.py:215: PDF has 0 pages (no images to render)
SKIPPED [1] tests/pdfs/edge_cases/test_bug_1206.py:85: PDF has 0 pages (no text to extract)
SKIPPED [1] tests/pdfs/edge_cases/test_bug_1206.py:139: JSONL not generated for this PDF
SKIPPED [1] tests/pdfs/edge_cases/test_bug_1206.py:215: PDF has 0 pages (no images to render)
SKIPPED [1] tests/pdfs/edge_cases/test_bug_1229106.py:85: PDF has 0 pages (no text to extract)
SKIPPED [1] tests/pdfs/edge_cases/test_bug_1229106.py:139: JSONL not generated for this PDF
SKIPPED [1] tests/pdfs/edge_cases/test_bug_1229106.py:215: PDF has 0 pages (no images to render)
SKIPPED [1] tests/pdfs/edge_cases/test_bug_1265.py:85: PDF has 0 pages (no text to extract)
SKIPPED [1] tests/pdfs/edge_cases/test_bug_1265.py:139: JSONL not generated for this PDF
SKIPPED [1] tests/pdfs/edge_cases/test_bug_1265.py:215: PDF has 0 pages (no images to render)
SKIPPED [1] tests/pdfs/edge_cases/test_bug_1301.py:85: PDF has 0 pages (no text to extract)
SKIPPED [1] tests/pdfs/edge_cases/test_bug_1301.py:139: JSONL not generated for this PDF
SKIPPED [1] tests/pdfs/edge_cases/test_bug_1301.py:215: PDF has 0 pages (no images to render)
SKIPPED [1] tests/pdfs/edge_cases/test_bug_1302355.py:85: PDF has 0 pages (no text to extract)
SKIPPED [1] tests/pdfs/edge_cases/test_bug_1302355.py:139: JSONL not generated for this PDF
SKIPPED [1] tests/pdfs/edge_cases/test_bug_1302355.py:215: PDF has 0 pages (no images to render)
SKIPPED [1] tests/pdfs/edge_cases/test_bug_1302455.py:85: PDF has 0 pages (no text to extract)
SKIPPED [1] tests/pdfs/edge_cases/test_bug_1302455.py:139: JSONL not generated for this PDF
SKIPPED [1] tests/pdfs/edge_cases/test_bug_1302455.py:215: PDF has 0 pages (no images to render)
SKIPPED [1] tests/pdfs/edge_cases/test_bug_1324189.py:81: PDF expected to fail loading (graceful_failure)
SKIPPED [1] tests/pdfs/edge_cases/test_bug_1324189.py:135: PDF expected to fail loading (graceful_failure)
SKIPPED [1] tests/pdfs/edge_cases/test_bug_1324189.py:211: PDF expected to fail loading (graceful_failure)
SKIPPED [1] tests/pdfs/edge_cases/test_bug_1324503.py:81: PDF expected to fail loading (graceful_failure)
SKIPPED [1] tests/pdfs/edge_cases/test_bug_1324503.py:135: PDF expected to fail loading (graceful_failure)
SKIPPED [1] tests/pdfs/edge_cases/test_bug_1324503.py:211: PDF expected to fail loading (graceful_failure)
SKIPPED [1] tests/pdfs/edge_cases/test_bug_1327884.py:85: PDF has 0 pages (no text to extract)
SKIPPED [1] tests/pdfs/edge_cases/test_bug_1327884.py:139: JSONL not generated for this PDF
SKIPPED [1] tests/pdfs/edge_cases/test_bug_1327884.py:215: PDF has 0 pages (no images to render)
SKIPPED [1] tests/pdfs/edge_cases/test_bug_1328389.py:85: PDF has 0 pages (no text to extract)
SKIPPED [1] tests/pdfs/edge_cases/test_bug_1328389.py:139: JSONL not generated for this PDF
SKIPPED [1] tests/pdfs/edge_cases/test_bug_1328389.py:215: PDF has 0 pages (no images to render)
SKIPPED [1] tests/pdfs/edge_cases/test_bug_1333298.py:85: PDF has 0 pages (no text to extract)
SKIPPED [1] tests/pdfs/edge_cases/test_bug_1333298.py:139: JSONL not generated for this PDF
SKIPPED [1] tests/pdfs/edge_cases/test_bug_1333298.py:215: PDF has 0 pages (no images to render)
SKIPPED [1] tests/pdfs/edge_cases/test_bug_1396264.py:85: PDF has 0 pages (no text to extract)
SKIPPED [1] tests/pdfs/edge_cases/test_bug_1396264.py:139: JSONL not generated for this PDF
SKIPPED [1] tests/pdfs/edge_cases/test_bug_1396264.py:215: PDF has 0 pages (no images to render)
SKIPPED [1] tests/pdfs/edge_cases/test_bug_1399.py:85: PDF has 0 pages (no text to extract)
SKIPPED [1] tests/pdfs/edge_cases/test_bug_1399.py:139: JSONL not generated for this PDF
SKIPPED [1] tests/pdfs/edge_cases/test_bug_1399.py:215: PDF has 0 pages (no images to render)
SKIPPED [1] tests/pdfs/edge_cases/test_bug_1506.py:85: PDF has 0 pages (no text to extract)
SKIPPED [1] tests/pdfs/edge_cases/test_bug_1506.py:139: JSONL not generated for this PDF
SKIPPED [1] tests/pdfs/edge_cases/test_bug_1506.py:215: PDF has 0 pages (no images to render)
SKIPPED [1] tests/pdfs/edge_cases/test_bug_1549.py:85: PDF has 0 pages (no text to extract)
SKIPPED [1] tests/pdfs/edge_cases/test_bug_1549.py:139: JSONL not generated for this PDF
SKIPPED [1] tests/pdfs/edge_cases/test_bug_1549.py:215: PDF has 0 pages (no images to render)
SKIPPED [1] tests/pdfs/edge_cases/test_bug_1646.py:85: PDF has 0 pages (no text to extract)
SKIPPED [1] tests/pdfs/edge_cases/test_bug_1646.py:139: JSONL not generated for this PDF
SKIPPED [1] tests/pdfs/edge_cases/test_bug_1646.py:215: PDF has 0 pages (no images to render)
SKIPPED [1] tests/pdfs/edge_cases/test_bug_1658.py:85: PDF has 0 pages (no text to extract)
SKIPPED [1] tests/pdfs/edge_cases/test_bug_1658.py:139: JSONL not generated for this PDF
SKIPPED [1] tests/pdfs/edge_cases/test_bug_1658.py:215: PDF has 0 pages (no images to render)
SKIPPED [1] tests/pdfs/edge_cases/test_bug_2034.py:85: PDF has 0 pages (no text to extract)
SKIPPED [1] tests/pdfs/edge_cases/test_bug_2034.py:139: JSONL not generated for this PDF
SKIPPED [1] tests/pdfs/edge_cases/test_bug_2034.py:215: PDF has 0 pages (no images to render)
SKIPPED [1] tests/pdfs/edge_cases/test_bug_2132.py:85: PDF has 0 pages (no text to extract)
SKIPPED [1] tests/pdfs/edge_cases/test_bug_2132.py:139: JSONL not generated for this PDF
SKIPPED [1] tests/pdfs/edge_cases/test_bug_2132.py:215: PDF has 0 pages (no images to render)
SKIPPED [1] tests/pdfs/edge_cases/test_bug_216.py:85: PDF has 0 pages (no text to extract)
SKIPPED [1] tests/pdfs/edge_cases/test_bug_216.py:139: JSONL not generated for this PDF
SKIPPED [1] tests/pdfs/edge_cases/test_bug_216.py:215: PDF has 0 pages (no images to render)
SKIPPED [1] tests/pdfs/edge_cases/test_bug_298.py:81: PDF expected to fail loading (graceful_failure)
SKIPPED [1] tests/pdfs/edge_cases/test_bug_298.py:135: PDF expected to fail loading (graceful_failure)
SKIPPED [1] tests/pdfs/edge_cases/test_bug_298.py:211: PDF expected to fail loading (graceful_failure)
SKIPPED [1] tests/pdfs/edge_cases/test_bug_306123.py:85: PDF has 0 pages (no text to extract)
SKIPPED [1] tests/pdfs/edge_cases/test_bug_306123.py:139: JSONL not generated for this PDF
SKIPPED [1] tests/pdfs/edge_cases/test_bug_306123.py:215: PDF has 0 pages (no images to render)
SKIPPED [1] tests/pdfs/edge_cases/test_bug_325_a.py:81: PDF expected to fail loading (graceful_failure)
SKIPPED [1] tests/pdfs/edge_cases/test_bug_325_a.py:135: PDF expected to fail loading (graceful_failure)
SKIPPED [1] tests/pdfs/edge_cases/test_bug_325_a.py:211: PDF expected to fail loading (graceful_failure)
SKIPPED [1] tests/pdfs/edge_cases/test_bug_325_b.py:81: PDF expected to fail loading (graceful_failure)
SKIPPED [1] tests/pdfs/edge_cases/test_bug_325_b.py:135: PDF expected to fail loading (graceful_failure)
SKIPPED [1] tests/pdfs/edge_cases/test_bug_325_b.py:211: PDF expected to fail loading (graceful_failure)
SKIPPED [1] tests/pdfs/edge_cases/test_bug_343.py:81: PDF expected to fail loading (graceful_failure)
SKIPPED [1] tests/pdfs/edge_cases/test_bug_343.py:135: PDF expected to fail loading (graceful_failure)
SKIPPED [1] tests/pdfs/edge_cases/test_bug_343.py:211: PDF expected to fail loading (graceful_failure)
SKIPPED [1] tests/pdfs/edge_cases/test_bug_343075986.py:85: PDF has 0 pages (no text to extract)
SKIPPED [1] tests/pdfs/edge_cases/test_bug_343075986.py:139: JSONL not generated for this PDF
SKIPPED [1] tests/pdfs/edge_cases/test_bug_343075986.py:215: PDF has 0 pages (no images to render)
SKIPPED [1] tests/pdfs/edge_cases/test_bug_344.py:81: PDF expected to fail loading (graceful_failure)
SKIPPED [1] tests/pdfs/edge_cases/test_bug_344.py:135: PDF expected to fail loading (graceful_failure)
SKIPPED [1] tests/pdfs/edge_cases/test_bug_344.py:211: PDF expected to fail loading (graceful_failure)
SKIPPED [1] tests/pdfs/edge_cases/test_bug_355.py:81: PDF expected to fail loading (graceful_failure)
SKIPPED [1] tests/pdfs/edge_cases/test_bug_355.py:135: PDF expected to fail loading (graceful_failure)
SKIPPED [1] tests/pdfs/edge_cases/test_bug_355.py:211: PDF expected to fail loading (graceful_failure)
SKIPPED [1] tests/pdfs/edge_cases/test_bug_360.py:81: PDF expected to fail loading (graceful_failure)
SKIPPED [1] tests/pdfs/edge_cases/test_bug_360.py:135: PDF expected to fail loading (graceful_failure)
SKIPPED [1] tests/pdfs/edge_cases/test_bug_360.py:211: PDF expected to fail loading (graceful_failure)
SKIPPED [1] tests/pdfs/edge_cases/test_bug_378120423.py:85: PDF has 0 pages (no text to extract)
SKIPPED [1] tests/pdfs/edge_cases/test_bug_378120423.py:139: JSONL not generated for this PDF
SKIPPED [1] tests/pdfs/edge_cases/test_bug_378120423.py:215: PDF has 0 pages (no images to render)
SKIPPED [1] tests/pdfs/edge_cases/test_bug_42270471.py:85: PDF has 0 pages (no text to extract)
SKIPPED [1] tests/pdfs/edge_cases/test_bug_42270471.py:139: JSONL not generated for this PDF
SKIPPED [1] tests/pdfs/edge_cases/test_bug_42270471.py:215: PDF has 0 pages (no images to render)
SKIPPED [1] tests/pdfs/edge_cases/test_bug_424613308.py:81: PDF expected to fail loading (graceful_failure)
SKIPPED [1] tests/pdfs/edge_cases/test_bug_424613308.py:135: PDF expected to fail loading (graceful_failure)
SKIPPED [1] tests/pdfs/edge_cases/test_bug_424613308.py:211: PDF expected to fail loading (graceful_failure)
SKIPPED [1] tests/pdfs/edge_cases/test_bug_451265.py:85: PDF has 0 pages (no text to extract)
SKIPPED [1] tests/pdfs/edge_cases/test_bug_451265.py:139: JSONL not generated for this PDF
SKIPPED [1] tests/pdfs/edge_cases/test_bug_451265.py:215: PDF has 0 pages (no images to render)
SKIPPED [1] tests/pdfs/edge_cases/test_bug_451830.py:81: PDF expected to fail loading (graceful_failure)
SKIPPED [1] tests/pdfs/edge_cases/test_bug_451830.py:135: PDF expected to fail loading (graceful_failure)
SKIPPED [1] tests/pdfs/edge_cases/test_bug_451830.py:211: PDF expected to fail loading (graceful_failure)
SKIPPED [1] tests/pdfs/edge_cases/test_bug_452455.py:85: PDF has 0 pages (no text to extract)
SKIPPED [1] tests/pdfs/edge_cases/test_bug_452455.py:139: JSONL not generated for this PDF
SKIPPED [1] tests/pdfs/edge_cases/test_bug_452455.py:215: PDF has 0 pages (no images to render)
SKIPPED [1] tests/pdfs/edge_cases/test_bug_454695.py:81: PDF expected to fail loading (graceful_failure)
SKIPPED [1] tests/pdfs/edge_cases/test_bug_454695.py:135: PDF expected to fail loading (graceful_failure)
SKIPPED [1] tests/pdfs/edge_cases/test_bug_454695.py:211: PDF expected to fail loading (graceful_failure)
SKIPPED [1] tests/pdfs/edge_cases/test_bug_481363.py:85: PDF has 0 pages (no text to extract)
SKIPPED [1] tests/pdfs/edge_cases/test_bug_481363.py:139: JSONL not generated for this PDF
SKIPPED [1] tests/pdfs/edge_cases/test_bug_481363.py:215: PDF has 0 pages (no images to render)
SKIPPED [1] tests/pdfs/edge_cases/test_bug_487928.py:85: PDF has 0 pages (no text to extract)
SKIPPED [1] tests/pdfs/edge_cases/test_bug_487928.py:139: JSONL not generated for this PDF
SKIPPED [1] tests/pdfs/edge_cases/test_bug_487928.py:215: PDF has 0 pages (no images to render)
SKIPPED [1] tests/pdfs/edge_cases/test_bug_507316.py:85: PDF has 0 pages (no text to extract)
SKIPPED [1] tests/pdfs/edge_cases/test_bug_507316.py:139: JSONL not generated for this PDF
SKIPPED [1] tests/pdfs/edge_cases/test_bug_507316.py:215: PDF has 0 pages (no images to render)
SKIPPED [1] tests/pdfs/edge_cases/test_bug_544880.py:85: PDF has 0 pages (no text to extract)
SKIPPED [1] tests/pdfs/edge_cases/test_bug_544880.py:139: JSONL not generated for this PDF
SKIPPED [1] tests/pdfs/edge_cases/test_bug_544880.py:215: PDF has 0 pages (no images to render)
SKIPPED [1] tests/pdfs/edge_cases/test_bug_551248.py:85: PDF has 0 pages (no text to extract)
SKIPPED [1] tests/pdfs/edge_cases/test_bug_551248.py:139: JSONL not generated for this PDF
SKIPPED [1] tests/pdfs/edge_cases/test_bug_551248.py:215: PDF has 0 pages (no images to render)
SKIPPED [1] tests/pdfs/edge_cases/test_bug_551460.py:85: PDF has 0 pages (no text to extract)
SKIPPED [1] tests/pdfs/edge_cases/test_bug_551460.py:139: JSONL not generated for this PDF
SKIPPED [1] tests/pdfs/edge_cases/test_bug_551460.py:215: PDF has 0 pages (no images to render)
SKIPPED [1] tests/pdfs/edge_cases/test_bug_552046.py:85: PDF has 0 pages (no text to extract)
SKIPPED [1] tests/pdfs/edge_cases/test_bug_552046.py:139: JSONL not generated for this PDF
SKIPPED [1] tests/pdfs/edge_cases/test_bug_552046.py:215: PDF has 0 pages (no images to render)
SKIPPED [1] tests/pdfs/edge_cases/test_bug_555784.py:85: PDF has 0 pages (no text to extract)
SKIPPED [1] tests/pdfs/edge_cases/test_bug_555784.py:139: JSONL not generated for this PDF
SKIPPED [1] tests/pdfs/edge_cases/test_bug_555784.py:215: PDF has 0 pages (no images to render)
SKIPPED [1] tests/pdfs/edge_cases/test_bug_572871.py:85: PDF has 0 pages (no text to extract)
SKIPPED [1] tests/pdfs/edge_cases/test_bug_572871.py:139: JSONL not generated for this PDF
SKIPPED [1] tests/pdfs/edge_cases/test_bug_572871.py:215: PDF has 0 pages (no images to render)
SKIPPED [1] tests/pdfs/edge_cases/test_bug_620428.py:85: PDF has 0 pages (no text to extract)
SKIPPED [1] tests/pdfs/edge_cases/test_bug_620428.py:139: JSONL not generated for this PDF
SKIPPED [1] tests/pdfs/edge_cases/test_bug_620428.py:215: PDF has 0 pages (no images to render)
SKIPPED [1] tests/pdfs/edge_cases/test_bug_631912.py:85: PDF has 0 pages (no text to extract)
SKIPPED [1] tests/pdfs/edge_cases/test_bug_631912.py:139: JSONL not generated for this PDF
SKIPPED [1] tests/pdfs/edge_cases/test_bug_631912.py:215: PDF has 0 pages (no images to render)
SKIPPED [1] tests/pdfs/edge_cases/test_bug_634394.py:85: PDF has 0 pages (no text to extract)
SKIPPED [1] tests/pdfs/edge_cases/test_bug_634394.py:139: JSONL not generated for this PDF
SKIPPED [1] tests/pdfs/edge_cases/test_bug_634394.py:215: PDF has 0 pages (no images to render)
SKIPPED [1] tests/pdfs/edge_cases/test_bug_634716.py:85: PDF has 0 pages (no text to extract)
SKIPPED [1] tests/pdfs/edge_cases/test_bug_634716.py:139: JSONL not generated for this PDF
SKIPPED [1] tests/pdfs/edge_cases/test_bug_634716.py:215: PDF has 0 pages (no images to render)
SKIPPED [1] tests/pdfs/edge_cases/test_bug_644.py:81: PDF expected to fail loading (graceful_failure)
SKIPPED [1] tests/pdfs/edge_cases/test_bug_644.py:135: PDF expected to fail loading (graceful_failure)
SKIPPED [1] tests/pdfs/edge_cases/test_bug_644.py:211: PDF expected to fail loading (graceful_failure)
SKIPPED [1] tests/pdfs/edge_cases/test_bug_674771.py:85: PDF has 0 pages (no text to extract)
SKIPPED [1] tests/pdfs/edge_cases/test_bug_674771.py:139: JSONL not generated for this PDF
SKIPPED [1] tests/pdfs/edge_cases/test_bug_674771.py:215: PDF has 0 pages (no images to render)
SKIPPED [1] tests/pdfs/edge_cases/test_bug_679649.py:85: PDF has 0 pages (no text to extract)
SKIPPED [1] tests/pdfs/edge_cases/test_bug_679649.py:139: JSONL not generated for this PDF
SKIPPED [1] tests/pdfs/edge_cases/test_bug_679649.py:215: PDF has 0 pages (no images to render)
SKIPPED [1] tests/pdfs/edge_cases/test_bug_709793.py:85: PDF has 0 pages (no text to extract)
SKIPPED [1] tests/pdfs/edge_cases/test_bug_709793.py:139: JSONL not generated for this PDF
SKIPPED [1] tests/pdfs/edge_cases/test_bug_709793.py:215: PDF has 0 pages (no images to render)
SKIPPED [1] tests/pdfs/edge_cases/test_bug_713197.py:85: PDF has 0 pages (no text to extract)
SKIPPED [1] tests/pdfs/edge_cases/test_bug_713197.py:139: JSONL not generated for this PDF
SKIPPED [1] tests/pdfs/edge_cases/test_bug_713197.py:215: PDF has 0 pages (no images to render)
SKIPPED [1] tests/pdfs/edge_cases/test_bug_717.py:85: PDF has 0 pages (no text to extract)
SKIPPED [1] tests/pdfs/edge_cases/test_bug_717.py:139: JSONL not generated for this PDF
SKIPPED [1] tests/pdfs/edge_cases/test_bug_717.py:215: PDF has 0 pages (no images to render)
SKIPPED [1] tests/pdfs/edge_cases/test_bug_750568.py:85: PDF has 0 pages (no text to extract)
SKIPPED [1] tests/pdfs/edge_cases/test_bug_750568.py:139: JSONL not generated for this PDF
SKIPPED [1] tests/pdfs/edge_cases/test_bug_750568.py:215: PDF has 0 pages (no images to render)
SKIPPED [1] tests/pdfs/edge_cases/test_bug_765384.py:85: PDF has 0 pages (no text to extract)
SKIPPED [1] tests/pdfs/edge_cases/test_bug_765384.py:139: JSONL not generated for this PDF
SKIPPED [1] tests/pdfs/edge_cases/test_bug_765384.py:215: PDF has 0 pages (no images to render)
SKIPPED [1] tests/pdfs/edge_cases/test_bug_773229.py:85: PDF has 0 pages (no text to extract)
SKIPPED [1] tests/pdfs/edge_cases/test_bug_773229.py:139: JSONL not generated for this PDF
SKIPPED [1] tests/pdfs/edge_cases/test_bug_773229.py:215: PDF has 0 pages (no images to render)
SKIPPED [1] tests/pdfs/edge_cases/test_bug_779.py:85: PDF has 0 pages (no text to extract)
SKIPPED [1] tests/pdfs/edge_cases/test_bug_779.py:139: JSONL not generated for this PDF
SKIPPED [1] tests/pdfs/edge_cases/test_bug_779.py:215: PDF has 0 pages (no images to render)
SKIPPED [1] tests/pdfs/edge_cases/test_bug_821454.py:85: PDF has 0 pages (no text to extract)
SKIPPED [1] tests/pdfs/edge_cases/test_bug_821454.py:139: JSONL not generated for this PDF
SKIPPED [1] tests/pdfs/edge_cases/test_bug_821454.py:215: PDF has 0 pages (no images to render)
SKIPPED [1] tests/pdfs/edge_cases/test_bug_828049.py:85: PDF has 0 pages (no text to extract)
SKIPPED [1] tests/pdfs/edge_cases/test_bug_828049.py:139: JSONL not generated for this PDF
SKIPPED [1] tests/pdfs/edge_cases/test_bug_828049.py:215: PDF has 0 pages (no images to render)
SKIPPED [1] tests/pdfs/edge_cases/test_bug_861842.py:85: PDF has 0 pages (no text to extract)
SKIPPED [1] tests/pdfs/edge_cases/test_bug_861842.py:139: JSONL not generated for this PDF
SKIPPED [1] tests/pdfs/edge_cases/test_bug_861842.py:215: PDF has 0 pages (no images to render)
SKIPPED [1] tests/pdfs/edge_cases/test_bug_890322.py:85: PDF has 0 pages (no text to extract)
SKIPPED [1] tests/pdfs/edge_cases/test_bug_890322.py:139: JSONL not generated for this PDF
SKIPPED [1] tests/pdfs/edge_cases/test_bug_890322.py:215: PDF has 0 pages (no images to render)
SKIPPED [1] tests/pdfs/edge_cases/test_bug_896366.py:85: PDF has 0 pages (no text to extract)
SKIPPED [1] tests/pdfs/edge_cases/test_bug_896366.py:139: JSONL not generated for this PDF
SKIPPED [1] tests/pdfs/edge_cases/test_bug_896366.py:215: PDF has 0 pages (no images to render)
SKIPPED [1] tests/pdfs/edge_cases/test_bug_905142.py:85: PDF has 0 pages (no text to extract)
SKIPPED [1] tests/pdfs/edge_cases/test_bug_905142.py:139: JSONL not generated for this PDF
SKIPPED [1] tests/pdfs/edge_cases/test_bug_905142.py:215: PDF has 0 pages (no images to render)
SKIPPED [1] tests/pdfs/edge_cases/test_bug_972518.py:85: PDF has 0 pages (no text to extract)
SKIPPED [1] tests/pdfs/edge_cases/test_bug_972518.py:139: JSONL not generated for this PDF
SKIPPED [1] tests/pdfs/edge_cases/test_bug_972518.py:215: PDF has 0 pages (no images to render)
SKIPPED [1] tests/pdfs/edge_cases/test_bug_xrefv4_loop.py:85: PDF has 0 pages (no text to extract)
SKIPPED [1] tests/pdfs/edge_cases/test_bug_xrefv4_loop.py:139: JSONL not generated for this PDF
SKIPPED [1] tests/pdfs/edge_cases/test_bug_xrefv4_loop.py:215: PDF has 0 pages (no images to render)
SKIPPED [1] tests/pdfs/edge_cases/test_calculate.py:85: PDF has 0 pages (no text to extract)
SKIPPED [1] tests/pdfs/edge_cases/test_calculate.py:139: JSONL not generated for this PDF
SKIPPED [1] tests/pdfs/edge_cases/test_calculate.py:215: PDF has 0 pages (no images to render)
SKIPPED [1] tests/pdfs/edge_cases/test_circular_viewer_ref.py:85: PDF has 0 pages (no text to extract)
SKIPPED [1] tests/pdfs/edge_cases/test_circular_viewer_ref.py:139: JSONL not generated for this PDF
SKIPPED [1] tests/pdfs/edge_cases/test_circular_viewer_ref.py:215: PDF has 0 pages (no images to render)
SKIPPED [1] tests/pdfs/edge_cases/test_clip_path.py:85: PDF has 0 pages (no text to extract)
SKIPPED [1] tests/pdfs/edge_cases/test_clip_path.py:139: JSONL not generated for this PDF
SKIPPED [1] tests/pdfs/edge_cases/test_clip_path.py:215: PDF has 0 pages (no images to render)
SKIPPED [1] tests/pdfs/edge_cases/test_cropped_no_overlap.py:85: PDF has 0 pages (no text to extract)
SKIPPED [1] tests/pdfs/edge_cases/test_cropped_no_overlap.py:139: JSONL not generated for this PDF
SKIPPED [1] tests/pdfs/edge_cases/test_cropped_no_overlap.py:215: PDF has 0 pages (no images to render)
SKIPPED [1] tests/pdfs/edge_cases/test_dashed_lines.py:85: PDF has 0 pages (no text to extract)
SKIPPED [1] tests/pdfs/edge_cases/test_dashed_lines.py:139: JSONL not generated for this PDF
SKIPPED [1] tests/pdfs/edge_cases/test_dashed_lines.py:215: PDF has 0 pages (no images to render)
SKIPPED [1] tests/pdfs/edge_cases/test_docmdp.py:85: PDF has 0 pages (no text to extract)
SKIPPED [1] tests/pdfs/edge_cases/test_docmdp.py:139: JSONL not generated for this PDF
SKIPPED [1] tests/pdfs/edge_cases/test_docmdp.py:215: PDF has 0 pages (no images to render)
SKIPPED [1] tests/pdfs/edge_cases/test_document_aactions.py:85: PDF has 0 pages (no text to extract)
SKIPPED [1] tests/pdfs/edge_cases/test_document_aactions.py:139: JSONL not generated for this PDF
SKIPPED [1] tests/pdfs/edge_cases/test_document_aactions.py:215: PDF has 0 pages (no images to render)
SKIPPED [1] tests/pdfs/edge_cases/test_embedded_attachments_invalid_data.py:85: PDF has 0 pages (no text to extract)
SKIPPED [1] tests/pdfs/edge_cases/test_embedded_attachments_invalid_data.py:139: JSONL not generated for this PDF
SKIPPED [1] tests/pdfs/edge_cases/test_embedded_attachments_invalid_data.py:215: PDF has 0 pages (no images to render)
SKIPPED [1] tests/pdfs/edge_cases/test_embedded_attachments_invalid_types.py:85: PDF has 0 pages (no text to extract)
SKIPPED [1] tests/pdfs/edge_cases/test_embedded_attachments_invalid_types.py:139: JSONL not generated for this PDF
SKIPPED [1] tests/pdfs/edge_cases/test_embedded_attachments_invalid_types.py:215: PDF has 0 pages (no images to render)
SKIPPED [1] tests/pdfs/edge_cases/test_encrypted.py:81: PDF expected to fail loading (graceful_failure)
SKIPPED [1] tests/pdfs/edge_cases/test_encrypted.py:135: PDF expected to fail loading (graceful_failure)
SKIPPED [1] tests/pdfs/edge_cases/test_encrypted.py:211: PDF expected to fail loading (graceful_failure)
SKIPPED [1] tests/pdfs/edge_cases/test_encrypted_hello_world_r2.py:81: PDF expected to fail loading (graceful_failure)
SKIPPED [1] tests/pdfs/edge_cases/test_encrypted_hello_world_r2.py:135: PDF expected to fail loading (graceful_failure)
SKIPPED [1] tests/pdfs/edge_cases/test_encrypted_hello_world_r2.py:211: PDF expected to fail loading (graceful_failure)
SKIPPED [1] tests/pdfs/edge_cases/test_encrypted_hello_world_r2_bad_okey.py:81: PDF expected to fail loading (graceful_failure)
SKIPPED [1] tests/pdfs/edge_cases/test_encrypted_hello_world_r2_bad_okey.py:135: PDF expected to fail loading (graceful_failure)
SKIPPED [1] tests/pdfs/edge_cases/test_encrypted_hello_world_r2_bad_okey.py:211: PDF expected to fail loading (graceful_failure)
SKIPPED [1] tests/pdfs/edge_cases/test_encrypted_hello_world_r3.py:81: PDF expected to fail loading (graceful_failure)
SKIPPED [1] tests/pdfs/edge_cases/test_encrypted_hello_world_r3.py:135: PDF expected to fail loading (graceful_failure)
SKIPPED [1] tests/pdfs/edge_cases/test_encrypted_hello_world_r3.py:211: PDF expected to fail loading (graceful_failure)
SKIPPED [1] tests/pdfs/edge_cases/test_encrypted_hello_world_r3_bad_okey.py:81: PDF expected to fail loading (graceful_failure)
SKIPPED [1] tests/pdfs/edge_cases/test_encrypted_hello_world_r3_bad_okey.py:135: PDF expected to fail loading (graceful_failure)
SKIPPED [1] tests/pdfs/edge_cases/test_encrypted_hello_world_r3_bad_okey.py:211: PDF expected to fail loading (graceful_failure)
SKIPPED [1] tests/pdfs/edge_cases/test_encrypted_hello_world_r5.py:81: PDF expected to fail loading (graceful_failure)
SKIPPED [1] tests/pdfs/edge_cases/test_encrypted_hello_world_r5.py:135: PDF expected to fail loading (graceful_failure)
SKIPPED [1] tests/pdfs/edge_cases/test_encrypted_hello_world_r5.py:211: PDF expected to fail loading (graceful_failure)
SKIPPED [1] tests/pdfs/edge_cases/test_encrypted_hello_world_r6.py:81: PDF expected to fail loading (graceful_failure)
SKIPPED [1] tests/pdfs/edge_cases/test_encrypted_hello_world_r6.py:135: PDF expected to fail loading (graceful_failure)
SKIPPED [1] tests/pdfs/edge_cases/test_encrypted_hello_world_r6.py:211: PDF expected to fail loading (graceful_failure)
SKIPPED [1] tests/pdfs/edge_cases/test_form_object_with_image.py:85: PDF has 0 pages (no text to extract)
SKIPPED [1] tests/pdfs/edge_cases/test_form_object_with_image.py:139: JSONL not generated for this PDF
SKIPPED [1] tests/pdfs/edge_cases/test_form_object_with_image.py:215: PDF has 0 pages (no images to render)
SKIPPED [1] tests/pdfs/edge_cases/test_form_object_with_path.py:85: PDF has 0 pages (no text to extract)
SKIPPED [1] tests/pdfs/edge_cases/test_form_object_with_path.py:139: JSONL not generated for this PDF
SKIPPED [1] tests/pdfs/edge_cases/test_form_object_with_path.py:215: PDF has 0 pages (no images to render)
SKIPPED [1] tests/pdfs/edge_cases/test_freetext_annotation_without_da.py:85: PDF has 0 pages (no text to extract)
SKIPPED [1] tests/pdfs/edge_cases/test_freetext_annotation_without_da.py:139: JSONL not generated for this PDF
SKIPPED [1] tests/pdfs/edge_cases/test_freetext_annotation_without_da.py:215: PDF has 0 pages (no images to render)
SKIPPED [1] tests/pdfs/edge_cases/test_get_page_aaction.py:85: PDF has 0 pages (no text to extract)
SKIPPED [1] tests/pdfs/edge_cases/test_get_page_aaction.py:139: JSONL not generated for this PDF
SKIPPED [1] tests/pdfs/edge_cases/test_get_page_aaction.py:215: PDF has 0 pages (no images to render)
SKIPPED [1] tests/pdfs/edge_cases/test_goto_action.py:85: PDF has 0 pages (no text to extract)
SKIPPED [1] tests/pdfs/edge_cases/test_goto_action.py:139: JSONL not generated for this PDF
SKIPPED [1] tests/pdfs/edge_cases/test_goto_action.py:215: PDF has 0 pages (no images to render)
SKIPPED [1] tests/pdfs/edge_cases/test_gotoe_action.py:85: PDF has 0 pages (no text to extract)
SKIPPED [1] tests/pdfs/edge_cases/test_gotoe_action.py:139: JSONL not generated for this PDF
SKIPPED [1] tests/pdfs/edge_cases/test_gotoe_action.py:215: PDF has 0 pages (no images to render)
SKIPPED [1] tests/pdfs/edge_cases/test_ink_annot.py:85: PDF has 0 pages (no text to extract)
SKIPPED [1] tests/pdfs/edge_cases/test_ink_annot.py:139: JSONL not generated for this PDF
SKIPPED [1] tests/pdfs/edge_cases/test_ink_annot.py:215: PDF has 0 pages (no images to render)
SKIPPED [1] tests/pdfs/edge_cases/test_jpx_lzw.py:85: PDF has 0 pages (no text to extract)
SKIPPED [1] tests/pdfs/edge_cases/test_jpx_lzw.py:139: JSONL not generated for this PDF
SKIPPED [1] tests/pdfs/edge_cases/test_jpx_lzw.py:215: PDF has 0 pages (no images to render)
SKIPPED [1] tests/pdfs/edge_cases/test_js.py:85: PDF has 0 pages (no text to extract)
SKIPPED [1] tests/pdfs/edge_cases/test_js.py:139: JSONL not generated for this PDF
SKIPPED [1] tests/pdfs/edge_cases/test_js.py:215: PDF has 0 pages (no images to render)
SKIPPED [1] tests/pdfs/edge_cases/test_launch_action.py:85: PDF has 0 pages (no text to extract)
SKIPPED [1] tests/pdfs/edge_cases/test_launch_action.py:139: JSONL not generated for this PDF
SKIPPED [1] tests/pdfs/edge_cases/test_launch_action.py:215: PDF has 0 pages (no images to render)
SKIPPED [1] tests/pdfs/edge_cases/test_line_annot.py:85: PDF has 0 pages (no text to extract)
SKIPPED [1] tests/pdfs/edge_cases/test_line_annot.py:139: JSONL not generated for this PDF
SKIPPED [1] tests/pdfs/edge_cases/test_line_annot.py:215: PDF has 0 pages (no images to render)
SKIPPED [1] tests/pdfs/edge_cases/test_linearized.py:85: PDF has 0 pages (no text to extract)
SKIPPED [1] tests/pdfs/edge_cases/test_linearized.py:139: JSONL not generated for this PDF
SKIPPED [1] tests/pdfs/edge_cases/test_linearized.py:215: PDF has 0 pages (no images to render)
SKIPPED [1] tests/pdfs/edge_cases/test_linearized_bug_1055.py:85: PDF has 0 pages (no text to extract)
SKIPPED [1] tests/pdfs/edge_cases/test_linearized_bug_1055.py:139: JSONL not generated for this PDF
SKIPPED [1] tests/pdfs/edge_cases/test_linearized_bug_1055.py:215: PDF has 0 pages (no images to render)
SKIPPED [1] tests/pdfs/edge_cases/test_many_rectangles.py:85: PDF has 0 pages (no text to extract)
SKIPPED [1] tests/pdfs/edge_cases/test_many_rectangles.py:139: JSONL not generated for this PDF
SKIPPED [1] tests/pdfs/edge_cases/test_many_rectangles.py:215: PDF has 0 pages (no images to render)
SKIPPED [1] tests/pdfs/edge_cases/test_marked_content_id.py:85: PDF has 0 pages (no text to extract)
SKIPPED [1] tests/pdfs/edge_cases/test_marked_content_id.py:139: JSONL not generated for this PDF
SKIPPED [1] tests/pdfs/edge_cases/test_marked_content_id.py:215: PDF has 0 pages (no images to render)
SKIPPED [1] tests/pdfs/edge_cases/test_matte.py:85: PDF has 0 pages (no text to extract)
SKIPPED [1] tests/pdfs/edge_cases/test_matte.py:139: JSONL not generated for this PDF
SKIPPED [1] tests/pdfs/edge_cases/test_matte.py:215: PDF has 0 pages (no images to render)
SKIPPED [1] tests/pdfs/edge_cases/test_multiple_graphics_states.py:85: PDF has 0 pages (no text to extract)
SKIPPED [1] tests/pdfs/edge_cases/test_multiple_graphics_states.py:139: JSONL not generated for this PDF
SKIPPED [1] tests/pdfs/edge_cases/test_multiple_graphics_states.py:215: PDF has 0 pages (no images to render)
SKIPPED [1] tests/pdfs/edge_cases/test_non_hex_file_id.py:85: PDF has 0 pages (no text to extract)
SKIPPED [1] tests/pdfs/edge_cases/test_non_hex_file_id.py:139: JSONL not generated for this PDF
SKIPPED [1] tests/pdfs/edge_cases/test_non_hex_file_id.py:215: PDF has 0 pages (no images to render)
SKIPPED [1] tests/pdfs/edge_cases/test_nonesuch_action.py:85: PDF has 0 pages (no text to extract)
SKIPPED [1] tests/pdfs/edge_cases/test_nonesuch_action.py:139: JSONL not generated for this PDF
SKIPPED [1] tests/pdfs/edge_cases/test_nonesuch_action.py:215: PDF has 0 pages (no images to render)
SKIPPED [1] tests/pdfs/edge_cases/test_page_labels.py:85: PDF has 0 pages (no text to extract)
SKIPPED [1] tests/pdfs/edge_cases/test_page_labels.py:139: JSONL not generated for this PDF
SKIPPED [1] tests/pdfs/edge_cases/test_page_labels.py:215: PDF has 0 pages (no images to render)
SKIPPED [1] tests/pdfs/edge_cases/test_page_tree_empty_node.py:85: PDF has 0 pages (no text to extract)
SKIPPED [1] tests/pdfs/edge_cases/test_page_tree_empty_node.py:139: JSONL not generated for this PDF
SKIPPED [1] tests/pdfs/edge_cases/test_page_tree_empty_node.py:215: PDF has 0 pages (no images to render)
SKIPPED [1] tests/pdfs/edge_cases/test_parser_rebuildxref_error_notrailer.py:81: PDF expected to fail loading (graceful_failure)
SKIPPED [1] tests/pdfs/edge_cases/test_parser_rebuildxref_error_notrailer.py:135: PDF expected to fail loading (graceful_failure)
SKIPPED [1] tests/pdfs/edge_cases/test_parser_rebuildxref_error_notrailer.py:211: PDF expected to fail loading (graceful_failure)
SKIPPED [1] tests/pdfs/edge_cases/test_polygon_annot.py:85: PDF has 0 pages (no text to extract)
SKIPPED [1] tests/pdfs/edge_cases/test_polygon_annot.py:139: JSONL not generated for this PDF
SKIPPED [1] tests/pdfs/edge_cases/test_polygon_annot.py:215: PDF has 0 pages (no images to render)
SKIPPED [1] tests/pdfs/edge_cases/test_rectangles.py:85: PDF has 0 pages (no text to extract)
SKIPPED [1] tests/pdfs/edge_cases/test_rectangles.py:139: JSONL not generated for this PDF
SKIPPED [1] tests/pdfs/edge_cases/test_rectangles.py:215: PDF has 0 pages (no images to render)
SKIPPED [1] tests/pdfs/edge_cases/test_rectangles_double_flipped.py:85: PDF has 0 pages (no text to extract)
SKIPPED [1] tests/pdfs/edge_cases/test_rectangles_double_flipped.py:139: JSONL not generated for this PDF
SKIPPED [1] tests/pdfs/edge_cases/test_rectangles_double_flipped.py:215: PDF has 0 pages (no images to render)
SKIPPED [1] tests/pdfs/edge_cases/test_rectangles_multi_page_xfa.py:85: PDF has 0 pages (no text to extract)
SKIPPED [1] tests/pdfs/edge_cases/test_rectangles_multi_page_xfa.py:139: JSONL not generated for this PDF
SKIPPED [1] tests/pdfs/edge_cases/test_rectangles_multi_page_xfa.py:215: PDF has 0 pages (no images to render)
SKIPPED [1] tests/pdfs/edge_cases/test_rectangles_multi_pages.py:85: PDF has 0 pages (no text to extract)
SKIPPED [1] tests/pdfs/edge_cases/test_rectangles_multi_pages.py:139: JSONL not generated for this PDF
SKIPPED [1] tests/pdfs/edge_cases/test_rectangles_multi_pages.py:215: PDF has 0 pages (no images to render)
SKIPPED [1] tests/pdfs/edge_cases/test_rectangles_object_zero.py:85: PDF has 0 pages (no text to extract)
SKIPPED [1] tests/pdfs/edge_cases/test_rectangles_object_zero.py:139: JSONL not generated for this PDF
SKIPPED [1] tests/pdfs/edge_cases/test_rectangles_object_zero.py:215: PDF has 0 pages (no images to render)
SKIPPED [1] tests/pdfs/edge_cases/test_rectangles_with_leaky_ctm.py:85: PDF has 0 pages (no text to extract)
SKIPPED [1] tests/pdfs/edge_cases/test_rectangles_with_leaky_ctm.py:139: JSONL not generated for this PDF
SKIPPED [1] tests/pdfs/edge_cases/test_rectangles_with_leaky_ctm.py:215: PDF has 0 pages (no images to render)
SKIPPED [1] tests/pdfs/edge_cases/test_redact_annot.py:85: PDF has 0 pages (no text to extract)
SKIPPED [1] tests/pdfs/edge_cases/test_redact_annot.py:139: JSONL not generated for this PDF
SKIPPED [1] tests/pdfs/edge_cases/test_redact_annot.py:215: PDF has 0 pages (no images to render)
SKIPPED [1] tests/pdfs/edge_cases/test_redirect.py:85: PDF has 0 pages (no text to extract)
SKIPPED [1] tests/pdfs/edge_cases/test_redirect.py:139: JSONL not generated for this PDF
SKIPPED [1] tests/pdfs/edge_cases/test_redirect.py:215: PDF has 0 pages (no images to render)
SKIPPED [1] tests/pdfs/edge_cases/test_repeat_viewer_ref.py:85: PDF has 0 pages (no text to extract)
SKIPPED [1] tests/pdfs/edge_cases/test_repeat_viewer_ref.py:139: JSONL not generated for this PDF
SKIPPED [1] tests/pdfs/edge_cases/test_repeat_viewer_ref.py:215: PDF has 0 pages (no images to render)
SKIPPED [1] tests/pdfs/edge_cases/test_rotated_image.py:85: PDF has 0 pages (no text to extract)
SKIPPED [1] tests/pdfs/edge_cases/test_rotated_image.py:139: JSONL not generated for this PDF
SKIPPED [1] tests/pdfs/edge_cases/test_rotated_image.py:215: PDF has 0 pages (no images to render)
SKIPPED [1] tests/pdfs/edge_cases/test_signature_no_sub_filter.py:85: PDF has 0 pages (no text to extract)
SKIPPED [1] tests/pdfs/edge_cases/test_signature_no_sub_filter.py:139: JSONL not generated for this PDF
SKIPPED [1] tests/pdfs/edge_cases/test_signature_no_sub_filter.py:215: PDF has 0 pages (no images to render)
SKIPPED [1] tests/pdfs/edge_cases/test_signature_reason.py:85: PDF has 0 pages (no text to extract)
SKIPPED [1] tests/pdfs/edge_cases/test_signature_reason.py:139: JSONL not generated for this PDF
SKIPPED [1] tests/pdfs/edge_cases/test_signature_reason.py:215: PDF has 0 pages (no images to render)
SKIPPED [1] tests/pdfs/edge_cases/test_simple_thumbnail.py:85: PDF has 0 pages (no text to extract)
SKIPPED [1] tests/pdfs/edge_cases/test_simple_thumbnail.py:139: JSONL not generated for this PDF
SKIPPED [1] tests/pdfs/edge_cases/test_simple_thumbnail.py:215: PDF has 0 pages (no images to render)
SKIPPED [1] tests/pdfs/edge_cases/test_simple_xfa.py:85: PDF has 0 pages (no text to extract)
SKIPPED [1] tests/pdfs/edge_cases/test_simple_xfa.py:139: JSONL not generated for this PDF
SKIPPED [1] tests/pdfs/edge_cases/test_simple_xfa.py:215: PDF has 0 pages (no images to render)
SKIPPED [1] tests/pdfs/edge_cases/test_tagged_actual_text.py:85: PDF has 0 pages (no text to extract)
SKIPPED [1] tests/pdfs/edge_cases/test_tagged_actual_text.py:139: JSONL not generated for this PDF
SKIPPED [1] tests/pdfs/edge_cases/test_tagged_actual_text.py:215: PDF has 0 pages (no images to render)
SKIPPED [1] tests/pdfs/edge_cases/test_tagged_alt_text.py:85: PDF has 0 pages (no text to extract)
SKIPPED [1] tests/pdfs/edge_cases/test_tagged_alt_text.py:139: JSONL not generated for this PDF
SKIPPED [1] tests/pdfs/edge_cases/test_tagged_alt_text.py:215: PDF has 0 pages (no images to render)
SKIPPED [1] tests/pdfs/edge_cases/test_tagged_table.py:85: PDF has 0 pages (no text to extract)
SKIPPED [1] tests/pdfs/edge_cases/test_tagged_table.py:139: JSONL not generated for this PDF
SKIPPED [1] tests/pdfs/edge_cases/test_tagged_table.py:215: PDF has 0 pages (no images to render)
SKIPPED [1] tests/pdfs/edge_cases/test_tagged_table_bad_elem.py:85: PDF has 0 pages (no text to extract)
SKIPPED [1] tests/pdfs/edge_cases/test_tagged_table_bad_elem.py:139: JSONL not generated for this PDF
SKIPPED [1] tests/pdfs/edge_cases/test_tagged_table_bad_elem.py:215: PDF has 0 pages (no images to render)
SKIPPED [1] tests/pdfs/edge_cases/test_tagged_table_bad_parent.py:85: PDF has 0 pages (no text to extract)
SKIPPED [1] tests/pdfs/edge_cases/test_tagged_table_bad_parent.py:139: JSONL not generated for this PDF
SKIPPED [1] tests/pdfs/edge_cases/test_tagged_table_bad_parent.py:215: PDF has 0 pages (no images to render)
SKIPPED [1] tests/pdfs/edge_cases/test_text_form_color.py:85: PDF has 0 pages (no text to extract)
SKIPPED [1] tests/pdfs/edge_cases/test_text_form_color.py:139: JSONL not generated for this PDF
SKIPPED [1] tests/pdfs/edge_cases/test_text_form_color.py:215: PDF has 0 pages (no images to render)
SKIPPED [1] tests/pdfs/edge_cases/test_thumbnail_with_empty_stream.py:85: PDF has 0 pages (no text to extract)
SKIPPED [1] tests/pdfs/edge_cases/test_thumbnail_with_empty_stream.py:139: JSONL not generated for this PDF
SKIPPED [1] tests/pdfs/edge_cases/test_thumbnail_with_empty_stream.py:215: PDF has 0 pages (no images to render)
SKIPPED [1] tests/pdfs/edge_cases/test_thumbnail_with_no_filters.py:85: PDF has 0 pages (no text to extract)
SKIPPED [1] tests/pdfs/edge_cases/test_thumbnail_with_no_filters.py:139: JSONL not generated for this PDF
SKIPPED [1] tests/pdfs/edge_cases/test_thumbnail_with_no_filters.py:215: PDF has 0 pages (no images to render)
SKIPPED [1] tests/pdfs/edge_cases/test_trailer_as_hexstring.py:81: PDF expected to fail loading (graceful_failure)
SKIPPED [1] tests/pdfs/edge_cases/test_trailer_as_hexstring.py:135: PDF expected to fail loading (graceful_failure)
SKIPPED [1] tests/pdfs/edge_cases/test_trailer_as_hexstring.py:211: PDF expected to fail loading (graceful_failure)
SKIPPED [1] tests/pdfs/edge_cases/test_trailer_unterminated.py:81: PDF expected to fail loading (graceful_failure)
SKIPPED [1] tests/pdfs/edge_cases/test_trailer_unterminated.py:135: PDF expected to fail loading (graceful_failure)
SKIPPED [1] tests/pdfs/edge_cases/test_trailer_unterminated.py:211: PDF expected to fail loading (graceful_failure)
SKIPPED [1] tests/pdfs/edge_cases/test_two_signatures.py:85: PDF has 0 pages (no text to extract)
SKIPPED [1] tests/pdfs/edge_cases/test_two_signatures.py:139: JSONL not generated for this PDF
SKIPPED [1] tests/pdfs/edge_cases/test_two_signatures.py:215: PDF has 0 pages (no images to render)
SKIPPED [1] tests/pdfs/edge_cases/test_unsupported_feature.py:85: PDF has 0 pages (no text to extract)
SKIPPED [1] tests/pdfs/edge_cases/test_unsupported_feature.py:139: JSONL not generated for this PDF
SKIPPED [1] tests/pdfs/edge_cases/test_unsupported_feature.py:215: PDF has 0 pages (no images to render)
SKIPPED [1] tests/pdfs/edge_cases/test_uri_action.py:85: PDF has 0 pages (no text to extract)
SKIPPED [1] tests/pdfs/edge_cases/test_uri_action.py:139: JSONL not generated for this PDF
SKIPPED [1] tests/pdfs/edge_cases/test_uri_action.py:215: PDF has 0 pages (no images to render)
SKIPPED [1] tests/pdfs/edge_cases/test_uri_action_nonascii.py:85: PDF has 0 pages (no text to extract)
SKIPPED [1] tests/pdfs/edge_cases/test_uri_action_nonascii.py:139: JSONL not generated for this PDF
SKIPPED [1] tests/pdfs/edge_cases/test_uri_action_nonascii.py:215: PDF has 0 pages (no images to render)
SKIPPED [1] tests/pdfs/edge_cases/test_utf_8.py:85: PDF has 0 pages (no text to extract)
SKIPPED [1] tests/pdfs/edge_cases/test_utf_8.py:139: JSONL not generated for this PDF
SKIPPED [1] tests/pdfs/edge_cases/test_utf_8.py:215: PDF has 0 pages (no images to render)
SKIPPED [1] tests/pdfs/edge_cases/test_version_in_catalog.py:85: PDF has 0 pages (no text to extract)
SKIPPED [1] tests/pdfs/edge_cases/test_version_in_catalog.py:139: JSONL not generated for this PDF
SKIPPED [1] tests/pdfs/edge_cases/test_version_in_catalog.py:215: PDF has 0 pages (no images to render)
SKIPPED [1] tests/pdfs/edge_cases/test_viewer_pref_types.py:85: PDF has 0 pages (no text to extract)
SKIPPED [1] tests/pdfs/edge_cases/test_viewer_pref_types.py:139: JSONL not generated for this PDF
SKIPPED [1] tests/pdfs/edge_cases/test_viewer_pref_types.py:215: PDF has 0 pages (no images to render)
SKIPPED [1] tests/pdfs/web/test_web_004.py:85: PDF has 0 pages (no text to extract)
SKIPPED [1] tests/pdfs/web/test_web_004.py:139: JSONL not generated for this PDF
SKIPPED [1] tests/pdfs/web/test_web_004.py:215: PDF has 0 pages (no images to render)
SKIPPED [1] tests/pdfs/web/test_web_021.py:85: PDF has 0 pages (no text to extract)
SKIPPED [1] tests/pdfs/web/test_web_021.py:139: JSONL not generated for this PDF
SKIPPED [1] tests/pdfs/web/test_web_021.py:215: PDF has 0 pages (no images to render)
SKIPPED [1] tests/pdfs/web/test_web_031.py:85: PDF has 0 pages (no text to extract)
SKIPPED [1] tests/pdfs/web/test_web_031.py:139: JSONL not generated for this PDF
SKIPPED [1] tests/pdfs/web/test_web_031.py:215: PDF has 0 pages (no images to render)
SKIPPED [1] tests/pdfs/web/test_web_033.py:85: PDF has 0 pages (no text to extract)
SKIPPED [1] tests/pdfs/web/test_web_033.py:139: JSONL not generated for this PDF
SKIPPED [1] tests/pdfs/web/test_web_033.py:215: PDF has 0 pages (no images to render)
SKIPPED [1] tests/pdfs/web/test_web_042.py:85: PDF has 0 pages (no text to extract)
SKIPPED [1] tests/pdfs/web/test_web_042.py:139: JSONL not generated for this PDF
SKIPPED [1] tests/pdfs/web/test_web_042.py:215: PDF has 0 pages (no images to render)
SKIPPED [35] tests/test_000_infrastructure.py:317: No pages in PDF or page count unknown
SKIPPED [1] tests/test_005_image_correctness.py:129: PDF too large for automated PPM validation (569 > 500 pages)
SKIPPED [1] tests/test_005_image_correctness.py:129: PDF too large for automated PPM validation (821 > 500 pages)
SKIPPED [1] tests/test_005_image_correctness.py:129: PDF too large for automated PPM validation (1931 > 500 pages)
SKIPPED [1] tests/test_005_image_correctness.py:129: PDF too large for automated PPM validation (931 > 500 pages)
SKIPPED [1] tests/test_005_image_correctness.py:129: PDF too large for automated PPM validation (522 > 500 pages)
SKIPPED [1] tests/test_005_image_correctness.py:129: PDF too large for automated PPM validation (594 > 500 pages)
SKIPPED [5] tests/test_006_determinism.py:144: Rust tool not found: /Users/ayates/pdfium_fast/rust/target/release/examples/parallel_render
SKIPPED [1] tests/test_009_multiprocess_benchmark.py:213: Rust tool not found: /Users/ayates/pdfium_fast/rust/target/release/examples/parallel_render
SKIPPED [1] tests/test_013_interface_benchmarks.py:180: PDF too small (25 pages < 200) - multi-process overhead dominates
SKIPPED [1] tests/test_013_interface_benchmarks.py:180: PDF too small (116 pages < 200) - multi-process overhead dominates
SKIPPED [1] tests/test_013_interface_benchmarks.py:180: PDF too small (100 pages < 200) - multi-process overhead dominates
SKIPPED [1] tests/test_013_interface_benchmarks.py:180: PDF too small (12 pages < 200) - multi-process overhead dominates
SKIPPED [1] tests/test_013_interface_benchmarks.py:180: PDF too small (125 pages < 200) - multi-process overhead dominates
SKIPPED [1] tests/test_013_interface_benchmarks.py:345: PDF too small (25 pages < 200) - multi-process overhead dominates
SKIPPED [1] tests/test_013_interface_benchmarks.py:345: PDF too small (116 pages < 200) - multi-process overhead dominates
SKIPPED [1] tests/test_013_interface_benchmarks.py:345: PDF too small (100 pages < 200) - multi-process overhead dominates
SKIPPED [1] tests/test_013_interface_benchmarks.py:345: PDF too small (12 pages < 200) - multi-process overhead dominates
SKIPPED [1] tests/test_013_interface_benchmarks.py:345: PDF too small (125 pages < 200) - multi-process overhead dominates
XFAIL tests/test_004_edge_cases.py::test_edge_case_image_no_crash[bug_451265] - Upstream bug #451265 - infinite loop causes timeout >300s
FAILED tests/pdfs/edge_cases/test_named_dests_old_style.py::test_text_extraction_named_dests_old_style
FAILED tests/test_013_interface_benchmarks.py::test_image_scaling_analysis[cc_004_291p_291p_mixed]
FAILED tests/test_013_interface_benchmarks.py::test_pdf_type_variation_analysis
===== 3 failed, 2346 passed, 529 skipped, 1 xfailed in 5069.05s (1:24:29) ======
