============================= test session starts ==============================
platform darwin -- Python 3.9.6, pytest-8.4.2, pluggy-1.6.0 -- /Applications/Xcode.app/Contents/Developer/usr/bin/python3
cachedir: .pytest_cache
metadata: {'Python': '3.9.6', 'Platform': 'macOS-15.7.2-arm64-arm-64bit', 'Packages': {'pytest': '8.4.2', 'pluggy': '1.6.0'}, 'Plugins': {'anyio': '4.11.0', 'html': '4.1.1', 'langsmith': '0.4.37', 'timeout': '2.4.0', 'metadata': '3.1.1'}, 'AWS_REGION': 'us-east-1'}
rootdir: /Users/ayates/pdfium_fast/integration_tests
configfile: pytest.ini
testpaths: tests
plugins: anyio-4.11.0, html-4.1.1, langsmith-0.4.37, timeout-2.4.0, metadata-3.1.1
timeout: 300.0s
timeout method: signal
timeout func_only: False
collecting ... collected 2367 items

tests/pdfs/arxiv/test_arxiv_001.py::test_text_extraction_arxiv_001 PASSED [  0%]
tests/pdfs/arxiv/test_arxiv_001.py::test_image_rendering_arxiv_001 PASSED [  0%]
tests/pdfs/arxiv/test_arxiv_002.py::test_text_extraction_arxiv_002 PASSED [  0%]
tests/pdfs/arxiv/test_arxiv_002.py::test_image_rendering_arxiv_002 PASSED [  0%]
tests/pdfs/arxiv/test_arxiv_003.py::test_text_extraction_arxiv_003 PASSED [  0%]
tests/pdfs/arxiv/test_arxiv_003.py::test_image_rendering_arxiv_003 PASSED [  0%]
tests/pdfs/arxiv/test_arxiv_004.py::test_text_extraction_arxiv_004 PASSED [  0%]
tests/pdfs/arxiv/test_arxiv_004.py::test_image_rendering_arxiv_004 PASSED [  0%]
tests/pdfs/arxiv/test_arxiv_005.py::test_text_extraction_arxiv_005 PASSED [  0%]
tests/pdfs/arxiv/test_arxiv_005.py::test_image_rendering_arxiv_005 PASSED [  0%]
tests/pdfs/arxiv/test_arxiv_006.py::test_text_extraction_arxiv_006 PASSED [  0%]
tests/pdfs/arxiv/test_arxiv_006.py::test_image_rendering_arxiv_006 PASSED [  0%]
tests/pdfs/arxiv/test_arxiv_007.py::test_text_extraction_arxiv_007 PASSED [  0%]
tests/pdfs/arxiv/test_arxiv_007.py::test_image_rendering_arxiv_007 PASSED [  0%]
tests/pdfs/arxiv/test_arxiv_008.py::test_text_extraction_arxiv_008 PASSED [  0%]
tests/pdfs/arxiv/test_arxiv_008.py::test_image_rendering_arxiv_008 PASSED [  0%]
tests/pdfs/arxiv/test_arxiv_009.py::test_text_extraction_arxiv_009 PASSED [  0%]
tests/pdfs/arxiv/test_arxiv_009.py::test_image_rendering_arxiv_009 PASSED [  0%]
tests/pdfs/arxiv/test_arxiv_010.py::test_text_extraction_arxiv_010 PASSED [  0%]
tests/pdfs/arxiv/test_arxiv_010.py::test_image_rendering_arxiv_010 PASSED [  0%]
tests/pdfs/arxiv/test_arxiv_011.py::test_text_extraction_arxiv_011 PASSED [  0%]
tests/pdfs/arxiv/test_arxiv_011.py::test_image_rendering_arxiv_011 PASSED [  0%]
tests/pdfs/arxiv/test_arxiv_012.py::test_text_extraction_arxiv_012 PASSED [  0%]
tests/pdfs/arxiv/test_arxiv_012.py::test_image_rendering_arxiv_012 PASSED [  1%]
tests/pdfs/arxiv/test_arxiv_014.py::test_text_extraction_arxiv_014 PASSED [  1%]
tests/pdfs/arxiv/test_arxiv_014.py::test_image_rendering_arxiv_014 PASSED [  1%]
tests/pdfs/arxiv/test_arxiv_015.py::test_text_extraction_arxiv_015 PASSED [  1%]
tests/pdfs/arxiv/test_arxiv_015.py::test_image_rendering_arxiv_015 PASSED [  1%]
tests/pdfs/arxiv/test_arxiv_016.py::test_text_extraction_arxiv_016 PASSED [  1%]
tests/pdfs/arxiv/test_arxiv_016.py::test_image_rendering_arxiv_016 PASSED [  1%]
tests/pdfs/arxiv/test_arxiv_017.py::test_text_extraction_arxiv_017 PASSED [  1%]
tests/pdfs/arxiv/test_arxiv_017.py::test_image_rendering_arxiv_017 PASSED [  1%]
tests/pdfs/arxiv/test_arxiv_018.py::test_text_extraction_arxiv_018 PASSED [  1%]
tests/pdfs/arxiv/test_arxiv_018.py::test_image_rendering_arxiv_018 PASSED [  1%]
tests/pdfs/arxiv/test_arxiv_019.py::test_text_extraction_arxiv_019 PASSED [  1%]
tests/pdfs/arxiv/test_arxiv_019.py::test_image_rendering_arxiv_019 PASSED [  1%]
tests/pdfs/arxiv/test_arxiv_020.py::test_text_extraction_arxiv_020 PASSED [  1%]
tests/pdfs/arxiv/test_arxiv_020.py::test_image_rendering_arxiv_020 PASSED [  1%]
tests/pdfs/arxiv/test_arxiv_021.py::test_text_extraction_arxiv_021 PASSED [  1%]
tests/pdfs/arxiv/test_arxiv_021.py::test_image_rendering_arxiv_021 PASSED [  1%]
tests/pdfs/arxiv/test_arxiv_022.py::test_text_extraction_arxiv_022 PASSED [  1%]
tests/pdfs/arxiv/test_arxiv_022.py::test_image_rendering_arxiv_022 PASSED [  1%]
tests/pdfs/arxiv/test_arxiv_023.py::test_text_extraction_arxiv_023 PASSED [  1%]
tests/pdfs/arxiv/test_arxiv_023.py::test_image_rendering_arxiv_023 PASSED [  1%]
tests/pdfs/arxiv/test_arxiv_024.py::test_text_extraction_arxiv_024 PASSED [  1%]
tests/pdfs/arxiv/test_arxiv_024.py::test_image_rendering_arxiv_024 PASSED [  1%]
tests/pdfs/arxiv/test_arxiv_025.py::test_text_extraction_arxiv_025 PASSED [  1%]
tests/pdfs/arxiv/test_arxiv_025.py::test_image_rendering_arxiv_025 PASSED [  2%]
tests/pdfs/arxiv/test_arxiv_026.py::test_text_extraction_arxiv_026 PASSED [  2%]
tests/pdfs/arxiv/test_arxiv_026.py::test_image_rendering_arxiv_026 PASSED [  2%]
tests/pdfs/arxiv/test_arxiv_027.py::test_text_extraction_arxiv_027 PASSED [  2%]
tests/pdfs/arxiv/test_arxiv_027.py::test_image_rendering_arxiv_027 PASSED [  2%]
tests/pdfs/arxiv/test_arxiv_028.py::test_text_extraction_arxiv_028 PASSED [  2%]
tests/pdfs/arxiv/test_arxiv_028.py::test_image_rendering_arxiv_028 PASSED [  2%]
tests/pdfs/arxiv/test_arxiv_029.py::test_text_extraction_arxiv_029 PASSED [  2%]
tests/pdfs/arxiv/test_arxiv_029.py::test_image_rendering_arxiv_029 PASSED [  2%]
tests/pdfs/arxiv/test_arxiv_030.py::test_text_extraction_arxiv_030 PASSED [  2%]
tests/pdfs/arxiv/test_arxiv_030.py::test_image_rendering_arxiv_030 PASSED [  2%]
tests/pdfs/arxiv/test_arxiv_031.py::test_text_extraction_arxiv_031 PASSED [  2%]
tests/pdfs/arxiv/test_arxiv_031.py::test_image_rendering_arxiv_031 PASSED [  2%]
tests/pdfs/arxiv/test_arxiv_032.py::test_text_extraction_arxiv_032 PASSED [  2%]
tests/pdfs/arxiv/test_arxiv_032.py::test_image_rendering_arxiv_032 PASSED [  2%]
tests/pdfs/arxiv/test_arxiv_033.py::test_text_extraction_arxiv_033 PASSED [  2%]
tests/pdfs/arxiv/test_arxiv_033.py::test_image_rendering_arxiv_033 PASSED [  2%]
tests/pdfs/arxiv/test_arxiv_034.py::test_text_extraction_arxiv_034 PASSED [  2%]
tests/pdfs/arxiv/test_arxiv_034.py::test_image_rendering_arxiv_034 PASSED [  2%]
tests/pdfs/arxiv/test_arxiv_035.py::test_text_extraction_arxiv_035 PASSED [  2%]
tests/pdfs/arxiv/test_arxiv_035.py::test_image_rendering_arxiv_035 PASSED [  2%]
tests/pdfs/arxiv/test_arxiv_036.py::test_text_extraction_arxiv_036 PASSED [  2%]
tests/pdfs/arxiv/test_arxiv_036.py::test_image_rendering_arxiv_036 PASSED [  2%]
tests/pdfs/arxiv/test_arxiv_037.py::test_text_extraction_arxiv_037 PASSED [  2%]
tests/pdfs/arxiv/test_arxiv_037.py::test_image_rendering_arxiv_037 PASSED [  3%]
tests/pdfs/arxiv/test_arxiv_038.py::test_text_extraction_arxiv_038 PASSED [  3%]
tests/pdfs/arxiv/test_arxiv_038.py::test_image_rendering_arxiv_038 PASSED [  3%]
tests/pdfs/arxiv/test_arxiv_039.py::test_text_extraction_arxiv_039 PASSED [  3%]
tests/pdfs/arxiv/test_arxiv_039.py::test_image_rendering_arxiv_039 PASSED [  3%]
tests/pdfs/arxiv/test_arxiv_040.py::test_text_extraction_arxiv_040 PASSED [  3%]
tests/pdfs/arxiv/test_arxiv_040.py::test_image_rendering_arxiv_040 PASSED [  3%]
tests/pdfs/benchmark/test_fax_ccitt.py::test_text_extraction_fax_ccitt PASSED [  3%]
tests/pdfs/benchmark/test_fax_ccitt.py::test_image_rendering_fax_ccitt PASSED [  3%]
tests/pdfs/cc/test_cc_001_931p.py::test_text_extraction_cc_001_931p PASSED [  3%]
tests/pdfs/cc/test_cc_001_931p.py::test_image_rendering_cc_001_931p PASSED [  3%]
tests/pdfs/cc/test_cc_002_522p.py::test_text_extraction_cc_002_522p PASSED [  3%]
tests/pdfs/cc/test_cc_002_522p.py::test_image_rendering_cc_002_522p PASSED [  3%]
tests/pdfs/cc/test_cc_003_162p.py::test_text_extraction_cc_003_162p PASSED [  3%]
tests/pdfs/cc/test_cc_003_162p.py::test_image_rendering_cc_003_162p PASSED [  3%]
tests/pdfs/cc/test_cc_004_291p.py::test_text_extraction_cc_004_291p PASSED [  3%]
tests/pdfs/cc/test_cc_004_291p.py::test_image_rendering_cc_004_291p PASSED [  3%]
tests/pdfs/cc/test_cc_005_172p.py::test_text_extraction_cc_005_172p PASSED [  3%]
tests/pdfs/cc/test_cc_005_172p.py::test_image_rendering_cc_005_172p PASSED [  3%]
tests/pdfs/cc/test_cc_006_254p.py::test_text_extraction_cc_006_254p PASSED [  3%]
tests/pdfs/cc/test_cc_006_254p.py::test_image_rendering_cc_006_254p PASSED [  3%]
tests/pdfs/cc/test_cc_007_101p.py::test_text_extraction_cc_007_101p PASSED [  3%]
tests/pdfs/cc/test_cc_007_101p.py::test_image_rendering_cc_007_101p PASSED [  3%]
tests/pdfs/cc/test_cc_008_116p.py::test_text_extraction_cc_008_116p PASSED [  4%]
tests/pdfs/cc/test_cc_008_116p.py::test_image_rendering_cc_008_116p PASSED [  4%]
tests/pdfs/cc/test_cc_009_188p.py::test_text_extraction_cc_009_188p PASSED [  4%]
tests/pdfs/cc/test_cc_009_188p.py::test_image_rendering_cc_009_188p PASSED [  4%]
tests/pdfs/cc/test_cc_010_206p.py::test_text_extraction_cc_010_206p PASSED [  4%]
tests/pdfs/cc/test_cc_010_206p.py::test_image_rendering_cc_010_206p PASSED [  4%]
tests/pdfs/cc/test_cc_011_222p.py::test_text_extraction_cc_011_222p PASSED [  4%]
tests/pdfs/cc/test_cc_011_222p.py::test_image_rendering_cc_011_222p PASSED [  4%]
tests/pdfs/cc/test_cc_012_244p.py::test_text_extraction_cc_012_244p PASSED [  4%]
tests/pdfs/cc/test_cc_012_244p.py::test_image_rendering_cc_012_244p PASSED [  4%]
tests/pdfs/cc/test_cc_013_122p.py::test_text_extraction_cc_013_122p PASSED [  4%]
tests/pdfs/cc/test_cc_013_122p.py::test_image_rendering_cc_013_122p PASSED [  4%]
tests/pdfs/cc/test_cc_014_176p.py::test_text_extraction_cc_014_176p PASSED [  4%]
tests/pdfs/cc/test_cc_014_176p.py::test_image_rendering_cc_014_176p PASSED [  4%]
tests/pdfs/cc/test_cc_015_101p.py::test_text_extraction_cc_015_101p PASSED [  4%]
tests/pdfs/cc/test_cc_015_101p.py::test_image_rendering_cc_015_101p PASSED [  4%]
tests/pdfs/cc/test_cc_016_159p.py::test_text_extraction_cc_016_159p PASSED [  4%]
tests/pdfs/cc/test_cc_016_159p.py::test_image_rendering_cc_016_159p PASSED [  4%]
tests/pdfs/cc/test_cc_017_145p.py::test_text_extraction_cc_017_145p PASSED [  4%]
tests/pdfs/cc/test_cc_017_145p.py::test_image_rendering_cc_017_145p PASSED [  4%]
tests/pdfs/cc/test_cc_018_167p.py::test_text_extraction_cc_018_167p PASSED [  4%]
tests/pdfs/cc/test_cc_018_167p.py::test_image_rendering_cc_018_167p PASSED [  4%]
tests/pdfs/cc/test_cc_019_198p.py::test_text_extraction_cc_019_198p PASSED [  4%]
tests/pdfs/cc/test_cc_019_198p.py::test_image_rendering_cc_019_198p PASSED [  4%]
tests/pdfs/cc/test_cc_020_103p.py::test_text_extraction_cc_020_103p PASSED [  5%]
tests/pdfs/cc/test_cc_020_103p.py::test_image_rendering_cc_020_103p PASSED [  5%]
tests/pdfs/edge_cases/test_344775293.py::test_text_extraction_344775293 PASSED [  5%]
tests/pdfs/edge_cases/test_344775293.py::test_image_rendering_344775293 FAILED [  5%]
tests/pdfs/edge_cases/test_363015187.py::test_text_extraction_363015187 PASSED [  5%]
tests/pdfs/edge_cases/test_363015187.py::test_image_rendering_363015187 FAILED [  5%]
tests/pdfs/edge_cases/test_about_blank.py::test_text_extraction_about_blank PASSED [  5%]
tests/pdfs/edge_cases/test_about_blank.py::test_image_rendering_about_blank FAILED [  5%]
tests/pdfs/edge_cases/test_annot_javascript.py::test_text_extraction_annot_javascript PASSED [  5%]
tests/pdfs/edge_cases/test_annot_javascript.py::test_image_rendering_annot_javascript FAILED [  5%]
tests/pdfs/edge_cases/test_annotation_fileattachment.py::test_text_extraction_annotation_fileattachment PASSED [  5%]
tests/pdfs/edge_cases/test_annotation_fileattachment.py::test_image_rendering_annotation_fileattachment FAILED [  5%]
tests/pdfs/edge_cases/test_annotation_highlight_long_content.py::test_text_extraction_annotation_highlight_long_content PASSED [  5%]
tests/pdfs/edge_cases/test_annotation_highlight_long_content.py::test_image_rendering_annotation_highlight_long_content PASSED [  5%]
tests/pdfs/edge_cases/test_annotation_highlight_rollover_ap.py::test_text_extraction_annotation_highlight_rollover_ap PASSED [  5%]
tests/pdfs/edge_cases/test_annotation_highlight_rollover_ap.py::test_image_rendering_annotation_highlight_rollover_ap FAILED [  5%]
tests/pdfs/edge_cases/test_annotation_highlight_square_with_ap.py::test_text_extraction_annotation_highlight_square_with_ap PASSED [  5%]
tests/pdfs/edge_cases/test_annotation_highlight_square_with_ap.py::test_image_rendering_annotation_highlight_square_with_ap PASSED [  5%]
tests/pdfs/edge_cases/test_annotation_ink_multiple.py::test_text_extraction_annotation_ink_multiple PASSED [  5%]
tests/pdfs/edge_cases/test_annotation_ink_multiple.py::test_image_rendering_annotation_ink_multiple PASSED [  5%]
tests/pdfs/edge_cases/test_annotation_markup_multiline_no_ap.py::test_text_extraction_annotation_markup_multiline_no_ap PASSED [  5%]
tests/pdfs/edge_cases/test_annotation_markup_multiline_no_ap.py::test_image_rendering_annotation_markup_multiline_no_ap FAILED [  5%]
tests/pdfs/edge_cases/test_annotation_stamp_with_ap.py::test_text_extraction_annotation_stamp_with_ap PASSED [  5%]
tests/pdfs/edge_cases/test_annotation_stamp_with_ap.py::test_image_rendering_annotation_stamp_with_ap PASSED [  5%]
tests/pdfs/edge_cases/test_annotiter.py::test_text_extraction_annotiter FAILED [  6%]
tests/pdfs/edge_cases/test_annotiter.py::test_image_rendering_annotiter FAILED [  6%]
tests/pdfs/edge_cases/test_annots.py::test_text_extraction_annots PASSED [  6%]
tests/pdfs/edge_cases/test_annots.py::test_image_rendering_annots PASSED [  6%]
tests/pdfs/edge_cases/test_annots_action_handling.py::test_text_extraction_annots_action_handling PASSED [  6%]
tests/pdfs/edge_cases/test_annots_action_handling.py::test_image_rendering_annots_action_handling PASSED [  6%]
tests/pdfs/edge_cases/test_bad_annots_entry.py::test_text_extraction_bad_annots_entry PASSED [  6%]
tests/pdfs/edge_cases/test_bad_annots_entry.py::test_image_rendering_bad_annots_entry PASSED [  6%]
tests/pdfs/edge_cases/test_bad_dict_keys.py::test_text_extraction_bad_dict_keys PASSED [  6%]
tests/pdfs/edge_cases/test_bad_dict_keys.py::test_image_rendering_bad_dict_keys FAILED [  6%]
tests/pdfs/edge_cases/test_bad_page_type.py::test_text_extraction_bad_page_type FAILED [  6%]
tests/pdfs/edge_cases/test_bad_page_type.py::test_image_rendering_bad_page_type FAILED [  6%]
tests/pdfs/edge_cases/test_bigtable_mini.py::test_text_extraction_bigtable_mini PASSED [  6%]
tests/pdfs/edge_cases/test_bigtable_mini.py::test_image_rendering_bigtable_mini PASSED [  6%]
tests/pdfs/edge_cases/test_black.py::test_text_extraction_black PASSED   [  6%]
tests/pdfs/edge_cases/test_black.py::test_image_rendering_black FAILED   [  6%]
tests/pdfs/edge_cases/test_bookmarks.py::test_text_extraction_bookmarks PASSED [  6%]
tests/pdfs/edge_cases/test_bookmarks.py::test_image_rendering_bookmarks PASSED [  6%]
tests/pdfs/edge_cases/test_bookmarks_circular.py::test_text_extraction_bookmarks_circular PASSED [  6%]
tests/pdfs/edge_cases/test_bookmarks_circular.py::test_image_rendering_bookmarks_circular PASSED [  6%]
tests/pdfs/edge_cases/test_bug_1029.py::test_text_extraction_bug_1029 PASSED [  6%]
tests/pdfs/edge_cases/test_bug_1029.py::test_image_rendering_bug_1029 PASSED [  6%]
tests/pdfs/edge_cases/test_bug_1055869.py::test_text_extraction_bug_1055869 PASSED [  6%]
tests/pdfs/edge_cases/test_bug_1055869.py::test_image_rendering_bug_1055869 FAILED [  7%]
tests/pdfs/edge_cases/test_bug_1058653.py::test_text_extraction_bug_1058653 PASSED [  7%]
tests/pdfs/edge_cases/test_bug_1058653.py::test_image_rendering_bug_1058653 FAILED [  7%]
tests/pdfs/edge_cases/test_bug_1124998.py::test_text_extraction_bug_1124998 PASSED [  7%]
tests/pdfs/edge_cases/test_bug_1124998.py::test_image_rendering_bug_1124998 PASSED [  7%]
tests/pdfs/edge_cases/test_bug_113.py::test_text_extraction_bug_113 PASSED [  7%]
tests/pdfs/edge_cases/test_bug_113.py::test_image_rendering_bug_113 FAILED [  7%]
tests/pdfs/edge_cases/test_bug_1139.py::test_text_extraction_bug_1139 PASSED [  7%]
tests/pdfs/edge_cases/test_bug_1139.py::test_image_rendering_bug_1139 PASSED [  7%]
tests/pdfs/edge_cases/test_bug_1206.py::test_text_extraction_bug_1206 PASSED [  7%]
tests/pdfs/edge_cases/test_bug_1206.py::test_image_rendering_bug_1206 FAILED [  7%]
tests/pdfs/edge_cases/test_bug_1229106.py::test_text_extraction_bug_1229106 FAILED [  7%]
tests/pdfs/edge_cases/test_bug_1229106.py::test_image_rendering_bug_1229106 FAILED [  7%]
tests/pdfs/edge_cases/test_bug_1265.py::test_text_extraction_bug_1265 PASSED [  7%]
tests/pdfs/edge_cases/test_bug_1265.py::test_image_rendering_bug_1265 FAILED [  7%]
tests/pdfs/edge_cases/test_bug_1296920.py::test_text_extraction_bug_1296920 PASSED [  7%]
tests/pdfs/edge_cases/test_bug_1296920.py::test_image_rendering_bug_1296920 PASSED [  7%]
tests/pdfs/edge_cases/test_bug_1301.py::test_text_extraction_bug_1301 PASSED [  7%]
tests/pdfs/edge_cases/test_bug_1301.py::test_image_rendering_bug_1301 FAILED [  7%]
tests/pdfs/edge_cases/test_bug_1302355.py::test_text_extraction_bug_1302355 PASSED [  7%]
tests/pdfs/edge_cases/test_bug_1302355.py::test_image_rendering_bug_1302355 FAILED [  7%]
tests/pdfs/edge_cases/test_bug_1302455.py::test_text_extraction_bug_1302455 PASSED [  7%]
tests/pdfs/edge_cases/test_bug_1302455.py::test_image_rendering_bug_1302455 FAILED [  7%]
tests/pdfs/edge_cases/test_bug_1324189.py::test_text_extraction_bug_1324189 PASSED [  7%]
tests/pdfs/edge_cases/test_bug_1324189.py::test_image_rendering_bug_1324189 PASSED [  8%]
tests/pdfs/edge_cases/test_bug_1324503.py::test_text_extraction_bug_1324503 PASSED [  8%]
tests/pdfs/edge_cases/test_bug_1324503.py::test_image_rendering_bug_1324503 PASSED [  8%]
tests/pdfs/edge_cases/test_bug_1327884.py::test_text_extraction_bug_1327884 PASSED [  8%]
tests/pdfs/edge_cases/test_bug_1327884.py::test_image_rendering_bug_1327884 FAILED [  8%]
tests/pdfs/edge_cases/test_bug_1328389.py::test_text_extraction_bug_1328389 PASSED [  8%]
tests/pdfs/edge_cases/test_bug_1328389.py::test_image_rendering_bug_1328389 FAILED [  8%]
tests/pdfs/edge_cases/test_bug_1333298.py::test_text_extraction_bug_1333298 PASSED [  8%]
tests/pdfs/edge_cases/test_bug_1333298.py::test_image_rendering_bug_1333298 FAILED [  8%]
tests/pdfs/edge_cases/test_bug_1388_2.py::test_text_extraction_bug_1388_2 PASSED [  8%]
tests/pdfs/edge_cases/test_bug_1388_2.py::test_image_rendering_bug_1388_2 PASSED [  8%]
tests/pdfs/edge_cases/test_bug_1396264.py::test_text_extraction_bug_1396264 PASSED [  8%]
tests/pdfs/edge_cases/test_bug_1396264.py::test_image_rendering_bug_1396264 FAILED [  8%]
tests/pdfs/edge_cases/test_bug_1399.py::test_text_extraction_bug_1399 PASSED [  8%]
tests/pdfs/edge_cases/test_bug_1399.py::test_image_rendering_bug_1399 FAILED [  8%]
tests/pdfs/edge_cases/test_bug_1477093.py::test_text_extraction_bug_1477093 PASSED [  8%]
tests/pdfs/edge_cases/test_bug_1477093.py::test_image_rendering_bug_1477093 PASSED [  8%]
tests/pdfs/edge_cases/test_bug_1506.py::test_text_extraction_bug_1506 FAILED [  8%]
tests/pdfs/edge_cases/test_bug_1506.py::test_image_rendering_bug_1506 FAILED [  8%]
tests/pdfs/edge_cases/test_bug_1549.py::test_text_extraction_bug_1549 PASSED [  8%]
tests/pdfs/edge_cases/test_bug_1549.py::test_image_rendering_bug_1549 FAILED [  8%]
tests/pdfs/edge_cases/test_bug_1558.py::test_text_extraction_bug_1558 PASSED [  8%]
tests/pdfs/edge_cases/test_bug_1558.py::test_image_rendering_bug_1558 PASSED [  8%]
tests/pdfs/edge_cases/test_bug_1574.py::test_text_extraction_bug_1574 PASSED [  8%]
tests/pdfs/edge_cases/test_bug_1574.py::test_image_rendering_bug_1574 PASSED [  9%]
tests/pdfs/edge_cases/test_bug_1591.py::test_text_extraction_bug_1591 PASSED [  9%]
tests/pdfs/edge_cases/test_bug_1591.py::test_image_rendering_bug_1591 PASSED [  9%]
tests/pdfs/edge_cases/test_bug_1646.py::test_text_extraction_bug_1646 PASSED [  9%]
tests/pdfs/edge_cases/test_bug_1646.py::test_image_rendering_bug_1646 FAILED [  9%]
tests/pdfs/edge_cases/test_bug_1658.py::test_text_extraction_bug_1658 PASSED [  9%]
tests/pdfs/edge_cases/test_bug_1658.py::test_image_rendering_bug_1658 FAILED [  9%]
tests/pdfs/edge_cases/test_bug_1768.py::test_text_extraction_bug_1768 PASSED [  9%]
tests/pdfs/edge_cases/test_bug_1768.py::test_image_rendering_bug_1768 PASSED [  9%]
tests/pdfs/edge_cases/test_bug_1769.py::test_text_extraction_bug_1769 PASSED [  9%]
tests/pdfs/edge_cases/test_bug_1769.py::test_image_rendering_bug_1769 PASSED [  9%]
tests/pdfs/edge_cases/test_bug_182.py::test_text_extraction_bug_182 PASSED [  9%]
tests/pdfs/edge_cases/test_bug_182.py::test_image_rendering_bug_182 PASSED [  9%]
tests/pdfs/edge_cases/test_bug_1893.py::test_text_extraction_bug_1893 PASSED [  9%]
tests/pdfs/edge_cases/test_bug_1893.py::test_image_rendering_bug_1893 PASSED [  9%]
tests/pdfs/edge_cases/test_bug_1919.py::test_text_extraction_bug_1919 PASSED [  9%]
tests/pdfs/edge_cases/test_bug_1919.py::test_image_rendering_bug_1919 PASSED [  9%]
tests/pdfs/edge_cases/test_bug_2034.py::test_text_extraction_bug_2034 PASSED [  9%]
tests/pdfs/edge_cases/test_bug_2034.py::test_image_rendering_bug_2034 FAILED [  9%]
tests/pdfs/edge_cases/test_bug_213.py::test_text_extraction_bug_213 PASSED [  9%]
tests/pdfs/edge_cases/test_bug_213.py::test_image_rendering_bug_213 PASSED [  9%]
tests/pdfs/edge_cases/test_bug_2132.py::test_text_extraction_bug_2132 PASSED [  9%]
tests/pdfs/edge_cases/test_bug_2132.py::test_image_rendering_bug_2132 FAILED [  9%]
tests/pdfs/edge_cases/test_bug_216.py::test_text_extraction_bug_216 PASSED [ 10%]
tests/pdfs/edge_cases/test_bug_216.py::test_image_rendering_bug_216 FAILED [ 10%]
tests/pdfs/edge_cases/test_bug_298.py::test_text_extraction_bug_298 PASSED [ 10%]
tests/pdfs/edge_cases/test_bug_298.py::test_image_rendering_bug_298 PASSED [ 10%]
tests/pdfs/edge_cases/test_bug_306123.py::test_text_extraction_bug_306123 PASSED [ 10%]
tests/pdfs/edge_cases/test_bug_306123.py::test_image_rendering_bug_306123 FAILED [ 10%]
tests/pdfs/edge_cases/test_bug_325_a.py::test_text_extraction_bug_325_a PASSED [ 10%]
tests/pdfs/edge_cases/test_bug_325_a.py::test_image_rendering_bug_325_a PASSED [ 10%]
tests/pdfs/edge_cases/test_bug_325_b.py::test_text_extraction_bug_325_b PASSED [ 10%]
tests/pdfs/edge_cases/test_bug_325_b.py::test_image_rendering_bug_325_b PASSED [ 10%]
tests/pdfs/edge_cases/test_bug_343.py::test_text_extraction_bug_343 PASSED [ 10%]
tests/pdfs/edge_cases/test_bug_343.py::test_image_rendering_bug_343 PASSED [ 10%]
tests/pdfs/edge_cases/test_bug_343075986.py::test_text_extraction_bug_343075986 PASSED [ 10%]
tests/pdfs/edge_cases/test_bug_343075986.py::test_image_rendering_bug_343075986 FAILED [ 10%]
tests/pdfs/edge_cases/test_bug_344.py::test_text_extraction_bug_344 PASSED [ 10%]
tests/pdfs/edge_cases/test_bug_344.py::test_image_rendering_bug_344 PASSED [ 10%]
tests/pdfs/edge_cases/test_bug_355.py::test_text_extraction_bug_355 PASSED [ 10%]
tests/pdfs/edge_cases/test_bug_355.py::test_image_rendering_bug_355 PASSED [ 10%]
tests/pdfs/edge_cases/test_bug_360.py::test_text_extraction_bug_360 PASSED [ 10%]
tests/pdfs/edge_cases/test_bug_360.py::test_image_rendering_bug_360 PASSED [ 10%]
tests/pdfs/edge_cases/test_bug_378120423.py::test_text_extraction_bug_378120423 PASSED [ 10%]
tests/pdfs/edge_cases/test_bug_378120423.py::test_image_rendering_bug_378120423 FAILED [ 10%]
tests/pdfs/edge_cases/test_bug_384770169.py::test_text_extraction_bug_384770169 PASSED [ 10%]
tests/pdfs/edge_cases/test_bug_384770169.py::test_image_rendering_bug_384770169 PASSED [ 10%]
tests/pdfs/edge_cases/test_bug_399689604.py::test_text_extraction_bug_399689604 PASSED [ 11%]
tests/pdfs/edge_cases/test_bug_399689604.py::test_image_rendering_bug_399689604 PASSED [ 11%]
tests/pdfs/edge_cases/test_bug_402562387.py::test_text_extraction_bug_402562387 PASSED [ 11%]
tests/pdfs/edge_cases/test_bug_402562387.py::test_image_rendering_bug_402562387 PASSED [ 11%]
tests/pdfs/edge_cases/test_bug_420508260.py::test_text_extraction_bug_420508260 PASSED [ 11%]
tests/pdfs/edge_cases/test_bug_420508260.py::test_image_rendering_bug_420508260 PASSED [ 11%]
tests/pdfs/edge_cases/test_bug_42270471.py::test_text_extraction_bug_42270471 PASSED [ 11%]
tests/pdfs/edge_cases/test_bug_42270471.py::test_image_rendering_bug_42270471 FAILED [ 11%]
tests/pdfs/edge_cases/test_bug_42271133.py::test_text_extraction_bug_42271133 PASSED [ 11%]
tests/pdfs/edge_cases/test_bug_42271133.py::test_image_rendering_bug_42271133 PASSED [ 11%]
tests/pdfs/edge_cases/test_bug_424613308.py::test_text_extraction_bug_424613308 PASSED [ 11%]
tests/pdfs/edge_cases/test_bug_424613308.py::test_image_rendering_bug_424613308 PASSED [ 11%]
tests/pdfs/edge_cases/test_bug_425244539.py::test_text_extraction_bug_425244539 PASSED [ 11%]
tests/pdfs/edge_cases/test_bug_425244539.py::test_image_rendering_bug_425244539 PASSED [ 11%]
tests/pdfs/edge_cases/test_bug_431824298.py::test_text_extraction_bug_431824298 PASSED [ 11%]
tests/pdfs/edge_cases/test_bug_431824298.py::test_image_rendering_bug_431824298 PASSED [ 11%]
tests/pdfs/edge_cases/test_bug_451265.py::test_text_extraction_bug_451265 PASSED [ 11%]
tests/pdfs/edge_cases/test_bug_451265.py::test_image_rendering_bug_451265 FAILED [ 11%]
tests/pdfs/edge_cases/test_bug_451830.py::test_text_extraction_bug_451830 PASSED [ 11%]
tests/pdfs/edge_cases/test_bug_451830.py::test_image_rendering_bug_451830 PASSED [ 11%]
tests/pdfs/edge_cases/test_bug_452455.py::test_text_extraction_bug_452455 PASSED [ 11%]
tests/pdfs/edge_cases/test_bug_452455.py::test_image_rendering_bug_452455 FAILED [ 11%]
tests/pdfs/edge_cases/test_bug_454695.py::test_text_extraction_bug_454695 PASSED [ 11%]
tests/pdfs/edge_cases/test_bug_454695.py::test_image_rendering_bug_454695 PASSED [ 11%]
tests/pdfs/edge_cases/test_bug_455199.py::test_text_extraction_bug_455199 PASSED [ 12%]
tests/pdfs/edge_cases/test_bug_455199.py::test_image_rendering_bug_455199 PASSED [ 12%]
tests/pdfs/edge_cases/test_bug_459580.py::test_text_extraction_bug_459580 PASSED [ 12%]
tests/pdfs/edge_cases/test_bug_459580.py::test_image_rendering_bug_459580 PASSED [ 12%]
tests/pdfs/edge_cases/test_bug_481363.py::test_text_extraction_bug_481363 PASSED [ 12%]
tests/pdfs/edge_cases/test_bug_481363.py::test_image_rendering_bug_481363 FAILED [ 12%]
tests/pdfs/edge_cases/test_bug_487928.py::test_text_extraction_bug_487928 PASSED [ 12%]
tests/pdfs/edge_cases/test_bug_487928.py::test_image_rendering_bug_487928 FAILED [ 12%]
tests/pdfs/edge_cases/test_bug_507316.py::test_text_extraction_bug_507316 FAILED [ 12%]
tests/pdfs/edge_cases/test_bug_507316.py::test_image_rendering_bug_507316 FAILED [ 12%]
tests/pdfs/edge_cases/test_bug_544880.py::test_text_extraction_bug_544880 PASSED [ 12%]
tests/pdfs/edge_cases/test_bug_544880.py::test_image_rendering_bug_544880 PASSED [ 12%]
tests/pdfs/edge_cases/test_bug_547706.py::test_text_extraction_bug_547706 PASSED [ 12%]
tests/pdfs/edge_cases/test_bug_547706.py::test_image_rendering_bug_547706 PASSED [ 12%]
tests/pdfs/edge_cases/test_bug_551248.py::test_text_extraction_bug_551248 PASSED [ 12%]
tests/pdfs/edge_cases/test_bug_551248.py::test_image_rendering_bug_551248 FAILED [ 12%]
tests/pdfs/edge_cases/test_bug_551460.py::test_text_extraction_bug_551460 PASSED [ 12%]
tests/pdfs/edge_cases/test_bug_551460.py::test_image_rendering_bug_551460 FAILED [ 12%]
tests/pdfs/edge_cases/test_bug_552046.py::test_text_extraction_bug_552046 PASSED [ 12%]
tests/pdfs/edge_cases/test_bug_552046.py::test_image_rendering_bug_552046 FAILED [ 12%]
tests/pdfs/edge_cases/test_bug_555784.py::test_text_extraction_bug_555784 PASSED [ 12%]
tests/pdfs/edge_cases/test_bug_555784.py::test_image_rendering_bug_555784 FAILED [ 12%]
tests/pdfs/edge_cases/test_bug_57.py::test_text_extraction_bug_57 PASSED [ 12%]
tests/pdfs/edge_cases/test_bug_57.py::test_image_rendering_bug_57 PASSED [ 13%]
tests/pdfs/edge_cases/test_bug_572871.py::test_text_extraction_bug_572871 FAILED [ 13%]
tests/pdfs/edge_cases/test_bug_572871.py::test_image_rendering_bug_572871 FAILED [ 13%]
tests/pdfs/edge_cases/test_bug_583.py::test_text_extraction_bug_583 PASSED [ 13%]
tests/pdfs/edge_cases/test_bug_583.py::test_image_rendering_bug_583 PASSED [ 13%]
tests/pdfs/edge_cases/test_bug_601362.py::test_text_extraction_bug_601362 PASSED [ 13%]
tests/pdfs/edge_cases/test_bug_601362.py::test_image_rendering_bug_601362 PASSED [ 13%]
tests/pdfs/edge_cases/test_bug_602650.py::test_text_extraction_bug_602650 PASSED [ 13%]
tests/pdfs/edge_cases/test_bug_602650.py::test_image_rendering_bug_602650 PASSED [ 13%]
tests/pdfs/edge_cases/test_bug_620428.py::test_text_extraction_bug_620428 PASSED [ 13%]
tests/pdfs/edge_cases/test_bug_620428.py::test_image_rendering_bug_620428 FAILED [ 13%]
tests/pdfs/edge_cases/test_bug_631912.py::test_text_extraction_bug_631912 PASSED [ 13%]
tests/pdfs/edge_cases/test_bug_631912.py::test_image_rendering_bug_631912 FAILED [ 13%]
tests/pdfs/edge_cases/test_bug_634394.py::test_text_extraction_bug_634394 PASSED [ 13%]
tests/pdfs/edge_cases/test_bug_634394.py::test_image_rendering_bug_634394 FAILED [ 13%]
tests/pdfs/edge_cases/test_bug_634716.py::test_text_extraction_bug_634716 PASSED [ 13%]
tests/pdfs/edge_cases/test_bug_634716.py::test_image_rendering_bug_634716 FAILED [ 13%]
tests/pdfs/edge_cases/test_bug_642.py::test_text_extraction_bug_642 PASSED [ 13%]
tests/pdfs/edge_cases/test_bug_642.py::test_image_rendering_bug_642 PASSED [ 13%]
tests/pdfs/edge_cases/test_bug_644.py::test_text_extraction_bug_644 PASSED [ 13%]
tests/pdfs/edge_cases/test_bug_644.py::test_image_rendering_bug_644 PASSED [ 13%]
tests/pdfs/edge_cases/test_bug_650.py::test_text_extraction_bug_650 PASSED [ 13%]
tests/pdfs/edge_cases/test_bug_650.py::test_image_rendering_bug_650 PASSED [ 13%]
tests/pdfs/edge_cases/test_bug_664284.py::test_text_extraction_bug_664284 PASSED [ 13%]
tests/pdfs/edge_cases/test_bug_664284.py::test_image_rendering_bug_664284 PASSED [ 14%]
tests/pdfs/edge_cases/test_bug_674771.py::test_text_extraction_bug_674771 PASSED [ 14%]
tests/pdfs/edge_cases/test_bug_674771.py::test_image_rendering_bug_674771 FAILED [ 14%]
tests/pdfs/edge_cases/test_bug_679649.py::test_text_extraction_bug_679649 PASSED [ 14%]
tests/pdfs/edge_cases/test_bug_679649.py::test_image_rendering_bug_679649 FAILED [ 14%]
tests/pdfs/edge_cases/test_bug_680376.py::test_text_extraction_bug_680376 PASSED [ 14%]
tests/pdfs/edge_cases/test_bug_680376.py::test_image_rendering_bug_680376 PASSED [ 14%]
tests/pdfs/edge_cases/test_bug_707673.py::test_text_extraction_bug_707673 PASSED [ 14%]
tests/pdfs/edge_cases/test_bug_707673.py::test_image_rendering_bug_707673 PASSED [ 14%]
tests/pdfs/edge_cases/test_bug_709793.py::test_text_extraction_bug_709793 PASSED [ 14%]
tests/pdfs/edge_cases/test_bug_709793.py::test_image_rendering_bug_709793 FAILED [ 14%]
tests/pdfs/edge_cases/test_bug_713197.py::test_text_extraction_bug_713197 PASSED [ 14%]
tests/pdfs/edge_cases/test_bug_713197.py::test_image_rendering_bug_713197 FAILED [ 14%]
tests/pdfs/edge_cases/test_bug_717.py::test_text_extraction_bug_717 PASSED [ 14%]
tests/pdfs/edge_cases/test_bug_717.py::test_image_rendering_bug_717 FAILED [ 14%]
tests/pdfs/edge_cases/test_bug_750568.py::test_text_extraction_bug_750568 FAILED [ 14%]
tests/pdfs/edge_cases/test_bug_750568.py::test_image_rendering_bug_750568 FAILED [ 14%]
tests/pdfs/edge_cases/test_bug_757705.py::test_text_extraction_bug_757705 PASSED [ 14%]
tests/pdfs/edge_cases/test_bug_757705.py::test_image_rendering_bug_757705 PASSED [ 14%]
tests/pdfs/edge_cases/test_bug_765384.py::test_text_extraction_bug_765384 PASSED [ 14%]
tests/pdfs/edge_cases/test_bug_765384.py::test_image_rendering_bug_765384 FAILED [ 14%]
tests/pdfs/edge_cases/test_bug_773229.py::test_text_extraction_bug_773229 PASSED [ 14%]
tests/pdfs/edge_cases/test_bug_773229.py::test_image_rendering_bug_773229 FAILED [ 14%]
tests/pdfs/edge_cases/test_bug_779.py::test_text_extraction_bug_779 PASSED [ 14%]
tests/pdfs/edge_cases/test_bug_779.py::test_image_rendering_bug_779 FAILED [ 15%]
tests/pdfs/edge_cases/test_bug_781804.py::test_text_extraction_bug_781804 PASSED [ 15%]
tests/pdfs/edge_cases/test_bug_781804.py::test_image_rendering_bug_781804 PASSED [ 15%]
tests/pdfs/edge_cases/test_bug_782596.py::test_text_extraction_bug_782596 PASSED [ 15%]
tests/pdfs/edge_cases/test_bug_782596.py::test_image_rendering_bug_782596 PASSED [ 15%]
tests/pdfs/edge_cases/test_bug_821454.py::test_text_extraction_bug_821454 PASSED [ 15%]
tests/pdfs/edge_cases/test_bug_821454.py::test_image_rendering_bug_821454 FAILED [ 15%]
tests/pdfs/edge_cases/test_bug_828049.py::test_text_extraction_bug_828049 PASSED [ 15%]
tests/pdfs/edge_cases/test_bug_828049.py::test_image_rendering_bug_828049 FAILED [ 15%]
tests/pdfs/edge_cases/test_bug_861842.py::test_text_extraction_bug_861842 PASSED [ 15%]
tests/pdfs/edge_cases/test_bug_861842.py::test_image_rendering_bug_861842 FAILED [ 15%]
tests/pdfs/edge_cases/test_bug_889099.py::test_text_extraction_bug_889099 PASSED [ 15%]
tests/pdfs/edge_cases/test_bug_889099.py::test_image_rendering_bug_889099 PASSED [ 15%]
tests/pdfs/edge_cases/test_bug_890322.py::test_text_extraction_bug_890322 PASSED [ 15%]
tests/pdfs/edge_cases/test_bug_890322.py::test_image_rendering_bug_890322 FAILED [ 15%]
tests/pdfs/edge_cases/test_bug_896366.py::test_text_extraction_bug_896366 PASSED [ 15%]
tests/pdfs/edge_cases/test_bug_896366.py::test_image_rendering_bug_896366 FAILED [ 15%]
tests/pdfs/edge_cases/test_bug_900552.py::test_text_extraction_bug_900552 PASSED [ 15%]
tests/pdfs/edge_cases/test_bug_900552.py::test_image_rendering_bug_900552 PASSED [ 15%]
tests/pdfs/edge_cases/test_bug_901654.py::test_text_extraction_bug_901654 PASSED [ 15%]
tests/pdfs/edge_cases/test_bug_901654.py::test_image_rendering_bug_901654 PASSED [ 15%]
tests/pdfs/edge_cases/test_bug_901654_2.py::test_text_extraction_bug_901654_2 PASSED [ 15%]
tests/pdfs/edge_cases/test_bug_901654_2.py::test_image_rendering_bug_901654_2 PASSED [ 15%]
tests/pdfs/edge_cases/test_bug_905142.py::test_text_extraction_bug_905142 PASSED [ 16%]
tests/pdfs/edge_cases/test_bug_905142.py::test_image_rendering_bug_905142 FAILED [ 16%]
tests/pdfs/edge_cases/test_bug_921.py::test_text_extraction_bug_921 PASSED [ 16%]
tests/pdfs/edge_cases/test_bug_921.py::test_image_rendering_bug_921 PASSED [ 16%]
tests/pdfs/edge_cases/test_bug_925981.py::test_text_extraction_bug_925981 PASSED [ 16%]
tests/pdfs/edge_cases/test_bug_925981.py::test_image_rendering_bug_925981 PASSED [ 16%]
tests/pdfs/edge_cases/test_bug_972518.py::test_text_extraction_bug_972518 PASSED [ 16%]
tests/pdfs/edge_cases/test_bug_972518.py::test_image_rendering_bug_972518 FAILED [ 16%]
tests/pdfs/edge_cases/test_bug_xrefv4_loop.py::test_text_extraction_bug_xrefv4_loop PASSED [ 16%]
tests/pdfs/edge_cases/test_bug_xrefv4_loop.py::test_image_rendering_bug_xrefv4_loop FAILED [ 16%]
tests/pdfs/edge_cases/test_calculate.py::test_text_extraction_calculate PASSED [ 16%]
tests/pdfs/edge_cases/test_calculate.py::test_image_rendering_calculate FAILED [ 16%]
tests/pdfs/edge_cases/test_circular_viewer_ref.py::test_text_extraction_circular_viewer_ref FAILED [ 16%]
tests/pdfs/edge_cases/test_circular_viewer_ref.py::test_image_rendering_circular_viewer_ref FAILED [ 16%]
tests/pdfs/edge_cases/test_click_form.py::test_text_extraction_click_form PASSED [ 16%]
tests/pdfs/edge_cases/test_click_form.py::test_image_rendering_click_form PASSED [ 16%]
tests/pdfs/edge_cases/test_clip_path.py::test_text_extraction_clip_path PASSED [ 16%]
tests/pdfs/edge_cases/test_clip_path.py::test_image_rendering_clip_path FAILED [ 16%]
tests/pdfs/edge_cases/test_combobox_form.py::test_text_extraction_combobox_form PASSED [ 16%]
tests/pdfs/edge_cases/test_combobox_form.py::test_image_rendering_combobox_form PASSED [ 16%]
tests/pdfs/edge_cases/test_control_characters.py::test_text_extraction_control_characters PASSED [ 16%]
tests/pdfs/edge_cases/test_control_characters.py::test_image_rendering_control_characters PASSED [ 16%]
tests/pdfs/edge_cases/test_cropped_no_overlap.py::test_text_extraction_cropped_no_overlap PASSED [ 16%]
tests/pdfs/edge_cases/test_cropped_no_overlap.py::test_image_rendering_cropped_no_overlap PASSED [ 16%]
tests/pdfs/edge_cases/test_cropped_text.py::test_text_extraction_cropped_text PASSED [ 17%]
tests/pdfs/edge_cases/test_cropped_text.py::test_image_rendering_cropped_text PASSED [ 17%]
tests/pdfs/edge_cases/test_dashed_lines.py::test_text_extraction_dashed_lines PASSED [ 17%]
tests/pdfs/edge_cases/test_dashed_lines.py::test_image_rendering_dashed_lines FAILED [ 17%]
tests/pdfs/edge_cases/test_docmdp.py::test_text_extraction_docmdp PASSED [ 17%]
tests/pdfs/edge_cases/test_docmdp.py::test_image_rendering_docmdp FAILED [ 17%]
tests/pdfs/edge_cases/test_document_aactions.py::test_text_extraction_document_aactions PASSED [ 17%]
tests/pdfs/edge_cases/test_document_aactions.py::test_image_rendering_document_aactions FAILED [ 17%]
tests/pdfs/edge_cases/test_embedded_attachments.py::test_text_extraction_embedded_attachments PASSED [ 17%]
tests/pdfs/edge_cases/test_embedded_attachments.py::test_image_rendering_embedded_attachments PASSED [ 17%]
tests/pdfs/edge_cases/test_embedded_attachments_invalid_data.py::test_text_extraction_embedded_attachments_invalid_data PASSED [ 17%]
tests/pdfs/edge_cases/test_embedded_attachments_invalid_data.py::test_image_rendering_embedded_attachments_invalid_data FAILED [ 17%]
tests/pdfs/edge_cases/test_embedded_attachments_invalid_types.py::test_text_extraction_embedded_attachments_invalid_types PASSED [ 17%]
tests/pdfs/edge_cases/test_embedded_attachments_invalid_types.py::test_image_rendering_embedded_attachments_invalid_types FAILED [ 17%]
tests/pdfs/edge_cases/test_embedded_images.py::test_text_extraction_embedded_images PASSED [ 17%]
tests/pdfs/edge_cases/test_embedded_images.py::test_image_rendering_embedded_images PASSED [ 17%]
tests/pdfs/edge_cases/test_empty_xref.py::test_text_extraction_empty_xref PASSED [ 17%]
tests/pdfs/edge_cases/test_empty_xref.py::test_image_rendering_empty_xref PASSED [ 17%]
tests/pdfs/edge_cases/test_encrypted.py::test_text_extraction_encrypted PASSED [ 17%]
tests/pdfs/edge_cases/test_encrypted.py::test_image_rendering_encrypted PASSED [ 17%]
tests/pdfs/edge_cases/test_encrypted_hello_world_r2.py::test_text_extraction_encrypted_hello_world_r2 PASSED [ 17%]
tests/pdfs/edge_cases/test_encrypted_hello_world_r2.py::test_image_rendering_encrypted_hello_world_r2 PASSED [ 17%]
tests/pdfs/edge_cases/test_encrypted_hello_world_r2_bad_okey.py::test_text_extraction_encrypted_hello_world_r2_bad_okey PASSED [ 17%]
tests/pdfs/edge_cases/test_encrypted_hello_world_r2_bad_okey.py::test_image_rendering_encrypted_hello_world_r2_bad_okey PASSED [ 17%]
tests/pdfs/edge_cases/test_encrypted_hello_world_r3.py::test_text_extraction_encrypted_hello_world_r3 PASSED [ 18%]
tests/pdfs/edge_cases/test_encrypted_hello_world_r3.py::test_image_rendering_encrypted_hello_world_r3 PASSED [ 18%]
tests/pdfs/edge_cases/test_encrypted_hello_world_r3_bad_okey.py::test_text_extraction_encrypted_hello_world_r3_bad_okey PASSED [ 18%]
tests/pdfs/edge_cases/test_encrypted_hello_world_r3_bad_okey.py::test_image_rendering_encrypted_hello_world_r3_bad_okey PASSED [ 18%]
tests/pdfs/edge_cases/test_encrypted_hello_world_r5.py::test_text_extraction_encrypted_hello_world_r5 PASSED [ 18%]
tests/pdfs/edge_cases/test_encrypted_hello_world_r5.py::test_image_rendering_encrypted_hello_world_r5 PASSED [ 18%]
tests/pdfs/edge_cases/test_encrypted_hello_world_r6.py::test_text_extraction_encrypted_hello_world_r6 PASSED [ 18%]
tests/pdfs/edge_cases/test_encrypted_hello_world_r6.py::test_image_rendering_encrypted_hello_world_r6 PASSED [ 18%]
tests/pdfs/edge_cases/test_feature_linearized_loading.py::test_text_extraction_feature_linearized_loading PASSED [ 18%]
tests/pdfs/edge_cases/test_feature_linearized_loading.py::test_image_rendering_feature_linearized_loading PASSED [ 18%]
tests/pdfs/edge_cases/test_find_text_consecutive.py::test_text_extraction_find_text_consecutive PASSED [ 18%]
tests/pdfs/edge_cases/test_find_text_consecutive.py::test_image_rendering_find_text_consecutive PASSED [ 18%]
tests/pdfs/edge_cases/test_font_matrix.py::test_text_extraction_font_matrix PASSED [ 18%]
tests/pdfs/edge_cases/test_font_matrix.py::test_image_rendering_font_matrix PASSED [ 18%]
tests/pdfs/edge_cases/test_font_weight.py::test_text_extraction_font_weight PASSED [ 18%]
tests/pdfs/edge_cases/test_font_weight.py::test_image_rendering_font_weight PASSED [ 18%]
tests/pdfs/edge_cases/test_form_object.py::test_text_extraction_form_object PASSED [ 18%]
tests/pdfs/edge_cases/test_form_object.py::test_image_rendering_form_object PASSED [ 18%]
tests/pdfs/edge_cases/test_form_object_with_image.py::test_text_extraction_form_object_with_image PASSED [ 18%]
tests/pdfs/edge_cases/test_form_object_with_image.py::test_image_rendering_form_object_with_image FAILED [ 18%]
tests/pdfs/edge_cases/test_form_object_with_path.py::test_text_extraction_form_object_with_path PASSED [ 18%]
tests/pdfs/edge_cases/test_form_object_with_path.py::test_image_rendering_form_object_with_path FAILED [ 18%]
tests/pdfs/edge_cases/test_form_object_with_text.py::test_text_extraction_form_object_with_text PASSED [ 18%]
tests/pdfs/edge_cases/test_form_object_with_text.py::test_image_rendering_form_object_with_text PASSED [ 19%]
tests/pdfs/edge_cases/test_freetext_annotation_without_da.py::test_text_extraction_freetext_annotation_without_da PASSED [ 19%]
tests/pdfs/edge_cases/test_freetext_annotation_without_da.py::test_image_rendering_freetext_annotation_without_da FAILED [ 19%]
tests/pdfs/edge_cases/test_get_page_aaction.py::test_text_extraction_get_page_aaction FAILED [ 19%]
tests/pdfs/edge_cases/test_get_page_aaction.py::test_image_rendering_get_page_aaction FAILED [ 19%]
tests/pdfs/edge_cases/test_goto_action.py::test_text_extraction_goto_action PASSED [ 19%]
tests/pdfs/edge_cases/test_goto_action.py::test_image_rendering_goto_action FAILED [ 19%]
tests/pdfs/edge_cases/test_gotoe_action.py::test_text_extraction_gotoe_action PASSED [ 19%]
tests/pdfs/edge_cases/test_gotoe_action.py::test_image_rendering_gotoe_action FAILED [ 19%]
tests/pdfs/edge_cases/test_hebrew_mirrored.py::test_text_extraction_hebrew_mirrored PASSED [ 19%]
tests/pdfs/edge_cases/test_hebrew_mirrored.py::test_image_rendering_hebrew_mirrored PASSED [ 19%]
tests/pdfs/edge_cases/test_hello_world.py::test_text_extraction_hello_world PASSED [ 19%]
tests/pdfs/edge_cases/test_hello_world.py::test_image_rendering_hello_world PASSED [ 19%]
tests/pdfs/edge_cases/test_hello_world_2_pages.py::test_text_extraction_hello_world_2_pages PASSED [ 19%]
tests/pdfs/edge_cases/test_hello_world_2_pages.py::test_image_rendering_hello_world_2_pages PASSED [ 19%]
tests/pdfs/edge_cases/test_hello_world_compressed_stream.py::test_text_extraction_hello_world_compressed_stream PASSED [ 19%]
tests/pdfs/edge_cases/test_hello_world_compressed_stream.py::test_image_rendering_hello_world_compressed_stream PASSED [ 19%]
tests/pdfs/edge_cases/test_hello_world_split_streams.py::test_text_extraction_hello_world_split_streams PASSED [ 19%]
tests/pdfs/edge_cases/test_hello_world_split_streams.py::test_image_rendering_hello_world_split_streams PASSED [ 19%]
tests/pdfs/edge_cases/test_ink_annot.py::test_text_extraction_ink_annot PASSED [ 19%]
tests/pdfs/edge_cases/test_ink_annot.py::test_image_rendering_ink_annot FAILED [ 19%]
tests/pdfs/edge_cases/test_jpx_lzw.py::test_text_extraction_jpx_lzw PASSED [ 19%]
tests/pdfs/edge_cases/test_jpx_lzw.py::test_image_rendering_jpx_lzw FAILED [ 19%]
tests/pdfs/edge_cases/test_js.py::test_text_extraction_js PASSED         [ 19%]
tests/pdfs/edge_cases/test_js.py::test_image_rendering_js FAILED         [ 20%]
tests/pdfs/edge_cases/test_latin_extended.py::test_text_extraction_latin_extended PASSED [ 20%]
tests/pdfs/edge_cases/test_latin_extended.py::test_image_rendering_latin_extended PASSED [ 20%]
tests/pdfs/edge_cases/test_launch_action.py::test_text_extraction_launch_action PASSED [ 20%]
tests/pdfs/edge_cases/test_launch_action.py::test_image_rendering_launch_action FAILED [ 20%]
tests/pdfs/edge_cases/test_line_annot.py::test_text_extraction_line_annot PASSED [ 20%]
tests/pdfs/edge_cases/test_line_annot.py::test_image_rendering_line_annot FAILED [ 20%]
tests/pdfs/edge_cases/test_linearized.py::test_text_extraction_linearized FAILED [ 20%]
tests/pdfs/edge_cases/test_linearized.py::test_image_rendering_linearized FAILED [ 20%]
tests/pdfs/edge_cases/test_linearized_bug_1055.py::test_text_extraction_linearized_bug_1055 FAILED [ 20%]
tests/pdfs/edge_cases/test_linearized_bug_1055.py::test_image_rendering_linearized_bug_1055 FAILED [ 20%]
tests/pdfs/edge_cases/test_links_highlights_annots.py::test_text_extraction_links_highlights_annots PASSED [ 20%]
tests/pdfs/edge_cases/test_links_highlights_annots.py::test_image_rendering_links_highlights_annots PASSED [ 20%]
tests/pdfs/edge_cases/test_listbox_form.py::test_text_extraction_listbox_form PASSED [ 20%]
tests/pdfs/edge_cases/test_listbox_form.py::test_image_rendering_listbox_form PASSED [ 20%]
tests/pdfs/edge_cases/test_many_rectangles.py::test_text_extraction_many_rectangles PASSED [ 20%]
tests/pdfs/edge_cases/test_many_rectangles.py::test_image_rendering_many_rectangles FAILED [ 20%]
tests/pdfs/edge_cases/test_marked_content_id.py::test_text_extraction_marked_content_id PASSED [ 20%]
tests/pdfs/edge_cases/test_marked_content_id.py::test_image_rendering_marked_content_id FAILED [ 20%]
tests/pdfs/edge_cases/test_matte.py::test_text_extraction_matte PASSED   [ 20%]
tests/pdfs/edge_cases/test_matte.py::test_image_rendering_matte FAILED   [ 20%]
tests/pdfs/edge_cases/test_multiple_form_types.py::test_text_extraction_multiple_form_types PASSED [ 20%]
tests/pdfs/edge_cases/test_multiple_form_types.py::test_image_rendering_multiple_form_types PASSED [ 20%]
tests/pdfs/edge_cases/test_multiple_graphics_states.py::test_text_extraction_multiple_graphics_states PASSED [ 20%]
tests/pdfs/edge_cases/test_multiple_graphics_states.py::test_image_rendering_multiple_graphics_states FAILED [ 21%]
tests/pdfs/edge_cases/test_named_dests.py::test_text_extraction_named_dests PASSED [ 21%]
tests/pdfs/edge_cases/test_named_dests.py::test_image_rendering_named_dests PASSED [ 21%]
tests/pdfs/edge_cases/test_named_dests_old_style.py::test_text_extraction_named_dests_old_style PASSED [ 21%]
tests/pdfs/edge_cases/test_named_dests_old_style.py::test_image_rendering_named_dests_old_style PASSED [ 21%]
tests/pdfs/edge_cases/test_no_page_count.py::test_text_extraction_no_page_count PASSED [ 21%]
tests/pdfs/edge_cases/test_no_page_count.py::test_image_rendering_no_page_count PASSED [ 21%]
tests/pdfs/edge_cases/test_non_hex_file_id.py::test_text_extraction_non_hex_file_id PASSED [ 21%]
tests/pdfs/edge_cases/test_non_hex_file_id.py::test_image_rendering_non_hex_file_id FAILED [ 21%]
tests/pdfs/edge_cases/test_nonesuch_action.py::test_text_extraction_nonesuch_action PASSED [ 21%]
tests/pdfs/edge_cases/test_nonesuch_action.py::test_image_rendering_nonesuch_action FAILED [ 21%]
tests/pdfs/edge_cases/test_page_labels.py::test_text_extraction_page_labels FAILED [ 21%]
tests/pdfs/edge_cases/test_page_labels.py::test_image_rendering_page_labels FAILED [ 21%]
tests/pdfs/edge_cases/test_page_tree_empty_node.py::test_text_extraction_page_tree_empty_node FAILED [ 21%]
tests/pdfs/edge_cases/test_page_tree_empty_node.py::test_image_rendering_page_tree_empty_node FAILED [ 21%]
tests/pdfs/edge_cases/test_parser_rebuildxref_correct.py::test_text_extraction_parser_rebuildxref_correct PASSED [ 21%]
tests/pdfs/edge_cases/test_parser_rebuildxref_correct.py::test_image_rendering_parser_rebuildxref_correct PASSED [ 21%]
tests/pdfs/edge_cases/test_parser_rebuildxref_error_notrailer.py::test_text_extraction_parser_rebuildxref_error_notrailer PASSED [ 21%]
tests/pdfs/edge_cases/test_parser_rebuildxref_error_notrailer.py::test_image_rendering_parser_rebuildxref_error_notrailer PASSED [ 21%]
tests/pdfs/edge_cases/test_polygon_annot.py::test_text_extraction_polygon_annot PASSED [ 21%]
tests/pdfs/edge_cases/test_polygon_annot.py::test_image_rendering_polygon_annot FAILED [ 21%]
tests/pdfs/edge_cases/test_rectangles.py::test_text_extraction_rectangles PASSED [ 21%]
tests/pdfs/edge_cases/test_rectangles.py::test_image_rendering_rectangles FAILED [ 21%]
tests/pdfs/edge_cases/test_rectangles_double_flipped.py::test_text_extraction_rectangles_double_flipped PASSED [ 22%]
tests/pdfs/edge_cases/test_rectangles_double_flipped.py::test_image_rendering_rectangles_double_flipped FAILED [ 22%]
tests/pdfs/edge_cases/test_rectangles_multi_page_xfa.py::test_text_extraction_rectangles_multi_page_xfa FAILED [ 22%]
tests/pdfs/edge_cases/test_rectangles_multi_page_xfa.py::test_image_rendering_rectangles_multi_page_xfa FAILED [ 22%]
tests/pdfs/edge_cases/test_rectangles_multi_pages.py::test_text_extraction_rectangles_multi_pages FAILED [ 22%]
tests/pdfs/edge_cases/test_rectangles_multi_pages.py::test_image_rendering_rectangles_multi_pages FAILED [ 22%]
tests/pdfs/edge_cases/test_rectangles_object_zero.py::test_text_extraction_rectangles_object_zero PASSED [ 22%]
tests/pdfs/edge_cases/test_rectangles_object_zero.py::test_image_rendering_rectangles_object_zero FAILED [ 22%]
tests/pdfs/edge_cases/test_rectangles_with_leaky_ctm.py::test_text_extraction_rectangles_with_leaky_ctm PASSED [ 22%]
tests/pdfs/edge_cases/test_rectangles_with_leaky_ctm.py::test_image_rendering_rectangles_with_leaky_ctm FAILED [ 22%]
tests/pdfs/edge_cases/test_redact_annot.py::test_text_extraction_redact_annot PASSED [ 22%]
tests/pdfs/edge_cases/test_redact_annot.py::test_image_rendering_redact_annot FAILED [ 22%]
tests/pdfs/edge_cases/test_redirect.py::test_text_extraction_redirect PASSED [ 22%]
tests/pdfs/edge_cases/test_redirect.py::test_image_rendering_redirect FAILED [ 22%]
tests/pdfs/edge_cases/test_repeat_viewer_ref.py::test_text_extraction_repeat_viewer_ref FAILED [ 22%]
tests/pdfs/edge_cases/test_repeat_viewer_ref.py::test_image_rendering_repeat_viewer_ref FAILED [ 22%]
tests/pdfs/edge_cases/test_rotated_image.py::test_text_extraction_rotated_image PASSED [ 22%]
tests/pdfs/edge_cases/test_rotated_image.py::test_image_rendering_rotated_image FAILED [ 22%]
tests/pdfs/edge_cases/test_rotated_text.py::test_text_extraction_rotated_text PASSED [ 22%]
tests/pdfs/edge_cases/test_rotated_text.py::test_image_rendering_rotated_text PASSED [ 22%]
tests/pdfs/edge_cases/test_rotated_text_90.py::test_text_extraction_rotated_text_90 PASSED [ 22%]
tests/pdfs/edge_cases/test_rotated_text_90.py::test_image_rendering_rotated_text_90 PASSED [ 22%]
tests/pdfs/edge_cases/test_signature_no_sub_filter.py::test_text_extraction_signature_no_sub_filter PASSED [ 22%]
tests/pdfs/edge_cases/test_signature_no_sub_filter.py::test_image_rendering_signature_no_sub_filter FAILED [ 22%]
tests/pdfs/edge_cases/test_signature_reason.py::test_text_extraction_signature_reason PASSED [ 23%]
tests/pdfs/edge_cases/test_signature_reason.py::test_image_rendering_signature_reason FAILED [ 23%]
tests/pdfs/edge_cases/test_simple_thumbnail.py::test_text_extraction_simple_thumbnail FAILED [ 23%]
tests/pdfs/edge_cases/test_simple_thumbnail.py::test_image_rendering_simple_thumbnail FAILED [ 23%]
tests/pdfs/edge_cases/test_simple_xfa.py::test_text_extraction_simple_xfa PASSED [ 23%]
tests/pdfs/edge_cases/test_simple_xfa.py::test_image_rendering_simple_xfa FAILED [ 23%]
tests/pdfs/edge_cases/test_split_streams.py::test_text_extraction_split_streams PASSED [ 23%]
tests/pdfs/edge_cases/test_split_streams.py::test_image_rendering_split_streams PASSED [ 23%]
tests/pdfs/edge_cases/test_tagged_actual_text.py::test_text_extraction_tagged_actual_text PASSED [ 23%]
tests/pdfs/edge_cases/test_tagged_actual_text.py::test_image_rendering_tagged_actual_text FAILED [ 23%]
tests/pdfs/edge_cases/test_tagged_alt_text.py::test_text_extraction_tagged_alt_text PASSED [ 23%]
tests/pdfs/edge_cases/test_tagged_alt_text.py::test_image_rendering_tagged_alt_text FAILED [ 23%]
tests/pdfs/edge_cases/test_tagged_marked_content.py::test_text_extraction_tagged_marked_content PASSED [ 23%]
tests/pdfs/edge_cases/test_tagged_marked_content.py::test_image_rendering_tagged_marked_content PASSED [ 23%]
tests/pdfs/edge_cases/test_tagged_mcr_multipage.py::test_text_extraction_tagged_mcr_multipage PASSED [ 23%]
tests/pdfs/edge_cases/test_tagged_mcr_multipage.py::test_image_rendering_tagged_mcr_multipage PASSED [ 23%]
tests/pdfs/edge_cases/test_tagged_mcr_objr.py::test_text_extraction_tagged_mcr_objr PASSED [ 23%]
tests/pdfs/edge_cases/test_tagged_mcr_objr.py::test_image_rendering_tagged_mcr_objr PASSED [ 23%]
tests/pdfs/edge_cases/test_tagged_nested.py::test_text_extraction_tagged_nested PASSED [ 23%]
tests/pdfs/edge_cases/test_tagged_nested.py::test_image_rendering_tagged_nested PASSED [ 23%]
tests/pdfs/edge_cases/test_tagged_table.py::test_text_extraction_tagged_table PASSED [ 23%]
tests/pdfs/edge_cases/test_tagged_table.py::test_image_rendering_tagged_table FAILED [ 23%]
tests/pdfs/edge_cases/test_tagged_table_bad_elem.py::test_text_extraction_tagged_table_bad_elem PASSED [ 23%]
tests/pdfs/edge_cases/test_tagged_table_bad_elem.py::test_image_rendering_tagged_table_bad_elem FAILED [ 23%]
tests/pdfs/edge_cases/test_tagged_table_bad_parent.py::test_text_extraction_tagged_table_bad_parent PASSED [ 24%]
tests/pdfs/edge_cases/test_tagged_table_bad_parent.py::test_image_rendering_tagged_table_bad_parent FAILED [ 24%]
tests/pdfs/edge_cases/test_text_color.py::test_text_extraction_text_color PASSED [ 24%]
tests/pdfs/edge_cases/test_text_color.py::test_image_rendering_text_color PASSED [ 24%]
tests/pdfs/edge_cases/test_text_font.py::test_text_extraction_text_font PASSED [ 24%]
tests/pdfs/edge_cases/test_text_font.py::test_image_rendering_text_font PASSED [ 24%]
tests/pdfs/edge_cases/test_text_form.py::test_text_extraction_text_form PASSED [ 24%]
tests/pdfs/edge_cases/test_text_form.py::test_image_rendering_text_form PASSED [ 24%]
tests/pdfs/edge_cases/test_text_form_color.py::test_text_extraction_text_form_color PASSED [ 24%]
tests/pdfs/edge_cases/test_text_form_color.py::test_image_rendering_text_form_color FAILED [ 24%]
tests/pdfs/edge_cases/test_text_form_multiline.py::test_text_extraction_text_form_multiline PASSED [ 24%]
tests/pdfs/edge_cases/test_text_form_multiline.py::test_image_rendering_text_form_multiline PASSED [ 24%]
tests/pdfs/edge_cases/test_text_form_multiple.py::test_text_extraction_text_form_multiple PASSED [ 24%]
tests/pdfs/edge_cases/test_text_form_multiple.py::test_image_rendering_text_form_multiple PASSED [ 24%]
tests/pdfs/edge_cases/test_text_form_negative_fontsize.py::test_text_extraction_text_form_negative_fontsize PASSED [ 24%]
tests/pdfs/edge_cases/test_text_form_negative_fontsize.py::test_image_rendering_text_form_negative_fontsize PASSED [ 24%]
tests/pdfs/edge_cases/test_text_in_page_marked.py::test_text_extraction_text_in_page_marked PASSED [ 24%]
tests/pdfs/edge_cases/test_text_in_page_marked.py::test_image_rendering_text_in_page_marked PASSED [ 24%]
tests/pdfs/edge_cases/test_text_in_page_marked_indirect.py::test_text_extraction_text_in_page_marked_indirect PASSED [ 24%]
tests/pdfs/edge_cases/test_text_in_page_marked_indirect.py::test_image_rendering_text_in_page_marked_indirect PASSED [ 24%]
tests/pdfs/edge_cases/test_text_render_mode.py::test_text_extraction_text_render_mode PASSED [ 24%]
tests/pdfs/edge_cases/test_text_render_mode.py::test_image_rendering_text_render_mode PASSED [ 24%]
tests/pdfs/edge_cases/test_thumbnail_with_empty_stream.py::test_text_extraction_thumbnail_with_empty_stream PASSED [ 24%]
tests/pdfs/edge_cases/test_thumbnail_with_empty_stream.py::test_image_rendering_thumbnail_with_empty_stream FAILED [ 25%]
tests/pdfs/edge_cases/test_thumbnail_with_no_filters.py::test_text_extraction_thumbnail_with_no_filters PASSED [ 25%]
tests/pdfs/edge_cases/test_thumbnail_with_no_filters.py::test_image_rendering_thumbnail_with_no_filters FAILED [ 25%]
tests/pdfs/edge_cases/test_trailer_as_hexstring.py::test_text_extraction_trailer_as_hexstring PASSED [ 25%]
tests/pdfs/edge_cases/test_trailer_as_hexstring.py::test_image_rendering_trailer_as_hexstring PASSED [ 25%]
tests/pdfs/edge_cases/test_trailer_end_trailing_space.py::test_text_extraction_trailer_end_trailing_space PASSED [ 25%]
tests/pdfs/edge_cases/test_trailer_end_trailing_space.py::test_image_rendering_trailer_end_trailing_space PASSED [ 25%]
tests/pdfs/edge_cases/test_trailer_unterminated.py::test_text_extraction_trailer_unterminated PASSED [ 25%]
tests/pdfs/edge_cases/test_trailer_unterminated.py::test_image_rendering_trailer_unterminated PASSED [ 25%]
tests/pdfs/edge_cases/test_two_signatures.py::test_text_extraction_two_signatures PASSED [ 25%]
tests/pdfs/edge_cases/test_two_signatures.py::test_image_rendering_two_signatures FAILED [ 25%]
tests/pdfs/edge_cases/test_unsupported_feature.py::test_text_extraction_unsupported_feature PASSED [ 25%]
tests/pdfs/edge_cases/test_unsupported_feature.py::test_image_rendering_unsupported_feature FAILED [ 25%]
tests/pdfs/edge_cases/test_uri_action.py::test_text_extraction_uri_action PASSED [ 25%]
tests/pdfs/edge_cases/test_uri_action.py::test_image_rendering_uri_action FAILED [ 25%]
tests/pdfs/edge_cases/test_uri_action_nonascii.py::test_text_extraction_uri_action_nonascii PASSED [ 25%]
tests/pdfs/edge_cases/test_uri_action_nonascii.py::test_image_rendering_uri_action_nonascii FAILED [ 25%]
tests/pdfs/edge_cases/test_use_outlines.py::test_text_extraction_use_outlines PASSED [ 25%]
tests/pdfs/edge_cases/test_use_outlines.py::test_image_rendering_use_outlines PASSED [ 25%]
tests/pdfs/edge_cases/test_utf_8.py::test_text_extraction_utf_8 PASSED   [ 25%]
tests/pdfs/edge_cases/test_utf_8.py::test_image_rendering_utf_8 FAILED   [ 25%]
tests/pdfs/edge_cases/test_version_in_catalog.py::test_text_extraction_version_in_catalog PASSED [ 25%]
tests/pdfs/edge_cases/test_version_in_catalog.py::test_image_rendering_version_in_catalog FAILED [ 25%]
tests/pdfs/edge_cases/test_vertical_text.py::test_text_extraction_vertical_text PASSED [ 25%]
tests/pdfs/edge_cases/test_vertical_text.py::test_image_rendering_vertical_text PASSED [ 26%]
tests/pdfs/edge_cases/test_viewer_pref_types.py::test_text_extraction_viewer_pref_types PASSED [ 26%]
tests/pdfs/edge_cases/test_viewer_pref_types.py::test_image_rendering_viewer_pref_types FAILED [ 26%]
tests/pdfs/edge_cases/test_viewer_ref.py::test_text_extraction_viewer_ref PASSED [ 26%]
tests/pdfs/edge_cases/test_viewer_ref.py::test_image_rendering_viewer_ref PASSED [ 26%]
tests/pdfs/edge_cases/test_weblinks.py::test_text_extraction_weblinks PASSED [ 26%]
tests/pdfs/edge_cases/test_weblinks.py::test_image_rendering_weblinks PASSED [ 26%]
tests/pdfs/edge_cases/test_weblinks_across_lines.py::test_text_extraction_weblinks_across_lines PASSED [ 26%]
tests/pdfs/edge_cases/test_weblinks_across_lines.py::test_image_rendering_weblinks_across_lines PASSED [ 26%]
tests/pdfs/edge_cases/test_zero_length_stream.py::test_text_extraction_zero_length_stream PASSED [ 26%]
tests/pdfs/edge_cases/test_zero_length_stream.py::test_image_rendering_zero_length_stream PASSED [ 26%]
tests/pdfs/edinet/test_edinet_2025_06_23_1701_E04341_Konoike_Transport_CoLtd.py::test_text_extraction_edinet_2025_06_23_1701_E04341_Konoike_Transport_CoLtd PASSED [ 26%]
tests/pdfs/edinet/test_edinet_2025_06_23_1701_E04341_Konoike_Transport_CoLtd.py::test_image_rendering_edinet_2025_06_23_1701_E04341_Konoike_Transport_CoLtd PASSED [ 26%]
tests/pdfs/edinet/test_edinet_2025_06_24_0930_E03557_The_Chiba_Kogyo_Bank_Ltd.py::test_text_extraction_edinet_2025_06_24_0930_E03557_The_Chiba_Kogyo_Bank_Ltd PASSED [ 26%]
tests/pdfs/edinet/test_edinet_2025_06_24_0930_E03557_The_Chiba_Kogyo_Bank_Ltd.py::test_image_rendering_edinet_2025_06_24_0930_E03557_The_Chiba_Kogyo_Bank_Ltd PASSED [ 26%]
tests/pdfs/edinet/test_edinet_2025_06_24_1124_E05556_Saint_Marc_Holdings_CoLtd.py::test_text_extraction_edinet_2025_06_24_1124_E05556_Saint_Marc_Holdings_CoLtd PASSED [ 26%]
tests/pdfs/edinet/test_edinet_2025_06_24_1124_E05556_Saint_Marc_Holdings_CoLtd.py::test_image_rendering_edinet_2025_06_24_1124_E05556_Saint_Marc_Holdings_CoLtd PASSED [ 26%]
tests/pdfs/edinet/test_edinet_2025_06_24_1136_E01606_Not_Registered_in_English.py::test_text_extraction_edinet_2025_06_24_1136_E01606_Not_Registered_in_English PASSED [ 26%]
tests/pdfs/edinet/test_edinet_2025_06_24_1136_E01606_Not_Registered_in_English.py::test_image_rendering_edinet_2025_06_24_1136_E01606_Not_Registered_in_English PASSED [ 26%]
tests/pdfs/edinet/test_edinet_2025_06_24_1316_E33834_Shinwa_Co_Ltd.py::test_text_extraction_edinet_2025_06_24_1316_E33834_Shinwa_Co_Ltd PASSED [ 26%]
tests/pdfs/edinet/test_edinet_2025_06_24_1316_E33834_Shinwa_Co_Ltd.py::test_image_rendering_edinet_2025_06_24_1316_E33834_Shinwa_Co_Ltd PASSED [ 26%]
tests/pdfs/edinet/test_edinet_2025_06_24_1318_E01920_Makita_Corporation.py::test_text_extraction_edinet_2025_06_24_1318_E01920_Makita_Corporation PASSED [ 26%]
tests/pdfs/edinet/test_edinet_2025_06_24_1318_E01920_Makita_Corporation.py::test_image_rendering_edinet_2025_06_24_1318_E01920_Makita_Corporation PASSED [ 26%]
tests/pdfs/edinet/test_edinet_2025_06_24_1548_E01914_Not_Registered_in_English.py::test_text_extraction_edinet_2025_06_24_1548_E01914_Not_Registered_in_English PASSED [ 26%]
tests/pdfs/edinet/test_edinet_2025_06_24_1548_E01914_Not_Registered_in_English.py::test_image_rendering_edinet_2025_06_24_1548_E01914_Not_Registered_in_English PASSED [ 27%]
tests/pdfs/edinet/test_edinet_2025_06_25_1027_E01750_DAIHEN_CORPORATION.py::test_text_extraction_edinet_2025_06_25_1027_E01750_DAIHEN_CORPORATION PASSED [ 27%]
tests/pdfs/edinet/test_edinet_2025_06_25_1027_E01750_DAIHEN_CORPORATION.py::test_image_rendering_edinet_2025_06_25_1027_E01750_DAIHEN_CORPORATION PASSED [ 27%]
tests/pdfs/edinet/test_edinet_2025_06_25_1357_E01684_SEIKO_CORPORATION.py::test_text_extraction_edinet_2025_06_25_1357_E01684_SEIKO_CORPORATION PASSED [ 27%]
tests/pdfs/edinet/test_edinet_2025_06_25_1357_E01684_SEIKO_CORPORATION.py::test_image_rendering_edinet_2025_06_25_1357_E01684_SEIKO_CORPORATION PASSED [ 27%]
tests/pdfs/edinet/test_edinet_2025_06_25_1433_E01754_KAWADEN_CORPORATION.py::test_text_extraction_edinet_2025_06_25_1433_E01754_KAWADEN_CORPORATION PASSED [ 27%]
tests/pdfs/edinet/test_edinet_2025_06_25_1433_E01754_KAWADEN_CORPORATION.py::test_image_rendering_edinet_2025_06_25_1433_E01754_KAWADEN_CORPORATION PASSED [ 27%]
tests/pdfs/edinet/test_edinet_2025_06_25_1507_E01402_SUNCALL_CORPORATION.py::test_text_extraction_edinet_2025_06_25_1507_E01402_SUNCALL_CORPORATION PASSED [ 27%]
tests/pdfs/edinet/test_edinet_2025_06_25_1507_E01402_SUNCALL_CORPORATION.py::test_image_rendering_edinet_2025_06_25_1507_E01402_SUNCALL_CORPORATION PASSED [ 27%]
tests/pdfs/edinet/test_edinet_2025_06_25_1513_E01172_Not_Registered_in_English.py::test_text_extraction_edinet_2025_06_25_1513_E01172_Not_Registered_in_English PASSED [ 27%]
tests/pdfs/edinet/test_edinet_2025_06_25_1513_E01172_Not_Registered_in_English.py::test_image_rendering_edinet_2025_06_25_1513_E01172_Not_Registered_in_English PASSED [ 27%]
tests/pdfs/edinet/test_edinet_2025_06_25_1557_E05670_HIKARI_HEIGHTS_VARUS_COLTD.py::test_text_extraction_edinet_2025_06_25_1557_E05670_HIKARI_HEIGHTS_VARUS_COLTD PASSED [ 27%]
tests/pdfs/edinet/test_edinet_2025_06_25_1557_E05670_HIKARI_HEIGHTS_VARUS_COLTD.py::test_image_rendering_edinet_2025_06_25_1557_E05670_HIKARI_HEIGHTS_VARUS_COLTD PASSED [ 27%]
tests/pdfs/edinet/test_edinet_2025_06_25_1608_E02628_KIMURATAN_CORPORATION.py::test_text_extraction_edinet_2025_06_25_1608_E02628_KIMURATAN_CORPORATION PASSED [ 27%]
tests/pdfs/edinet/test_edinet_2025_06_25_1608_E02628_KIMURATAN_CORPORATION.py::test_image_rendering_edinet_2025_06_25_1608_E02628_KIMURATAN_CORPORATION PASSED [ 27%]
tests/pdfs/edinet/test_edinet_2025_06_25_1634_E03116_AOKI_Holdings_Inc.py::test_text_extraction_edinet_2025_06_25_1634_E03116_AOKI_Holdings_Inc PASSED [ 27%]
tests/pdfs/edinet/test_edinet_2025_06_25_1634_E03116_AOKI_Holdings_Inc.py::test_image_rendering_edinet_2025_06_25_1634_E03116_AOKI_Holdings_Inc PASSED [ 27%]
tests/pdfs/edinet/test_edinet_2025_06_26_0909_E00982_LTT_Bio_Pharma_Co_Ltd.py::test_text_extraction_edinet_2025_06_26_0909_E00982_LTT_Bio_Pharma_Co_Ltd PASSED [ 27%]
tests/pdfs/edinet/test_edinet_2025_06_26_0909_E00982_LTT_Bio_Pharma_Co_Ltd.py::test_image_rendering_edinet_2025_06_26_0909_E00982_LTT_Bio_Pharma_Co_Ltd PASSED [ 27%]
tests/pdfs/edinet/test_edinet_2025_06_26_0914_E01057_SOFT99corporation.py::test_text_extraction_edinet_2025_06_26_0914_E01057_SOFT99corporation PASSED [ 27%]
tests/pdfs/edinet/test_edinet_2025_06_26_0914_E01057_SOFT99corporation.py::test_image_rendering_edinet_2025_06_26_0914_E01057_SOFT99corporation PASSED [ 27%]
tests/pdfs/edinet/test_edinet_2025_06_26_1029_E02363_Not_Registered_in_English.py::test_text_extraction_edinet_2025_06_26_1029_E02363_Not_Registered_in_English PASSED [ 27%]
tests/pdfs/edinet/test_edinet_2025_06_26_1029_E02363_Not_Registered_in_English.py::test_image_rendering_edinet_2025_06_26_1029_E02363_Not_Registered_in_English PASSED [ 27%]
tests/pdfs/edinet/test_edinet_2025_06_26_1345_E01202_Yoshicon_CoLtd.py::test_text_extraction_edinet_2025_06_26_1345_E01202_Yoshicon_CoLtd PASSED [ 28%]
tests/pdfs/edinet/test_edinet_2025_06_26_1345_E01202_Yoshicon_CoLtd.py::test_image_rendering_edinet_2025_06_26_1345_E01202_Yoshicon_CoLtd PASSED [ 28%]
tests/pdfs/edinet/test_edinet_2025_06_26_1432_E35562_NexTone_Inc.py::test_text_extraction_edinet_2025_06_26_1432_E35562_NexTone_Inc PASSED [ 28%]
tests/pdfs/edinet/test_edinet_2025_06_26_1432_E35562_NexTone_Inc.py::test_image_rendering_edinet_2025_06_26_1432_E35562_NexTone_Inc PASSED [ 28%]
tests/pdfs/edinet/test_edinet_2025_06_26_1500_E01974_NKK_SWITCHESCOLTD.py::test_text_extraction_edinet_2025_06_26_1500_E01974_NKK_SWITCHESCOLTD PASSED [ 28%]
tests/pdfs/edinet/test_edinet_2025_06_26_1500_E01974_NKK_SWITCHESCOLTD.py::test_image_rendering_edinet_2025_06_26_1500_E01974_NKK_SWITCHESCOLTD PASSED [ 28%]
tests/pdfs/edinet/test_edinet_2025_06_26_1530_E04503_Hokuriku_Electric_Power_Compan.py::test_text_extraction_edinet_2025_06_26_1530_E04503_Hokuriku_Electric_Power_Compan PASSED [ 28%]
tests/pdfs/edinet/test_edinet_2025_06_26_1530_E04503_Hokuriku_Electric_Power_Compan.py::test_image_rendering_edinet_2025_06_26_1530_E04503_Hokuriku_Electric_Power_Compan PASSED [ 28%]
tests/pdfs/edinet/test_edinet_2025_06_26_1544_E05657_HIP_CORPORATION.py::test_text_extraction_edinet_2025_06_26_1544_E05657_HIP_CORPORATION PASSED [ 28%]
tests/pdfs/edinet/test_edinet_2025_06_26_1544_E05657_HIP_CORPORATION.py::test_image_rendering_edinet_2025_06_26_1544_E05657_HIP_CORPORATION PASSED [ 28%]
tests/pdfs/edinet/test_edinet_2025_06_26_1610_E27506_JSS_CORPORATION.py::test_text_extraction_edinet_2025_06_26_1610_E27506_JSS_CORPORATION PASSED [ 28%]
tests/pdfs/edinet/test_edinet_2025_06_26_1610_E27506_JSS_CORPORATION.py::test_image_rendering_edinet_2025_06_26_1610_E27506_JSS_CORPORATION PASSED [ 28%]
tests/pdfs/edinet/test_edinet_2025_06_26_1621_E00777_NIPPON_CARBIDE_INDUSTRIES_COIN.py::test_text_extraction_edinet_2025_06_26_1621_E00777_NIPPON_CARBIDE_INDUSTRIES_COIN PASSED [ 28%]
tests/pdfs/edinet/test_edinet_2025_06_26_1621_E00777_NIPPON_CARBIDE_INDUSTRIES_COIN.py::test_image_rendering_edinet_2025_06_26_1621_E00777_NIPPON_CARBIDE_INDUSTRIES_COIN PASSED [ 28%]
tests/pdfs/edinet/test_edinet_2025_06_26_1713_E00771_OSAKA_SODA_COLTD.py::test_text_extraction_edinet_2025_06_26_1713_E00771_OSAKA_SODA_COLTD PASSED [ 28%]
tests/pdfs/edinet/test_edinet_2025_06_26_1713_E00771_OSAKA_SODA_COLTD.py::test_image_rendering_edinet_2025_06_26_1713_E00771_OSAKA_SODA_COLTD PASSED [ 28%]
tests/pdfs/edinet/test_edinet_2025_06_27_1005_E02554_HANWA_COLTD.py::test_text_extraction_edinet_2025_06_27_1005_E02554_HANWA_COLTD PASSED [ 28%]
tests/pdfs/edinet/test_edinet_2025_06_27_1005_E02554_HANWA_COLTD.py::test_image_rendering_edinet_2025_06_27_1005_E02554_HANWA_COLTD PASSED [ 28%]
tests/pdfs/edinet/test_edinet_2025_06_27_1051_E01956_KONAMI_GROUP_CORPORATION.py::test_text_extraction_edinet_2025_06_27_1051_E01956_KONAMI_GROUP_CORPORATION PASSED [ 28%]
tests/pdfs/edinet/test_edinet_2025_06_27_1051_E01956_KONAMI_GROUP_CORPORATION.py::test_image_rendering_edinet_2025_06_27_1051_E01956_KONAMI_GROUP_CORPORATION PASSED [ 28%]
tests/pdfs/edinet/test_edinet_2025_06_27_1235_E03346_PLATHOME_COLTD.py::test_text_extraction_edinet_2025_06_27_1235_E03346_PLATHOME_COLTD PASSED [ 28%]
tests/pdfs/edinet/test_edinet_2025_06_27_1235_E03346_PLATHOME_COLTD.py::test_image_rendering_edinet_2025_06_27_1235_E03346_PLATHOME_COLTD PASSED [ 28%]
tests/pdfs/edinet/test_edinet_2025_06_27_1249_E23224_Not_Registered_in_English.py::test_text_extraction_edinet_2025_06_27_1249_E23224_Not_Registered_in_English PASSED [ 28%]
tests/pdfs/edinet/test_edinet_2025_06_27_1249_E23224_Not_Registered_in_English.py::test_image_rendering_edinet_2025_06_27_1249_E23224_Not_Registered_in_English PASSED [ 28%]
tests/pdfs/edinet/test_edinet_2025_06_27_1330_E02927_TAKACHIHO_KOHEKI_COLTD.py::test_text_extraction_edinet_2025_06_27_1330_E02927_TAKACHIHO_KOHEKI_COLTD PASSED [ 29%]
tests/pdfs/edinet/test_edinet_2025_06_27_1330_E02927_TAKACHIHO_KOHEKI_COLTD.py::test_image_rendering_edinet_2025_06_27_1330_E02927_TAKACHIHO_KOHEKI_COLTD PASSED [ 29%]
tests/pdfs/edinet/test_edinet_2025_06_27_1402_E02266_TOKYO_KEIKI_INC.py::test_text_extraction_edinet_2025_06_27_1402_E02266_TOKYO_KEIKI_INC PASSED [ 29%]
tests/pdfs/edinet/test_edinet_2025_06_27_1402_E02266_TOKYO_KEIKI_INC.py::test_image_rendering_edinet_2025_06_27_1402_E02266_TOKYO_KEIKI_INC PASSED [ 29%]
tests/pdfs/edinet/test_edinet_2025_06_27_1637_E01916_The_Lead_Co_Inc.py::test_text_extraction_edinet_2025_06_27_1637_E01916_The_Lead_Co_Inc PASSED [ 29%]
tests/pdfs/edinet/test_edinet_2025_06_27_1637_E01916_The_Lead_Co_Inc.py::test_image_rendering_edinet_2025_06_27_1637_E01916_The_Lead_Co_Inc PASSED [ 29%]
tests/pdfs/edinet/test_edinet_2025_06_30_1238_E39104_Not_Registered_in_English.py::test_text_extraction_edinet_2025_06_30_1238_E39104_Not_Registered_in_English PASSED [ 29%]
tests/pdfs/edinet/test_edinet_2025_06_30_1238_E39104_Not_Registered_in_English.py::test_image_rendering_edinet_2025_06_30_1238_E39104_Not_Registered_in_English 