============================= test session starts ==============================
platform darwin -- Python 3.9.6, pytest-8.4.2, pluggy-1.6.0 -- /Applications/Xcode.app/Contents/Developer/usr/bin/python3
cachedir: .pytest_cache
metadata: {'Python': '3.9.6', 'Platform': 'macOS-15.7.2-arm64-arm-64bit', 'Packages': {'pytest': '8.4.2', 'pluggy': '1.6.0'}, 'Plugins': {'anyio': '4.11.0', 'html': '4.1.1', 'langsmith': '0.4.37', 'timeout': '2.4.0', 'metadata': '3.1.1'}, 'AWS_REGION': 'us-east-1'}
rootdir: /Users/ayates/pdfium_fast/integration_tests
configfile: pytest.ini
testpaths: tests
plugins: anyio-4.11.0, html-4.1.1, langsmith-0.4.37, timeout-2.4.0, metadata-3.1.1
timeout: 300.0s
timeout method: signal
timeout func_only: False
collecting ... collected 2367 items

tests/pdfs/arxiv/test_arxiv_001.py::test_text_extraction_arxiv_001 PASSED [  0%]
tests/pdfs/arxiv/test_arxiv_001.py::test_image_rendering_arxiv_001 PASSED [  0%]
tests/pdfs/arxiv/test_arxiv_002.py::test_text_extraction_arxiv_002 PASSED [  0%]
tests/pdfs/arxiv/test_arxiv_002.py::test_image_rendering_arxiv_002 PASSED [  0%]
tests/pdfs/arxiv/test_arxiv_003.py::test_text_extraction_arxiv_003 PASSED [  0%]
tests/pdfs/arxiv/test_arxiv_003.py::test_image_rendering_arxiv_003 PASSED [  0%]
tests/pdfs/arxiv/test_arxiv_004.py::test_text_extraction_arxiv_004 PASSED [  0%]
tests/pdfs/arxiv/test_arxiv_004.py::test_image_rendering_arxiv_004 PASSED [  0%]
tests/pdfs/arxiv/test_arxiv_005.py::test_text_extraction_arxiv_005 PASSED [  0%]
tests/pdfs/arxiv/test_arxiv_005.py::test_image_rendering_arxiv_005 PASSED [  0%]
tests/pdfs/arxiv/test_arxiv_006.py::test_text_extraction_arxiv_006 PASSED [  0%]
tests/pdfs/arxiv/test_arxiv_006.py::test_image_rendering_arxiv_006 PASSED [  0%]
tests/pdfs/arxiv/test_arxiv_007.py::test_text_extraction_arxiv_007 PASSED [  0%]
tests/pdfs/arxiv/test_arxiv_007.py::test_image_rendering_arxiv_007 PASSED [  0%]
tests/pdfs/arxiv/test_arxiv_008.py::test_text_extraction_arxiv_008 PASSED [  0%]
tests/pdfs/arxiv/test_arxiv_008.py::test_image_rendering_arxiv_008 PASSED [  0%]
tests/pdfs/arxiv/test_arxiv_009.py::test_text_extraction_arxiv_009 PASSED [  0%]
tests/pdfs/arxiv/test_arxiv_009.py::test_image_rendering_arxiv_009 PASSED [  0%]
tests/pdfs/arxiv/test_arxiv_010.py::test_text_extraction_arxiv_010 PASSED [  0%]
tests/pdfs/arxiv/test_arxiv_010.py::test_image_rendering_arxiv_010 PASSED [  0%]
tests/pdfs/arxiv/test_arxiv_011.py::test_text_extraction_arxiv_011 PASSED [  0%]
tests/pdfs/arxiv/test_arxiv_011.py::test_image_rendering_arxiv_011 PASSED [  0%]
tests/pdfs/arxiv/test_arxiv_012.py::test_text_extraction_arxiv_012 PASSED [  0%]
tests/pdfs/arxiv/test_arxiv_012.py::test_image_rendering_arxiv_012 PASSED [  1%]
tests/pdfs/arxiv/test_arxiv_014.py::test_text_extraction_arxiv_014 PASSED [  1%]
tests/pdfs/arxiv/test_arxiv_014.py::test_image_rendering_arxiv_014 PASSED [  1%]
tests/pdfs/arxiv/test_arxiv_015.py::test_text_extraction_arxiv_015 PASSED [  1%]
tests/pdfs/arxiv/test_arxiv_015.py::test_image_rendering_arxiv_015 PASSED [  1%]
tests/pdfs/arxiv/test_arxiv_016.py::test_text_extraction_arxiv_016 PASSED [  1%]
tests/pdfs/arxiv/test_arxiv_016.py::test_image_rendering_arxiv_016 PASSED [  1%]
tests/pdfs/arxiv/test_arxiv_017.py::test_text_extraction_arxiv_017 PASSED [  1%]
tests/pdfs/arxiv/test_arxiv_017.py::test_image_rendering_arxiv_017 PASSED [  1%]
tests/pdfs/arxiv/test_arxiv_018.py::test_text_extraction_arxiv_018 PASSED [  1%]
tests/pdfs/arxiv/test_arxiv_018.py::test_image_rendering_arxiv_018 PASSED [  1%]
tests/pdfs/arxiv/test_arxiv_019.py::test_text_extraction_arxiv_019 PASSED [  1%]
tests/pdfs/arxiv/test_arxiv_019.py::test_image_rendering_arxiv_019 PASSED [  1%]
tests/pdfs/arxiv/test_arxiv_020.py::test_text_extraction_arxiv_020 PASSED [  1%]
tests/pdfs/arxiv/test_arxiv_020.py::test_image_rendering_arxiv_020 PASSED [  1%]
tests/pdfs/arxiv/test_arxiv_021.py::test_text_extraction_arxiv_021 PASSED [  1%]
tests/pdfs/arxiv/test_arxiv_021.py::test_image_rendering_arxiv_021 PASSED [  1%]
tests/pdfs/arxiv/test_arxiv_022.py::test_text_extraction_arxiv_022 PASSED [  1%]
tests/pdfs/arxiv/test_arxiv_022.py::test_image_rendering_arxiv_022 PASSED [  1%]
tests/pdfs/arxiv/test_arxiv_023.py::test_text_extraction_arxiv_023 PASSED [  1%]
tests/pdfs/arxiv/test_arxiv_023.py::test_image_rendering_arxiv_023 PASSED [  1%]
tests/pdfs/arxiv/test_arxiv_024.py::test_text_extraction_arxiv_024 PASSED [  1%]
tests/pdfs/arxiv/test_arxiv_024.py::test_image_rendering_arxiv_024 PASSED [  1%]
tests/pdfs/arxiv/test_arxiv_025.py::test_text_extraction_arxiv_025 PASSED [  1%]
tests/pdfs/arxiv/test_arxiv_025.py::test_image_rendering_arxiv_025 PASSED [  2%]
tests/pdfs/arxiv/test_arxiv_026.py::test_text_extraction_arxiv_026 PASSED [  2%]
tests/pdfs/arxiv/test_arxiv_026.py::test_image_rendering_arxiv_026 PASSED [  2%]
tests/pdfs/arxiv/test_arxiv_027.py::test_text_extraction_arxiv_027 PASSED [  2%]
tests/pdfs/arxiv/test_arxiv_027.py::test_image_rendering_arxiv_027 PASSED [  2%]
tests/pdfs/arxiv/test_arxiv_028.py::test_text_extraction_arxiv_028 PASSED [  2%]
tests/pdfs/arxiv/test_arxiv_028.py::test_image_rendering_arxiv_028 PASSED [  2%]
tests/pdfs/arxiv/test_arxiv_029.py::test_text_extraction_arxiv_029 PASSED [  2%]
tests/pdfs/arxiv/test_arxiv_029.py::test_image_rendering_arxiv_029 PASSED [  2%]
tests/pdfs/arxiv/test_arxiv_030.py::test_text_extraction_arxiv_030 PASSED [  2%]
tests/pdfs/arxiv/test_arxiv_030.py::test_image_rendering_arxiv_030 PASSED [  2%]
tests/pdfs/arxiv/test_arxiv_031.py::test_text_extraction_arxiv_031 PASSED [  2%]
tests/pdfs/arxiv/test_arxiv_031.py::test_image_rendering_arxiv_031 PASSED [  2%]
tests/pdfs/arxiv/test_arxiv_032.py::test_text_extraction_arxiv_032 PASSED [  2%]
tests/pdfs/arxiv/test_arxiv_032.py::test_image_rendering_arxiv_032 PASSED [  2%]
tests/pdfs/arxiv/test_arxiv_033.py::test_text_extraction_arxiv_033 PASSED [  2%]
tests/pdfs/arxiv/test_arxiv_033.py::test_image_rendering_arxiv_033 PASSED [  2%]
tests/pdfs/arxiv/test_arxiv_034.py::test_text_extraction_arxiv_034 PASSED [  2%]
tests/pdfs/arxiv/test_arxiv_034.py::test_image_rendering_arxiv_034 PASSED [  2%]
tests/pdfs/arxiv/test_arxiv_035.py::test_text_extraction_arxiv_035 PASSED [  2%]
tests/pdfs/arxiv/test_arxiv_035.py::test_image_rendering_arxiv_035 PASSED [  2%]
tests/pdfs/arxiv/test_arxiv_036.py::test_text_extraction_arxiv_036 PASSED [  2%]
tests/pdfs/arxiv/test_arxiv_036.py::test_image_rendering_arxiv_036 PASSED [  2%]
tests/pdfs/arxiv/test_arxiv_037.py::test_text_extraction_arxiv_037 PASSED [  2%]
tests/pdfs/arxiv/test_arxiv_037.py::test_image_rendering_arxiv_037 PASSED [  3%]
tests/pdfs/arxiv/test_arxiv_038.py::test_text_extraction_arxiv_038 PASSED [  3%]
tests/pdfs/arxiv/test_arxiv_038.py::test_image_rendering_arxiv_038 PASSED [  3%]
tests/pdfs/arxiv/test_arxiv_039.py::test_text_extraction_arxiv_039 PASSED [  3%]
tests/pdfs/arxiv/test_arxiv_039.py::test_image_rendering_arxiv_039 PASSED [  3%]
tests/pdfs/arxiv/test_arxiv_040.py::test_text_extraction_arxiv_040 PASSED [  3%]
tests/pdfs/arxiv/test_arxiv_040.py::test_image_rendering_arxiv_040 PASSED [  3%]
tests/pdfs/benchmark/test_fax_ccitt.py::test_text_extraction_fax_ccitt PASSED [  3%]
tests/pdfs/benchmark/test_fax_ccitt.py::test_image_rendering_fax_ccitt PASSED [  3%]
tests/pdfs/cc/test_cc_001_931p.py::test_text_extraction_cc_001_931p PASSED [  3%]
tests/pdfs/cc/test_cc_001_931p.py::test_image_rendering_cc_001_931p PASSED [  3%]
tests/pdfs/cc/test_cc_002_522p.py::test_text_extraction_cc_002_522p PASSED [  3%]
tests/pdfs/cc/test_cc_002_522p.py::test_image_rendering_cc_002_522p PASSED [  3%]
tests/pdfs/cc/test_cc_003_162p.py::test_text_extraction_cc_003_162p PASSED [  3%]
tests/pdfs/cc/test_cc_003_162p.py::test_image_rendering_cc_003_162p PASSED [  3%]
tests/pdfs/cc/test_cc_004_291p.py::test_text_extraction_cc_004_291p PASSED [  3%]
tests/pdfs/cc/test_cc_004_291p.py::test_image_rendering_cc_004_291p PASSED [  3%]
tests/pdfs/cc/test_cc_005_172p.py::test_text_extraction_cc_005_172p PASSED [  3%]
tests/pdfs/cc/test_cc_005_172p.py::test_image_rendering_cc_005_172p PASSED [  3%]
tests/pdfs/cc/test_cc_006_254p.py::test_text_extraction_cc_006_254p PASSED [  3%]
tests/pdfs/cc/test_cc_006_254p.py::test_image_rendering_cc_006_254p PASSED [  3%]
tests/pdfs/cc/test_cc_007_101p.py::test_text_extraction_cc_007_101p PASSED [  3%]
tests/pdfs/cc/test_cc_007_101p.py::test_image_rendering_cc_007_101p PASSED [  3%]
tests/pdfs/cc/test_cc_008_116p.py::test_text_extraction_cc_008_116p PASSED [  4%]
tests/pdfs/cc/test_cc_008_116p.py::test_image_rendering_cc_008_116p PASSED [  4%]
tests/pdfs/cc/test_cc_009_188p.py::test_text_extraction_cc_009_188p PASSED [  4%]
tests/pdfs/cc/test_cc_009_188p.py::test_image_rendering_cc_009_188p PASSED [  4%]
tests/pdfs/cc/test_cc_010_206p.py::test_text_extraction_cc_010_206p PASSED [  4%]
tests/pdfs/cc/test_cc_010_206p.py::test_image_rendering_cc_010_206p PASSED [  4%]
tests/pdfs/cc/test_cc_011_222p.py::test_text_extraction_cc_011_222p PASSED [  4%]
tests/pdfs/cc/test_cc_011_222p.py::test_image_rendering_cc_011_222p PASSED [  4%]
tests/pdfs/cc/test_cc_012_244p.py::test_text_extraction_cc_012_244p PASSED [  4%]
tests/pdfs/cc/test_cc_012_244p.py::test_image_rendering_cc_012_244p PASSED [  4%]
tests/pdfs/cc/test_cc_013_122p.py::test_text_extraction_cc_013_122p PASSED [  4%]
tests/pdfs/cc/test_cc_013_122p.py::test_image_rendering_cc_013_122p PASSED [  4%]
tests/pdfs/cc/test_cc_014_176p.py::test_text_extraction_cc_014_176p PASSED [  4%]
tests/pdfs/cc/test_cc_014_176p.py::test_image_rendering_cc_014_176p PASSED [  4%]
tests/pdfs/cc/test_cc_015_101p.py::test_text_extraction_cc_015_101p PASSED [  4%]
tests/pdfs/cc/test_cc_015_101p.py::test_image_rendering_cc_015_101p PASSED [  4%]
tests/pdfs/cc/test_cc_016_159p.py::test_text_extraction_cc_016_159p PASSED [  4%]
tests/pdfs/cc/test_cc_016_159p.py::test_image_rendering_cc_016_159p PASSED [  4%]
tests/pdfs/cc/test_cc_017_145p.py::test_text_extraction_cc_017_145p PASSED [  4%]
tests/pdfs/cc/test_cc_017_145p.py::test_image_rendering_cc_017_145p PASSED [  4%]
tests/pdfs/cc/test_cc_018_167p.py::test_text_extraction_cc_018_167p PASSED [  4%]
tests/pdfs/cc/test_cc_018_167p.py::test_image_rendering_cc_018_167p PASSED [  4%]
tests/pdfs/cc/test_cc_019_198p.py::test_text_extraction_cc_019_198p PASSED [  4%]
tests/pdfs/cc/test_cc_019_198p.py::test_image_rendering_cc_019_198p PASSED [  4%]
tests/pdfs/cc/test_cc_020_103p.py::test_text_extraction_cc_020_103p PASSED [  5%]
tests/pdfs/cc/test_cc_020_103p.py::test_image_rendering_cc_020_103p PASSED [  5%]
tests/pdfs/edge_cases/test_344775293.py::test_text_extraction_344775293 FAILED [  5%]
tests/pdfs/edge_cases/test_344775293.py::test_image_rendering_344775293 FAILED [  5%]
tests/pdfs/edge_cases/test_363015187.py::test_text_extraction_363015187 FAILED [  5%]
tests/pdfs/edge_cases/test_363015187.py::test_image_rendering_363015187 FAILED [  5%]
tests/pdfs/edge_cases/test_about_blank.py::test_text_extraction_about_blank FAILED [  5%]
tests/pdfs/edge_cases/test_about_blank.py::test_image_rendering_about_blank FAILED [  5%]
tests/pdfs/edge_cases/test_annot_javascript.py::test_text_extraction_annot_javascript FAILED [  5%]
tests/pdfs/edge_cases/test_annot_javascript.py::test_image_rendering_annot_javascript FAILED [  5%]
tests/pdfs/edge_cases/test_annotation_fileattachment.py::test_text_extraction_annotation_fileattachment FAILED [  5%]
tests/pdfs/edge_cases/test_annotation_fileattachment.py::test_image_rendering_annotation_fileattachment FAILED [  5%]
tests/pdfs/edge_cases/test_annotation_highlight_long_content.py::test_text_extraction_annotation_highlight_long_content PASSED [  5%]
tests/pdfs/edge_cases/test_annotation_highlight_long_content.py::test_image_rendering_annotation_highlight_long_content PASSED [  5%]
tests/pdfs/edge_cases/test_annotation_highlight_rollover_ap.py::test_text_extraction_annotation_highlight_rollover_ap FAILED [  5%]
tests/pdfs/edge_cases/test_annotation_highlight_rollover_ap.py::test_image_rendering_annotation_highlight_rollover_ap FAILED [  5%]
tests/pdfs/edge_cases/test_annotation_highlight_square_with_ap.py::test_text_extraction_annotation_highlight_square_with_ap PASSED [  5%]
tests/pdfs/edge_cases/test_annotation_highlight_square_with_ap.py::test_image_rendering_annotation_highlight_square_with_ap PASSED [  5%]
tests/pdfs/edge_cases/test_annotation_ink_multiple.py::test_text_extraction_annotation_ink_multiple PASSED [  5%]
tests/pdfs/edge_cases/test_annotation_ink_multiple.py::test_image_rendering_annotation_ink_multiple PASSED [  5%]
tests/pdfs/edge_cases/test_annotation_markup_multiline_no_ap.py::test_text_extraction_annotation_markup_multiline_no_ap FAILED [  5%]
tests/pdfs/edge_cases/test_annotation_markup_multiline_no_ap.py::test_image_rendering_annotation_markup_multiline_no_ap FAILED [  5%]
tests/pdfs/edge_cases/test_annotation_stamp_with_ap.py::test_text_extraction_annotation_stamp_with_ap PASSED [  5%]
tests/pdfs/edge_cases/test_annotation_stamp_with_ap.py::test_image_rendering_annotation_stamp_with_ap PASSED [  5%]
tests/pdfs/edge_cases/test_annotiter.py::test_text_extraction_annotiter FAILED [  6%]
tests/pdfs/edge_cases/test_annotiter.py::test_image_rendering_annotiter FAILED [  6%]
tests/pdfs/edge_cases/test_annots.py::test_text_extraction_annots PASSED [  6%]
tests/pdfs/edge_cases/test_annots.py::test_image_rendering_annots PASSED [  6%]
tests/pdfs/edge_cases/test_annots_action_handling.py::test_text_extraction_annots_action_handling PASSED [  6%]
tests/pdfs/edge_cases/test_annots_action_handling.py::test_image_rendering_annots_action_handling PASSED [  6%]
tests/pdfs/edge_cases/test_bad_annots_entry.py::test_text_extraction_bad_annots_entry PASSED [  6%]
tests/pdfs/edge_cases/test_bad_annots_entry.py::test_image_rendering_bad_annots_entry PASSED [  6%]
tests/pdfs/edge_cases/test_bad_dict_keys.py::test_text_extraction_bad_dict_keys FAILED [  6%]
tests/pdfs/edge_cases/test_bad_dict_keys.py::test_image_rendering_bad_dict_keys FAILED [  6%]
tests/pdfs/edge_cases/test_bad_page_type.py::test_text_extraction_bad_page_type FAILED [  6%]
tests/pdfs/edge_cases/test_bad_page_type.py::test_image_rendering_bad_page_type FAILED [  6%]
tests/pdfs/edge_cases/test_bigtable_mini.py::test_text_extraction_bigtable_mini PASSED [  6%]
tests/pdfs/edge_cases/test_bigtable_mini.py::test_image_rendering_bigtable_mini PASSED [  6%]
tests/pdfs/edge_cases/test_black.py::test_text_extraction_black FAILED   [  6%]
tests/pdfs/edge_cases/test_black.py::test_image_rendering_black FAILED   [  6%]
tests/pdfs/edge_cases/test_bookmarks.py::test_text_extraction_bookmarks PASSED [  6%]
tests/pdfs/edge_cases/test_bookmarks.py::test_image_rendering_bookmarks PASSED [  6%]
tests/pdfs/edge_cases/test_bookmarks_circular.py::test_text_extraction_bookmarks_circular PASSED [  6%]
tests/pdfs/edge_cases/test_bookmarks_circular.py::test_image_rendering_bookmarks_circular PASSED [  6%]
tests/pdfs/edge_cases/test_bug_1029.py::test_text_extraction_bug_1029 PASSED [  6%]
tests/pdfs/edge_cases/test_bug_1029.py::test_image_rendering_bug_1029 PASSED [  6%]
tests/pdfs/edge_cases/test_bug_1055869.py::test_text_extraction_bug_1055869 FAILED [  6%]
tests/pdfs/edge_cases/test_bug_1055869.py::test_image_rendering_bug_1055869 FAILED [  7%]
tests/pdfs/edge_cases/test_bug_1058653.py::test_text_extraction_bug_1058653 FAILED [  7%]
tests/pdfs/edge_cases/test_bug_1058653.py::test_image_rendering_bug_1058653 FAILED [  7%]
tests/pdfs/edge_cases/test_bug_1124998.py::test_text_extraction_bug_1124998 PASSED [  7%]
tests/pdfs/edge_cases/test_bug_1124998.py::test_image_rendering_bug_1124998 PASSED [  7%]
tests/pdfs/edge_cases/test_bug_113.py::test_text_extraction_bug_113 FAILED [  7%]
tests/pdfs/edge_cases/test_bug_113.py::test_image_rendering_bug_113 FAILED [  7%]
tests/pdfs/edge_cases/test_bug_1139.py::test_text_extraction_bug_1139 PASSED [  7%]
tests/pdfs/edge_cases/test_bug_1139.py::test_image_rendering_bug_1139 PASSED [  7%]
tests/pdfs/edge_cases/test_bug_1206.py::test_text_extraction_bug_1206 FAILED [  7%]
tests/pdfs/edge_cases/test_bug_1206.py::test_image_rendering_bug_1206 FAILED [  7%]
tests/pdfs/edge_cases/test_bug_1229106.py::test_text_extraction_bug_1229106 FAILED [  7%]
tests/pdfs/edge_cases/test_bug_1229106.py::test_image_rendering_bug_1229106 FAILED [  7%]
tests/pdfs/edge_cases/test_bug_1265.py::test_text_extraction_bug_1265 FAILED [  7%]
tests/pdfs/edge_cases/test_bug_1265.py::test_image_rendering_bug_1265 FAILED [  7%]
tests/pdfs/edge_cases/test_bug_1296920.py::test_text_extraction_bug_1296920 PASSED [  7%]
tests/pdfs/edge_cases/test_bug_1296920.py::test_image_rendering_bug_1296920 PASSED [  7%]
tests/pdfs/edge_cases/test_bug_1301.py::test_text_extraction_bug_1301 FAILED [  7%]
tests/pdfs/edge_cases/test_bug_1301.py::test_image_rendering_bug_1301 FAILED [  7%]
tests/pdfs/edge_cases/test_bug_1302355.py::test_text_extraction_bug_1302355 FAILED [  7%]
tests/pdfs/edge_cases/test_bug_1302355.py::test_image_rendering_bug_1302355 FAILED [  7%]
tests/pdfs/edge_cases/test_bug_1302455.py::test_text_extraction_bug_1302455 FAILED [  7%]
tests/pdfs/edge_cases/test_bug_1302455.py::test_image_rendering_bug_1302455 FAILED [  7%]
tests/pdfs/edge_cases/test_bug_1324189.py::test_text_extraction_bug_1324189 PASSED [  7%]
tests/pdfs/edge_cases/test_bug_1324189.py::test_image_rendering_bug_1324189 PASSED [  8%]
tests/pdfs/edge_cases/test_bug_1324503.py::test_text_extraction_bug_1324503 PASSED [  8%]
tests/pdfs/edge_cases/test_bug_1324503.py::test_image_rendering_bug_1324503 PASSED [  8%]
tests/pdfs/edge_cases/test_bug_1327884.py::test_text_extraction_bug_1327884 FAILED [  8%]
tests/pdfs/edge_cases/test_bug_1327884.py::test_image_rendering_bug_1327884 FAILED [  8%]
tests/pdfs/edge_cases/test_bug_1328389.py::test_text_extraction_bug_1328389 FAILED [  8%]
tests/pdfs/edge_cases/test_bug_1328389.py::test_image_rendering_bug_1328389 FAILED [  8%]
tests/pdfs/edge_cases/test_bug_1333298.py::test_text_extraction_bug_1333298 FAILED [  8%]
tests/pdfs/edge_cases/test_bug_1333298.py::test_image_rendering_bug_1333298 FAILED [  8%]
tests/pdfs/edge_cases/test_bug_1388_2.py::test_text_extraction_bug_1388_2 PASSED [  8%]
tests/pdfs/edge_cases/test_bug_1388_2.py::test_image_rendering_bug_1388_2 PASSED [  8%]
tests/pdfs/edge_cases/test_bug_1396264.py::test_text_extraction_bug_1396264 FAILED [  8%]
tests/pdfs/edge_cases/test_bug_1396264.py::test_image_rendering_bug_1396264 FAILED [  8%]
tests/pdfs/edge_cases/test_bug_1399.py::test_text_extraction_bug_1399 FAILED [  8%]
tests/pdfs/edge_cases/test_bug_1399.py::test_image_rendering_bug_1399 FAILED [  8%]
tests/pdfs/edge_cases/test_bug_1477093.py::test_text_extraction_bug_1477093 PASSED [  8%]
tests/pdfs/edge_cases/test_bug_1477093.py::test_image_rendering_bug_1477093 PASSED [  8%]
tests/pdfs/edge_cases/test_bug_1506.py::test_text_extraction_bug_1506 FAILED [  8%]
tests/pdfs/edge_cases/test_bug_1506.py::test_image_rendering_bug_1506 FAILED [  8%]
tests/pdfs/edge_cases/test_bug_1549.py::test_text_extraction_bug_1549 FAILED [  8%]
tests/pdfs/edge_cases/test_bug_1549.py::test_image_rendering_bug_1549 FAILED [  8%]
tests/pdfs/edge_cases/test_bug_1558.py::test_text_extraction_bug_1558 PASSED [  8%]
tests/pdfs/edge_cases/test_bug_1558.py::test_image_rendering_bug_1558 PASSED [  8%]
tests/pdfs/edge_cases/test_bug_1574.py::test_text_extraction_bug_1574 PASSED [  8%]
tests/pdfs/edge_cases/test_bug_1574.py::test_image_rendering_bug_1574 PASSED [  9%]
tests/pdfs/edge_cases/test_bug_1591.py::test_text_extraction_bug_1591 PASSED [  9%]
tests/pdfs/edge_cases/test_bug_1591.py::test_image_rendering_bug_1591 PASSED [  9%]
tests/pdfs/edge_cases/test_bug_1646.py::test_text_extraction_bug_1646 FAILED [  9%]
tests/pdfs/edge_cases/test_bug_1646.py::test_image_rendering_bug_1646 FAILED [  9%]
tests/pdfs/edge_cases/test_bug_1658.py::test_text_extraction_bug_1658 FAILED [  9%]
tests/pdfs/edge_cases/test_bug_1658.py::test_image_rendering_bug_1658 FAILED [  9%]
tests/pdfs/edge_cases/test_bug_1768.py::test_text_extraction_bug_1768 PASSED [  9%]
tests/pdfs/edge_cases/test_bug_1768.py::test_image_rendering_bug_1768 PASSED [  9%]
tests/pdfs/edge_cases/test_bug_1769.py::test_text_extraction_bug_1769 PASSED [  9%]
tests/pdfs/edge_cases/test_bug_1769.py::test_image_rendering_bug_1769 PASSED [  9%]
tests/pdfs/edge_cases/test_bug_182.py::test_text_extraction_bug_182 PASSED [  9%]
tests/pdfs/edge_cases/test_bug_182.py::test_image_rendering_bug_182 PASSED [  9%]
tests/pdfs/edge_cases/test_bug_1893.py::test_text_extraction_bug_1893 PASSED [  9%]
tests/pdfs/edge_cases/test_bug_1893.py::test_image_rendering_bug_1893 PASSED [  9%]
tests/pdfs/edge_cases/test_bug_1919.py::test_text_extraction_bug_1919 PASSED [  9%]
tests/pdfs/edge_cases/test_bug_1919.py::test_image_rendering_bug_1919 PASSED [  9%]
tests/pdfs/edge_cases/test_bug_2034.py::test_text_extraction_bug_2034 FAILED [  9%]
tests/pdfs/edge_cases/test_bug_2034.py::test_image_rendering_bug_2034 FAILED [  9%]
tests/pdfs/edge_cases/test_bug_213.py::test_text_extraction_bug_213 PASSED [  9%]
tests/pdfs/edge_cases/test_bug_213.py::test_image_rendering_bug_213 PASSED [  9%]
tests/pdfs/edge_cases/test_bug_2132.py::test_text_extraction_bug_2132 FAILED [  9%]
tests/pdfs/edge_cases/test_bug_2132.py::test_image_rendering_bug_2132 FAILED [  9%]
tests/pdfs/edge_cases/test_bug_216.py::test_text_extraction_bug_216 FAILED [ 10%]
tests/pdfs/edge_cases/test_bug_216.py::test_image_rendering_bug_216 FAILED [ 10%]
tests/pdfs/edge_cases/test_bug_298.py::test_text_extraction_bug_298 PASSED [ 10%]
tests/pdfs/edge_cases/test_bug_298.py::test_image_rendering_bug_298 PASSED [ 10%]
tests/pdfs/edge_cases/test_bug_306123.py::test_text_extraction_bug_306123 FAILED [ 10%]
tests/pdfs/edge_cases/test_bug_306123.py::test_image_rendering_bug_306123 FAILED [ 10%]
tests/pdfs/edge_cases/test_bug_325_a.py::test_text_extraction_bug_325_a PASSED [ 10%]
tests/pdfs/edge_cases/test_bug_325_a.py::test_image_rendering_bug_325_a PASSED [ 10%]
tests/pdfs/edge_cases/test_bug_325_b.py::test_text_extraction_bug_325_b PASSED [ 10%]
tests/pdfs/edge_cases/test_bug_325_b.py::test_image_rendering_bug_325_b PASSED [ 10%]
tests/pdfs/edge_cases/test_bug_343.py::test_text_extraction_bug_343 PASSED [ 10%]
tests/pdfs/edge_cases/test_bug_343.py::test_image_rendering_bug_343 PASSED [ 10%]
tests/pdfs/edge_cases/test_bug_343075986.py::test_text_extraction_bug_343075986 FAILED [ 10%]
tests/pdfs/edge_cases/test_bug_343075986.py::test_image_rendering_bug_343075986 FAILED [ 10%]
tests/pdfs/edge_cases/test_bug_344.py::test_text_extraction_bug_344 PASSED [ 10%]
tests/pdfs/edge_cases/test_bug_344.py::test_image_rendering_bug_344 PASSED [ 10%]
tests/pdfs/edge_cases/test_bug_355.py::test_text_extraction_bug_355 PASSED [ 10%]
tests/pdfs/edge_cases/test_bug_355.py::test_image_rendering_bug_355 PASSED [ 10%]
tests/pdfs/edge_cases/test_bug_360.py::test_text_extraction_bug_360 PASSED [ 10%]
tests/pdfs/edge_cases/test_bug_360.py::test_image_rendering_bug_360 PASSED [ 10%]
tests/pdfs/edge_cases/test_bug_378120423.py::test_text_extraction_bug_378120423 FAILED [ 10%]
tests/pdfs/edge_cases/test_bug_378120423.py::test_image_rendering_bug_378120423 FAILED [ 10%]
tests/pdfs/edge_cases/test_bug_384770169.py::test_text_extraction_bug_384770169 PASSED [ 10%]
tests/pdfs/edge_cases/test_bug_384770169.py::test_image_rendering_bug_384770169 PASSED [ 10%]
tests/pdfs/edge_cases/test_bug_399689604.py::test_text_extraction_bug_399689604 PASSED [ 11%]
tests/pdfs/edge_cases/test_bug_399689604.py::test_image_rendering_bug_399689604 PASSED [ 11%]
tests/pdfs/edge_cases/test_bug_402562387.py::test_text_extraction_bug_402562387 PASSED [ 11%]
tests/pdfs/edge_cases/test_bug_402562387.py::test_image_rendering_bug_402562387 PASSED [ 11%]
tests/pdfs/edge_cases/test_bug_420508260.py::test_text_extraction_bug_420508260 PASSED [ 11%]
tests/pdfs/edge_cases/test_bug_420508260.py::test_image_rendering_bug_420508260 PASSED [ 11%]
tests/pdfs/edge_cases/test_bug_42270471.py::test_text_extraction_bug_42270471 FAILED [ 11%]
tests/pdfs/edge_cases/test_bug_42270471.py::test_image_rendering_bug_42270471 FAILED [ 11%]
tests/pdfs/edge_cases/test_bug_42271133.py::test_text_extraction_bug_42271133 PASSED [ 11%]
tests/pdfs/edge_cases/test_bug_42271133.py::test_image_rendering_bug_42271133 PASSED [ 11%]
tests/pdfs/edge_cases/test_bug_424613308.py::test_text_extraction_bug_424613308 PASSED [ 11%]
tests/pdfs/edge_cases/test_bug_424613308.py::test_image_rendering_bug_424613308 PASSED [ 11%]
tests/pdfs/edge_cases/test_bug_425244539.py::test_text_extraction_bug_425244539 PASSED [ 11%]
tests/pdfs/edge_cases/test_bug_425244539.py::test_image_rendering_bug_425244539 PASSED [ 11%]
tests/pdfs/edge_cases/test_bug_431824298.py::test_text_extraction_bug_431824298 PASSED [ 11%]
tests/pdfs/edge_cases/test_bug_431824298.py::test_image_rendering_bug_431824298 PASSED [ 11%]
tests/pdfs/edge_cases/test_bug_451265.py::test_text_extraction_bug_451265 FAILED [ 11%]
tests/pdfs/edge_cases/test_bug_451265.py::test_image_rendering_bug_451265 