============================= test session starts ==============================
platform darwin -- Python 3.11.5, pytest-8.4.2, pluggy-1.6.0 -- /Library/Frameworks/Python.framework/Versions/3.11/bin/python3.11
cachedir: .pytest_cache
metadata: {'Python': '3.11.5', 'Platform': 'macOS-15.7.1-arm64-arm-64bit', 'Packages': {'pytest': '8.4.2', 'pluggy': '1.6.0'}, 'Plugins': {'html': '4.1.1', 'asyncio': '1.1.0', 'xdist': '3.8.0', 'timeout': '2.4.0', 'metadata': '3.1.1', 'Faker': '37.8.0', 'anyio': '4.10.0', 'cov': '6.2.1', 'langsmith': '0.4.38'}, 'AWS_REGION': 'us-west-2'}
rootdir: /Users/ayates/pdfium/integration_tests
configfile: pytest.ini
testpaths: tests
plugins: html-4.1.1, asyncio-1.1.0, xdist-3.8.0, timeout-2.4.0, metadata-3.1.1, Faker-37.8.0, anyio-4.10.0, cov-6.2.1, langsmith-0.4.38
asyncio: mode=Mode.STRICT, asyncio_default_fixture_loop_scope=None, asyncio_default_test_loop_scope=function
timeout: 300.0s
timeout method: signal
timeout func_only: False
collecting ... collected 2783 items / 1819 deselected / 964 selected

tests/test_000_infrastructure.py::test_000_9_all_page_images_exist[0100pages_7FKQLKX273JBHXAAW5XDRT27JGMIZMCI.pdf] SKIPPED [  0%]
tests/test_000_infrastructure.py::test_000_9_all_page_images_exist[0106pages_IYAFRX3M262EGRMQJHT7MCODUP5ZGYRW.pdf] SKIPPED [  0%]
tests/test_000_infrastructure.py::test_000_9_all_page_images_exist[0109pages_NRCGAGBLTXTXEKXNLQ4L4NFA6ZQPCWE5.pdf] SKIPPED [  0%]
tests/test_000_infrastructure.py::test_000_9_all_page_images_exist[0124pages_HXTX4CFAYHW5LKUFDCEHIITIMEYCJ7MW.pdf] SKIPPED [  0%]
tests/test_000_infrastructure.py::test_000_9_all_page_images_exist[0130pages_ZJJJ6P4UAGH7LKLACPT5P437FB5F3MYF.pdf] SKIPPED [  0%]
tests/test_000_infrastructure.py::test_000_9_all_page_images_exist[0134pages_LYZMN7YTFC6ULBL6TP4WQQRK356GB36T.pdf] SKIPPED [  0%]
tests/test_000_infrastructure.py::test_000_9_all_page_images_exist[0150pages_44LQBJ56XNS2C6VVWKOP2YUNKCODKTEA.pdf] SKIPPED [  0%]
tests/test_000_infrastructure.py::test_000_9_all_page_images_exist[0159pages_5XPIPZJEUIFPFOXGLU26NFQSU4GSJMF3.pdf] SKIPPED [  0%]
tests/test_000_infrastructure.py::test_000_9_all_page_images_exist[0169pages_CLEQSRWNHVWUAHLTNGPYHMYOWEC4JR6S.pdf] SKIPPED [  0%]
tests/test_000_infrastructure.py::test_000_9_all_page_images_exist[0171pages_USTMTDJBOQ327J2XVWE76TPUOKIBJ4S5.pdf] SKIPPED [  1%]
tests/test_000_infrastructure.py::test_000_9_all_page_images_exist[0172pages_DNJIAKOPLDZDQCXT2PDA6V6DGL2MQL2H.pdf] SKIPPED [  1%]
tests/test_000_infrastructure.py::test_000_9_all_page_images_exist[0192pages_C46Z2Q4AMEZJVTRV2XO434YLMVHCB46O.pdf] SKIPPED [  1%]
tests/test_000_infrastructure.py::test_000_9_all_page_images_exist[0192pages_ULFRJCOWYIDOOTY7KWUPC6NU7UTTCLSO.pdf] SKIPPED [  1%]
tests/test_000_infrastructure.py::test_000_9_all_page_images_exist[0193pages_CADINJMTO23ZTKPBNZ6TUOQT4BFPZC2C.pdf] SKIPPED [  1%]
tests/test_000_infrastructure.py::test_000_9_all_page_images_exist[0201pages_RYDFB4ZZNNBE6LLDSY4CFGWQQ7U3KSAA.pdf] SKIPPED [  1%]
tests/test_000_infrastructure.py::test_000_9_all_page_images_exist[0214pages_BZK65P6W74FNMD4O3A24LH3F2XLFH7V2.pdf] SKIPPED [  1%]
tests/test_000_infrastructure.py::test_000_9_all_page_images_exist[0215pages_UAU4SPHOQHADJRFKILFDYETBGB6HXYU2.pdf] SKIPPED [  1%]
tests/test_000_infrastructure.py::test_000_9_all_page_images_exist[0255pages_OKRV2XLZ2UGGRCBKHS3I5DA5TNLNVHWC.pdf] SKIPPED [  1%]
tests/test_000_infrastructure.py::test_000_9_all_page_images_exist[0277pages_YCOBKTA46F7XEOWT4LS3BCPGDOMQSBWF.pdf] SKIPPED [  1%]
tests/test_000_infrastructure.py::test_000_9_all_page_images_exist[0291pages_RGLWPWLY4JE6RPNCCHQ3LQWDFLPBGHXQ.pdf] SKIPPED [  2%]
tests/test_000_infrastructure.py::test_000_9_all_page_images_exist[0309pages_7LD3RVJDZGTXF53CDLCI67YPWZQ5POOA.pdf] SKIPPED [  2%]
tests/test_000_infrastructure.py::test_000_9_all_page_images_exist[0313pages_7DLRSEXVIADBZZUN4IJIACW5T23YBH7H.pdf] SKIPPED [  2%]
tests/test_000_infrastructure.py::test_000_9_all_page_images_exist[0496pages_E3474JUEVRWQ3P2J2I3XBFKMMVZLLKWZ.pdf] SKIPPED [  2%]
tests/test_000_infrastructure.py::test_000_9_all_page_images_exist[0569pages_QXQ2QSHOPBTSXLDGKKM4TYMR4R7QODHB.pdf] SKIPPED [  2%]
tests/test_000_infrastructure.py::test_000_9_all_page_images_exist[0821pages_LUNFJFH4KWZ3ZFNRO43WSMZPLM4OLB7C.pdf] SKIPPED [  2%]
tests/test_000_infrastructure.py::test_000_9_all_page_images_exist[1931pages_7ZNNFJGHOEFFP6I4OARCZGH3GPPDNDXC.pdf] SKIPPED [  2%]
tests/test_000_infrastructure.py::test_000_9_all_page_images_exist[arxiv_001.pdf] SKIPPED [  2%]
tests/test_000_infrastructure.py::test_000_9_all_page_images_exist[arxiv_005.pdf] SKIPPED [  2%]
tests/test_000_infrastructure.py::test_000_9_all_page_images_exist[arxiv_009.pdf] SKIPPED [  3%]
tests/test_000_infrastructure.py::test_000_9_all_page_images_exist[arxiv_014.pdf] SKIPPED [  3%]
tests/test_000_infrastructure.py::test_000_9_all_page_images_exist[arxiv_018.pdf] SKIPPED [  3%]
tests/test_000_infrastructure.py::test_000_9_all_page_images_exist[arxiv_022.pdf] SKIPPED [  3%]
tests/test_000_infrastructure.py::test_000_9_all_page_images_exist[arxiv_026.pdf] SKIPPED [  3%]
tests/test_000_infrastructure.py::test_000_9_all_page_images_exist[arxiv_030.pdf] SKIPPED [  3%]
tests/test_000_infrastructure.py::test_000_9_all_page_images_exist[arxiv_034.pdf] SKIPPED [  3%]
tests/test_000_infrastructure.py::test_000_9_all_page_images_exist[arxiv_038.pdf] SKIPPED [  3%]
tests/test_000_infrastructure.py::test_000_9_all_page_images_exist[cc_001_931p.pdf] SKIPPED [  3%]
tests/test_000_infrastructure.py::test_000_9_all_page_images_exist[cc_003_162p.pdf] SKIPPED [  3%]
tests/test_000_infrastructure.py::test_000_9_all_page_images_exist[cc_005_172p.pdf] SKIPPED [  4%]
tests/test_000_infrastructure.py::test_000_9_all_page_images_exist[cc_007_101p.pdf] SKIPPED [  4%]
tests/test_000_infrastructure.py::test_000_9_all_page_images_exist[cc_009_188p.pdf] SKIPPED [  4%]
tests/test_000_infrastructure.py::test_000_9_all_page_images_exist[cc_011_222p.pdf] SKIPPED [  4%]
tests/test_000_infrastructure.py::test_000_9_all_page_images_exist[cc_013_122p.pdf] SKIPPED [  4%]
tests/test_000_infrastructure.py::test_000_9_all_page_images_exist[cc_015_101p.pdf] SKIPPED [  4%]
tests/test_000_infrastructure.py::test_000_9_all_page_images_exist[cc_017_145p.pdf] SKIPPED [  4%]
tests/test_000_infrastructure.py::test_000_9_all_page_images_exist[cc_019_198p.pdf] SKIPPED [  4%]
tests/test_000_infrastructure.py::test_000_9_all_page_images_exist[edinet_2025-06-23_1701_E04341_Konoike Transport CoLtd.pdf] SKIPPED [  4%]
tests/test_000_infrastructure.py::test_000_9_all_page_images_exist[edinet_2025-06-24_1318_E01920_Makita Corporation.pdf] SKIPPED [  4%]
tests/test_000_infrastructure.py::test_000_9_all_page_images_exist[edinet_2025-06-25_1507_E01402_SUNCALL CORPORATION.pdf] SKIPPED [  5%]
tests/test_000_infrastructure.py::test_000_9_all_page_images_exist[edinet_2025-06-26_0909_E00982_LTT Bio-Pharma Co Ltd.pdf] SKIPPED [  5%]
tests/test_000_infrastructure.py::test_000_9_all_page_images_exist[edinet_2025-06-26_1500_E01974_NKK SWITCHESCOLTD.pdf] SKIPPED [  5%]
tests/test_000_infrastructure.py::test_000_9_all_page_images_exist[edinet_2025-06-26_1713_E00771_OSAKA SODA COLTD.pdf] SKIPPED [  5%]
tests/test_000_infrastructure.py::test_000_9_all_page_images_exist[edinet_2025-06-27_1330_E02927_TAKACHIHO KOHEKI COLTD.pdf] SKIPPED [  5%]
tests/test_000_infrastructure.py::test_000_9_all_page_images_exist[edinet_2025-07-11_1533_E04884_KYOWA ENGINEERING CONSULTANTS.pdf] SKIPPED [  5%]
tests/test_000_infrastructure.py::test_000_9_all_page_images_exist[edinet_2025-08-08_1325_E35294_TECHNOFLEX CORPORATION.pdf] SKIPPED [  5%]
tests/test_000_infrastructure.py::test_000_9_all_page_images_exist[edinet_2025-08-08_1603_E03724_J Trust CoLtd.pdf] SKIPPED [  5%]
tests/test_000_infrastructure.py::test_000_9_all_page_images_exist[web_001.pdf] SKIPPED [  5%]
tests/test_000_infrastructure.py::test_000_9_all_page_images_exist[web_012.pdf] SKIPPED [  6%]
tests/test_000_infrastructure.py::test_000_9_all_page_images_exist[web_023.pdf] SKIPPED [  6%]
tests/test_000_infrastructure.py::test_000_9_all_page_images_exist[web_034.pdf] SKIPPED [  6%]
tests/test_003_extended_corpus.py::test_extended_text_correctness[0100pages_7FKQLKX273JBHXAAW5XDRT27JGMIZMCI] PASSED [  6%]
tests/test_003_extended_corpus.py::test_extended_text_correctness[0106pages_IYAFRX3M262EGRMQJHT7MCODUP5ZGYRW] PASSED [  6%]
tests/test_003_extended_corpus.py::test_extended_text_correctness[0109pages_NRCGAGBLTXTXEKXNLQ4L4NFA6ZQPCWE5] PASSED [  6%]
tests/test_003_extended_corpus.py::test_extended_text_correctness[0124pages_HXTX4CFAYHW5LKUFDCEHIITIMEYCJ7MW] PASSED [  6%]
tests/test_003_extended_corpus.py::test_extended_text_correctness[0130pages_ZJJJ6P4UAGH7LKLACPT5P437FB5F3MYF] PASSED [  6%]
tests/test_003_extended_corpus.py::test_extended_text_correctness[0134pages_LYZMN7YTFC6ULBL6TP4WQQRK356GB36T] PASSED [  6%]
tests/test_003_extended_corpus.py::test_extended_text_correctness[0150pages_44LQBJ56XNS2C6VVWKOP2YUNKCODKTEA] PASSED [  6%]
tests/test_003_extended_corpus.py::test_extended_text_correctness[0159pages_5XPIPZJEUIFPFOXGLU26NFQSU4GSJMF3] PASSED [  7%]
tests/test_003_extended_corpus.py::test_extended_text_correctness[0169pages_CLEQSRWNHVWUAHLTNGPYHMYOWEC4JR6S] PASSED [  7%]
tests/test_003_extended_corpus.py::test_extended_text_correctness[0171pages_USTMTDJBOQ327J2XVWE76TPUOKIBJ4S5] PASSED [  7%]
tests/test_003_extended_corpus.py::test_extended_text_correctness[0172pages_DNJIAKOPLDZDQCXT2PDA6V6DGL2MQL2H] PASSED [  7%]
tests/test_003_extended_corpus.py::test_extended_text_correctness[0192pages_C46Z2Q4AMEZJVTRV2XO434YLMVHCB46O] PASSED [  7%]
tests/test_003_extended_corpus.py::test_extended_text_correctness[0192pages_ULFRJCOWYIDOOTY7KWUPC6NU7UTTCLSO] PASSED [  7%]
tests/test_003_extended_corpus.py::test_extended_text_correctness[0193pages_CADINJMTO23ZTKPBNZ6TUOQT4BFPZC2C] PASSED [  7%]
tests/test_003_extended_corpus.py::test_extended_text_correctness[0201pages_RYDFB4ZZNNBE6LLDSY4CFGWQQ7U3KSAA] PASSED [  7%]
tests/test_003_extended_corpus.py::test_extended_text_correctness[0214pages_BZK65P6W74FNMD4O3A24LH3F2XLFH7V2] PASSED [  7%]
tests/test_003_extended_corpus.py::test_extended_text_correctness[0215pages_UAU4SPHOQHADJRFKILFDYETBGB6HXYU2] PASSED [  7%]
tests/test_003_extended_corpus.py::test_extended_text_correctness[0255pages_OKRV2XLZ2UGGRCBKHS3I5DA5TNLNVHWC] PASSED [  8%]
tests/test_003_extended_corpus.py::test_extended_text_correctness[0277pages_YCOBKTA46F7XEOWT4LS3BCPGDOMQSBWF] PASSED [  8%]
tests/test_003_extended_corpus.py::test_extended_text_correctness[0291pages_RGLWPWLY4JE6RPNCCHQ3LQWDFLPBGHXQ] PASSED [  8%]
tests/test_003_extended_corpus.py::test_extended_text_correctness[0309pages_7LD3RVJDZGTXF53CDLCI67YPWZQ5POOA] PASSED [  8%]
tests/test_003_extended_corpus.py::test_extended_text_correctness[0313pages_7DLRSEXVIADBZZUN4IJIACW5T23YBH7H] PASSED [  8%]
tests/test_003_extended_corpus.py::test_extended_text_correctness[0496pages_E3474JUEVRWQ3P2J2I3XBFKMMVZLLKWZ] PASSED [  8%]
tests/test_003_extended_corpus.py::test_extended_text_correctness[0569pages_QXQ2QSHOPBTSXLDGKKM4TYMR4R7QODHB] PASSED [  8%]
tests/test_003_extended_corpus.py::test_extended_text_correctness[0821pages_LUNFJFH4KWZ3ZFNRO43WSMZPLM4OLB7C] PASSED [  8%]
tests/test_003_extended_corpus.py::test_extended_text_correctness[1931pages_7ZNNFJGHOEFFP6I4OARCZGH3GPPDNDXC] PASSED [  8%]
tests/test_003_extended_corpus.py::test_extended_text_correctness[arxiv_001] PASSED [  9%]
tests/test_003_extended_corpus.py::test_extended_text_correctness[arxiv_002] PASSED [  9%]
tests/test_003_extended_corpus.py::test_extended_text_correctness[arxiv_003] PASSED [  9%]
tests/test_003_extended_corpus.py::test_extended_text_correctness[arxiv_004] PASSED [  9%]
tests/test_003_extended_corpus.py::test_extended_text_correctness[arxiv_005] PASSED [  9%]
tests/test_003_extended_corpus.py::test_extended_text_correctness[arxiv_006] PASSED [  9%]
tests/test_003_extended_corpus.py::test_extended_text_correctness[arxiv_007] PASSED [  9%]
tests/test_003_extended_corpus.py::test_extended_text_correctness[arxiv_008] PASSED [  9%]
tests/test_003_extended_corpus.py::test_extended_text_correctness[arxiv_009] PASSED [  9%]
tests/test_003_extended_corpus.py::test_extended_text_correctness[arxiv_010] PASSED [  9%]
tests/test_003_extended_corpus.py::test_extended_text_correctness[arxiv_011] PASSED [ 10%]
tests/test_003_extended_corpus.py::test_extended_text_correctness[arxiv_012] PASSED [ 10%]
tests/test_003_extended_corpus.py::test_extended_text_correctness[arxiv_014] PASSED [ 10%]
tests/test_003_extended_corpus.py::test_extended_text_correctness[arxiv_015] PASSED [ 10%]
tests/test_003_extended_corpus.py::test_extended_text_correctness[arxiv_016] PASSED [ 10%]
tests/test_003_extended_corpus.py::test_extended_text_correctness[arxiv_017] PASSED [ 10%]
tests/test_003_extended_corpus.py::test_extended_text_correctness[arxiv_018] PASSED [ 10%]
tests/test_003_extended_corpus.py::test_extended_text_correctness[arxiv_019] PASSED [ 10%]
tests/test_003_extended_corpus.py::test_extended_text_correctness[arxiv_020] PASSED [ 10%]
tests/test_003_extended_corpus.py::test_extended_text_correctness[arxiv_021] PASSED [ 10%]
tests/test_003_extended_corpus.py::test_extended_text_correctness[arxiv_022] PASSED [ 11%]
tests/test_003_extended_corpus.py::test_extended_text_correctness[arxiv_023] PASSED [ 11%]
tests/test_003_extended_corpus.py::test_extended_text_correctness[arxiv_024] PASSED [ 11%]
tests/test_003_extended_corpus.py::test_extended_text_correctness[arxiv_025] PASSED [ 11%]
tests/test_003_extended_corpus.py::test_extended_text_correctness[arxiv_026] PASSED [ 11%]
tests/test_003_extended_corpus.py::test_extended_text_correctness[arxiv_027] PASSED [ 11%]
tests/test_003_extended_corpus.py::test_extended_text_correctness[arxiv_028] PASSED [ 11%]
tests/test_003_extended_corpus.py::test_extended_text_correctness[arxiv_029] PASSED [ 11%]
tests/test_003_extended_corpus.py::test_extended_text_correctness[arxiv_030] PASSED [ 11%]
tests/test_003_extended_corpus.py::test_extended_text_correctness[arxiv_031] PASSED [ 12%]
tests/test_003_extended_corpus.py::test_extended_text_correctness[arxiv_032] PASSED [ 12%]
tests/test_003_extended_corpus.py::test_extended_text_correctness[arxiv_033] PASSED [ 12%]
tests/test_003_extended_corpus.py::test_extended_text_correctness[arxiv_034] PASSED [ 12%]
tests/test_003_extended_corpus.py::test_extended_text_correctness[arxiv_035] PASSED [ 12%]
tests/test_003_extended_corpus.py::test_extended_text_correctness[arxiv_036] PASSED [ 12%]
tests/test_003_extended_corpus.py::test_extended_text_correctness[arxiv_037] PASSED [ 12%]
tests/test_003_extended_corpus.py::test_extended_text_correctness[arxiv_038] PASSED [ 12%]
tests/test_003_extended_corpus.py::test_extended_text_correctness[arxiv_039] PASSED [ 12%]
tests/test_003_extended_corpus.py::test_extended_text_correctness[arxiv_040] PASSED [ 12%]
tests/test_003_extended_corpus.py::test_extended_text_correctness[cc_001_931p] PASSED [ 13%]
tests/test_003_extended_corpus.py::test_extended_text_correctness[cc_002_522p] PASSED [ 13%]
tests/test_003_extended_corpus.py::test_extended_text_correctness[cc_003_162p] PASSED [ 13%]
tests/test_003_extended_corpus.py::test_extended_text_correctness[cc_004_291p] PASSED [ 13%]
tests/test_003_extended_corpus.py::test_extended_text_correctness[cc_005_172p] PASSED [ 13%]
tests/test_003_extended_corpus.py::test_extended_text_correctness[cc_006_254p] PASSED [ 13%]
tests/test_003_extended_corpus.py::test_extended_text_correctness[cc_007_101p] PASSED [ 13%]
tests/test_003_extended_corpus.py::test_extended_text_correctness[cc_008_116p] PASSED [ 13%]
tests/test_003_extended_corpus.py::test_extended_text_correctness[cc_009_188p] PASSED [ 13%]
tests/test_003_extended_corpus.py::test_extended_text_correctness[cc_010_206p] PASSED [ 14%]
tests/test_003_extended_corpus.py::test_extended_text_correctness[cc_011_222p] PASSED [ 14%]
tests/test_003_extended_corpus.py::test_extended_text_correctness[cc_012_244p] PASSED [ 14%]
tests/test_003_extended_corpus.py::test_extended_text_correctness[cc_013_122p] PASSED [ 14%]
tests/test_003_extended_corpus.py::test_extended_text_correctness[cc_014_176p] PASSED [ 14%]
tests/test_003_extended_corpus.py::test_extended_text_correctness[cc_015_101p] PASSED [ 14%]
tests/test_003_extended_corpus.py::test_extended_text_correctness[cc_016_159p] PASSED [ 14%]
tests/test_003_extended_corpus.py::test_extended_text_correctness[cc_017_145p] PASSED [ 14%]
tests/test_003_extended_corpus.py::test_extended_text_correctness[cc_018_167p] PASSED [ 14%]
tests/test_003_extended_corpus.py::test_extended_text_correctness[cc_019_198p] PASSED [ 14%]
tests/test_003_extended_corpus.py::test_extended_text_correctness[cc_020_103p] PASSED [ 15%]
tests/test_003_extended_corpus.py::test_extended_text_correctness[edinet_2025-06-23_1701_E04341_Konoike Transport Co] PASSED [ 15%]
tests/test_003_extended_corpus.py::test_extended_text_correctness[edinet_2025-06-24_0930_E03557_The Chiba Kogyo Bank] PASSED [ 15%]
tests/test_003_extended_corpus.py::test_extended_text_correctness[edinet_2025-06-24_1124_E05556_Saint Marc Holdings ] PASSED [ 15%]
tests/test_003_extended_corpus.py::test_extended_text_correctness[edinet_2025-06-24_1136_E01606_Not Registered in En] PASSED [ 15%]
tests/test_003_extended_corpus.py::test_extended_text_correctness[edinet_2025-06-24_1316_E33834_Shinwa Co Ltd] PASSED [ 15%]
tests/test_003_extended_corpus.py::test_extended_text_correctness[edinet_2025-06-24_1318_E01920_Makita Corporation] PASSED [ 15%]
tests/test_003_extended_corpus.py::test_extended_text_correctness[edinet_2025-06-24_1548_E01914_Not Registered in En] PASSED [ 15%]
tests/test_003_extended_corpus.py::test_extended_text_correctness[edinet_2025-06-25_1027_E01750_DAIHEN CORPORATION] PASSED [ 15%]
tests/test_003_extended_corpus.py::test_extended_text_correctness[edinet_2025-06-25_1357_E01684_SEIKO CORPORATION] PASSED [ 15%]
tests/test_003_extended_corpus.py::test_extended_text_correctness[edinet_2025-06-25_1433_E01754_KAWADEN CORPORATION] PASSED [ 16%]
tests/test_003_extended_corpus.py::test_extended_text_correctness[edinet_2025-06-25_1507_E01402_SUNCALL CORPORATION] PASSED [ 16%]
tests/test_003_extended_corpus.py::test_extended_text_correctness[edinet_2025-06-25_1513_E01172_Not Registered in En] PASSED [ 16%]
tests/test_003_extended_corpus.py::test_extended_text_correctness[edinet_2025-06-25_1557_E05670_HIKARI HEIGHTS-VARUS] PASSED [ 16%]
tests/test_003_extended_corpus.py::test_extended_text_correctness[edinet_2025-06-25_1608_E02628_KIMURATAN CORPORATIO] PASSED [ 16%]
tests/test_003_extended_corpus.py::test_extended_text_correctness[edinet_2025-06-25_1634_E03116_AOKI Holdings Inc] PASSED [ 16%]
tests/test_003_extended_corpus.py::test_extended_text_correctness[edinet_2025-06-26_0909_E00982_LTT Bio-Pharma Co Lt] PASSED [ 16%]
tests/test_003_extended_corpus.py::test_extended_text_correctness[edinet_2025-06-26_0914_E01057_SOFT99corporation] PASSED [ 16%]
tests/test_003_extended_corpus.py::test_extended_text_correctness[edinet_2025-06-26_1029_E02363_Not Registered in En] PASSED [ 16%]
tests/test_003_extended_corpus.py::test_extended_text_correctness[edinet_2025-06-26_1345_E01202_Yoshicon CoLtd] PASSED [ 17%]
tests/test_003_extended_corpus.py::test_extended_text_correctness[edinet_2025-06-26_1432_E35562_NexTone Inc] PASSED [ 17%]
tests/test_003_extended_corpus.py::test_extended_text_correctness[edinet_2025-06-26_1500_E01974_NKK SWITCHESCOLTD] PASSED [ 17%]
tests/test_003_extended_corpus.py::test_extended_text_correctness[edinet_2025-06-26_1530_E04503_Hokuriku Electric Po] PASSED [ 17%]
tests/test_003_extended_corpus.py::test_extended_text_correctness[edinet_2025-06-26_1544_E05657_HIP CORPORATION] PASSED [ 17%]
tests/test_003_extended_corpus.py::test_extended_text_correctness[edinet_2025-06-26_1610_E27506_JSS CORPORATION] PASSED [ 17%]
tests/test_003_extended_corpus.py::test_extended_text_correctness[edinet_2025-06-26_1621_E00777_NIPPON CARBIDE INDUS] PASSED [ 17%]
tests/test_003_extended_corpus.py::test_extended_text_correctness[edinet_2025-06-26_1713_E00771_OSAKA SODA COLTD] PASSED [ 17%]
tests/test_003_extended_corpus.py::test_extended_text_correctness[edinet_2025-06-27_1005_E02554_HANWA COLTD] PASSED [ 17%]
tests/test_003_extended_corpus.py::test_extended_text_correctness[edinet_2025-06-27_1051_E01956_KONAMI GROUP CORPORA] PASSED [ 17%]
tests/test_003_extended_corpus.py::test_extended_text_correctness[edinet_2025-06-27_1235_E03346_PLATHOME COLTD] PASSED [ 18%]
tests/test_003_extended_corpus.py::test_extended_text_correctness[edinet_2025-06-27_1249_E23224_Not Registered in En] PASSED [ 18%]
tests/test_003_extended_corpus.py::test_extended_text_correctness[edinet_2025-06-27_1330_E02927_TAKACHIHO KOHEKI COL] PASSED [ 18%]
tests/test_003_extended_corpus.py::test_extended_text_correctness[edinet_2025-06-27_1402_E02266_TOKYO KEIKI INC] PASSED [ 18%]
tests/test_003_extended_corpus.py::test_extended_text_correctness[edinet_2025-06-27_1637_E01916_The Lead Co Inc] PASSED [ 18%]
tests/test_003_extended_corpus.py::test_extended_text_correctness[edinet_2025-06-30_1238_E39104_Not Registered in En] PASSED [ 18%]
tests/test_003_extended_corpus.py::test_extended_text_correctness[edinet_2025-06-30_1401_E04502_Chubu Electric Power] PASSED [ 18%]
tests/test_003_extended_corpus.py::test_extended_text_correctness[edinet_2025-07-11_1533_E04884_KYOWA ENGINEERING CO] PASSED [ 18%]
tests/test_003_extended_corpus.py::test_extended_text_correctness[edinet_2025-07-14_0931_E01524_TSUDAKOMA Corp] PASSED [ 18%]
tests/test_003_extended_corpus.py::test_extended_text_correctness[edinet_2025-07-31_1506_E05218_Not Registered in En] PASSED [ 18%]
tests/test_003_extended_corpus.py::test_extended_text_correctness[edinet_2025-08-04_1341_E05147_DENTSU SOKEN INC] PASSED [ 19%]
tests/test_003_extended_corpus.py::test_extended_text_correctness[edinet_2025-08-07_0913_E02257_SHIMANO INC] PASSED [ 19%]
tests/test_003_extended_corpus.py::test_extended_text_correctness[edinet_2025-08-08_1325_E35294_TECHNOFLEX CORPORATI] PASSED [ 19%]
tests/test_003_extended_corpus.py::test_extended_text_correctness[edinet_2025-08-08_1417_E21258_YAMABIKO CORPORATION] PASSED [ 19%]
tests/test_003_extended_corpus.py::test_extended_text_correctness[edinet_2025-08-08_1452_E05457_FISCO Ltd] PASSED [ 19%]
tests/test_003_extended_corpus.py::test_extended_text_correctness[edinet_2025-08-08_1545_E02331_NAKANISHI INC] PASSED [ 19%]
tests/test_003_extended_corpus.py::test_extended_text_correctness[edinet_2025-08-08_1548_E01205_KURAMOTO COLTD] PASSED [ 19%]
tests/test_003_extended_corpus.py::test_extended_text_correctness[edinet_2025-08-08_1603_E03724_J Trust CoLtd] PASSED [ 19%]
tests/test_003_extended_corpus.py::test_extended_text_correctness[edinet_2025-08-13_1607_E36174_Cacco Inc] PASSED [ 19%]
tests/test_003_extended_corpus.py::test_extended_text_correctness[edinet_2025-08-26_1600_E26831_Sankyo TateyamaInc] PASSED [ 20%]
tests/test_003_extended_corpus.py::test_extended_text_correctness[edinet_2025-08-28_1538_E04064_PROPERST COLTD] PASSED [ 20%]
tests/test_003_extended_corpus.py::test_extended_text_correctness[edinet_2025-09-11_1535_E02960_SHINTO Holdings Inc] PASSED [ 20%]
tests/test_003_extended_corpus.py::test_extended_text_correctness[fax_ccitt] PASSED [ 20%]
tests/test_003_extended_corpus.py::test_extended_text_correctness[japanese_001] PASSED [ 20%]
tests/test_003_extended_corpus.py::test_extended_text_correctness[japanese_002] PASSED [ 20%]
tests/test_003_extended_corpus.py::test_extended_text_correctness[japanese_003] PASSED [ 20%]
tests/test_003_extended_corpus.py::test_extended_text_correctness[japanese_004] PASSED [ 20%]
tests/test_003_extended_corpus.py::test_extended_text_correctness[japanese_005] PASSED [ 20%]
tests/test_003_extended_corpus.py::test_extended_text_correctness[japanese_006] PASSED [ 20%]
tests/test_003_extended_corpus.py::test_extended_text_correctness[japanese_007] PASSED [ 21%]
tests/test_003_extended_corpus.py::test_extended_text_correctness[japanese_008] PASSED [ 21%]
tests/test_003_extended_corpus.py::test_extended_text_correctness[japanese_009] PASSED [ 21%]
tests/test_003_extended_corpus.py::test_extended_text_correctness[japanese_010] PASSED [ 21%]
tests/test_003_extended_corpus.py::test_extended_text_correctness[japanese_011] PASSED [ 21%]
tests/test_003_extended_corpus.py::test_extended_text_correctness[japanese_012] PASSED [ 21%]
tests/test_003_extended_corpus.py::test_extended_text_correctness[japanese_013] PASSED [ 21%]
tests/test_003_extended_corpus.py::test_extended_text_correctness[japanese_014] PASSED [ 21%]
tests/test_003_extended_corpus.py::test_extended_text_correctness[japanese_015] PASSED [ 21%]
tests/test_003_extended_corpus.py::test_extended_text_correctness[web_001] PASSED [ 21%]
tests/test_003_extended_corpus.py::test_extended_text_correctness[web_002] PASSED [ 22%]
tests/test_003_extended_corpus.py::test_extended_text_correctness[web_003] PASSED [ 22%]
tests/test_003_extended_corpus.py::test_extended_text_correctness[web_004] PASSED [ 22%]
tests/test_003_extended_corpus.py::test_extended_text_correctness[web_005] PASSED [ 22%]
tests/test_003_extended_corpus.py::test_extended_text_correctness[web_006] PASSED [ 22%]
tests/test_003_extended_corpus.py::test_extended_text_correctness[web_007] PASSED [ 22%]
tests/test_003_extended_corpus.py::test_extended_text_correctness[web_008] PASSED [ 22%]
tests/test_003_extended_corpus.py::test_extended_text_correctness[web_009] PASSED [ 22%]
tests/test_003_extended_corpus.py::test_extended_text_correctness[web_010] PASSED [ 22%]
tests/test_003_extended_corpus.py::test_extended_text_correctness[web_011] PASSED [ 23%]
tests/test_003_extended_corpus.py::test_extended_text_correctness[web_012] PASSED [ 23%]
tests/test_003_extended_corpus.py::test_extended_text_correctness[web_013] PASSED [ 23%]
tests/test_003_extended_corpus.py::test_extended_text_correctness[web_014] PASSED [ 23%]
tests/test_003_extended_corpus.py::test_extended_text_correctness[web_015] PASSED [ 23%]
tests/test_003_extended_corpus.py::test_extended_text_correctness[web_016] PASSED [ 23%]
tests/test_003_extended_corpus.py::test_extended_text_correctness[web_017] PASSED [ 23%]
tests/test_003_extended_corpus.py::test_extended_text_correctness[web_018] PASSED [ 23%]
tests/test_003_extended_corpus.py::test_extended_text_correctness[web_019] PASSED [ 23%]
tests/test_003_extended_corpus.py::test_extended_text_correctness[web_020] PASSED [ 23%]
tests/test_003_extended_corpus.py::test_extended_text_correctness[web_021] PASSED [ 24%]
tests/test_003_extended_corpus.py::test_extended_text_correctness[web_022] PASSED [ 24%]
tests/test_003_extended_corpus.py::test_extended_text_correctness[web_023] PASSED [ 24%]
tests/test_003_extended_corpus.py::test_extended_text_correctness[web_024] PASSED [ 24%]
tests/test_003_extended_corpus.py::test_extended_text_correctness[web_025] PASSED [ 24%]
tests/test_003_extended_corpus.py::test_extended_text_correctness[web_026] PASSED [ 24%]
tests/test_003_extended_corpus.py::test_extended_text_correctness[web_027] PASSED [ 24%]
tests/test_003_extended_corpus.py::test_extended_text_correctness[web_028] PASSED [ 24%]
tests/test_003_extended_corpus.py::test_extended_text_correctness[web_029] PASSED [ 24%]
tests/test_003_extended_corpus.py::test_extended_text_correctness[web_030] PASSED [ 25%]
tests/test_003_extended_corpus.py::test_extended_text_correctness[web_031] PASSED [ 25%]
tests/test_003_extended_corpus.py::test_extended_text_correctness[web_032] PASSED [ 25%]
tests/test_003_extended_corpus.py::test_extended_text_correctness[web_033] PASSED [ 25%]
tests/test_003_extended_corpus.py::test_extended_text_correctness[web_034] PASSED [ 25%]
tests/test_003_extended_corpus.py::test_extended_text_correctness[web_035] PASSED [ 25%]
tests/test_003_extended_corpus.py::test_extended_text_correctness[web_036] PASSED [ 25%]
tests/test_003_extended_corpus.py::test_extended_text_correctness[web_037] PASSED [ 25%]
tests/test_003_extended_corpus.py::test_extended_text_correctness[web_038] PASSED [ 25%]
tests/test_003_extended_corpus.py::test_extended_text_correctness[web_039] PASSED [ 25%]
tests/test_003_extended_corpus.py::test_extended_text_correctness[web_040] PASSED [ 26%]
tests/test_003_extended_corpus.py::test_extended_text_correctness[web_041] PASSED [ 26%]
tests/test_003_extended_corpus.py::test_extended_text_correctness[web_042] PASSED [ 26%]
tests/test_003_extended_corpus.py::test_extended_text_correctness[web_043] PASSED [ 26%]
tests/test_003_extended_corpus.py::test_extended_text_correctness[web_044] PASSED [ 26%]
tests/test_003_extended_corpus.py::test_extended_text_correctness[web_045] PASSED [ 26%]
tests/test_004_edge_cases.py::test_edge_case_text_no_crash[344775293] PASSED [ 26%]
tests/test_004_edge_cases.py::test_edge_case_text_no_crash[363015187] PASSED [ 26%]
tests/test_004_edge_cases.py::test_edge_case_text_no_crash[about_blank] PASSED [ 26%]
tests/test_004_edge_cases.py::test_edge_case_text_no_crash[annot_javascript] PASSED [ 26%]
tests/test_004_edge_cases.py::test_edge_case_text_no_crash[annotation_fileattachment] PASSED [ 27%]
tests/test_004_edge_cases.py::test_edge_case_text_no_crash[annotation_highlight_long_content] PASSED [ 27%]
tests/test_004_edge_cases.py::test_edge_case_text_no_crash[annotation_highlight_rollover_ap] PASSED [ 27%]
tests/test_004_edge_cases.py::test_edge_case_text_no_crash[annotation_highlight_square_with_ap] PASSED [ 27%]
tests/test_004_edge_cases.py::test_edge_case_text_no_crash[annotation_ink_multiple] PASSED [ 27%]
tests/test_004_edge_cases.py::test_edge_case_text_no_crash[annotation_markup_multiline_no_ap] PASSED [ 27%]
tests/test_004_edge_cases.py::test_edge_case_text_no_crash[annotation_stamp_with_ap] PASSED [ 27%]
tests/test_004_edge_cases.py::test_edge_case_text_no_crash[annotiter] PASSED [ 27%]
tests/test_004_edge_cases.py::test_edge_case_text_no_crash[annots] PASSED [ 27%]
tests/test_004_edge_cases.py::test_edge_case_text_no_crash[annots_action_handling] PASSED [ 28%]
tests/test_004_edge_cases.py::test_edge_case_text_no_crash[bad_annots_entry] PASSED [ 28%]
tests/test_004_edge_cases.py::test_edge_case_text_no_crash[bad_dict_keys] PASSED [ 28%]
tests/test_004_edge_cases.py::test_edge_case_text_no_crash[bad_page_type] PASSED [ 28%]
tests/test_004_edge_cases.py::test_edge_case_text_no_crash[bigtable_mini] PASSED [ 28%]
tests/test_004_edge_cases.py::test_edge_case_text_no_crash[black] PASSED [ 28%]
tests/test_004_edge_cases.py::test_edge_case_text_no_crash[bookmarks] PASSED [ 28%]
tests/test_004_edge_cases.py::test_edge_case_text_no_crash[bookmarks_circular] PASSED [ 28%]
tests/test_004_edge_cases.py::test_edge_case_text_no_crash[bug_1029] PASSED [ 28%]
tests/test_004_edge_cases.py::test_edge_case_text_no_crash[bug_1055869] PASSED [ 28%]
tests/test_004_edge_cases.py::test_edge_case_text_no_crash[bug_1058653] PASSED [ 29%]
tests/test_004_edge_cases.py::test_edge_case_text_no_crash[bug_1124998] PASSED [ 29%]
tests/test_004_edge_cases.py::test_edge_case_text_no_crash[bug_113] PASSED [ 29%]
tests/test_004_edge_cases.py::test_edge_case_text_no_crash[bug_1139] PASSED [ 29%]
tests/test_004_edge_cases.py::test_edge_case_text_no_crash[bug_1206] PASSED [ 29%]
tests/test_004_edge_cases.py::test_edge_case_text_no_crash[bug_1229106] PASSED [ 29%]
tests/test_004_edge_cases.py::test_edge_case_text_no_crash[bug_1265] PASSED [ 29%]
tests/test_004_edge_cases.py::test_edge_case_text_no_crash[bug_1296920] PASSED [ 29%]
tests/test_004_edge_cases.py::test_edge_case_text_no_crash[bug_1301] PASSED [ 29%]
tests/test_004_edge_cases.py::test_edge_case_text_no_crash[bug_1302355] PASSED [ 29%]
tests/test_004_edge_cases.py::test_edge_case_text_no_crash[bug_1302455] PASSED [ 30%]
tests/test_004_edge_cases.py::test_edge_case_text_no_crash[bug_1324189] PASSED [ 30%]
tests/test_004_edge_cases.py::test_edge_case_text_no_crash[bug_1324503] PASSED [ 30%]
tests/test_004_edge_cases.py::test_edge_case_text_no_crash[bug_1327884] PASSED [ 30%]
tests/test_004_edge_cases.py::test_edge_case_text_no_crash[bug_1328389] PASSED [ 30%]
tests/test_004_edge_cases.py::test_edge_case_text_no_crash[bug_1333298] PASSED [ 30%]
tests/test_004_edge_cases.py::test_edge_case_text_no_crash[bug_1388_2] PASSED [ 30%]
tests/test_004_edge_cases.py::test_edge_case_text_no_crash[bug_1396264] PASSED [ 30%]
tests/test_004_edge_cases.py::test_edge_case_text_no_crash[bug_1399] PASSED [ 30%]
tests/test_004_edge_cases.py::test_edge_case_text_no_crash[bug_1477093] PASSED [ 31%]
tests/test_004_edge_cases.py::test_edge_case_text_no_crash[bug_1506] PASSED [ 31%]
tests/test_004_edge_cases.py::test_edge_case_text_no_crash[bug_1549] PASSED [ 31%]
tests/test_004_edge_cases.py::test_edge_case_text_no_crash[bug_1558] PASSED [ 31%]
tests/test_004_edge_cases.py::test_edge_case_text_no_crash[bug_1574] PASSED [ 31%]
tests/test_004_edge_cases.py::test_edge_case_text_no_crash[bug_1591] PASSED [ 31%]
tests/test_004_edge_cases.py::test_edge_case_text_no_crash[bug_1646] PASSED [ 31%]
tests/test_004_edge_cases.py::test_edge_case_text_no_crash[bug_1658] PASSED [ 31%]
tests/test_004_edge_cases.py::test_edge_case_text_no_crash[bug_1768] PASSED [ 31%]
tests/test_004_edge_cases.py::test_edge_case_text_no_crash[bug_1769] PASSED [ 31%]
tests/test_004_edge_cases.py::test_edge_case_text_no_crash[bug_182] PASSED [ 32%]
tests/test_004_edge_cases.py::test_edge_case_text_no_crash[bug_1893] PASSED [ 32%]
tests/test_004_edge_cases.py::test_edge_case_text_no_crash[bug_1919] PASSED [ 32%]
tests/test_004_edge_cases.py::test_edge_case_text_no_crash[bug_2034] PASSED [ 32%]
tests/test_004_edge_cases.py::test_edge_case_text_no_crash[bug_213] PASSED [ 32%]
tests/test_004_edge_cases.py::test_edge_case_text_no_crash[bug_2132] PASSED [ 32%]
tests/test_004_edge_cases.py::test_edge_case_text_no_crash[bug_216] PASSED [ 32%]
tests/test_004_edge_cases.py::test_edge_case_text_no_crash[bug_298] PASSED [ 32%]
tests/test_004_edge_cases.py::test_edge_case_text_no_crash[bug_306123] PASSED [ 32%]
tests/test_004_edge_cases.py::test_edge_case_text_no_crash[bug_325_a] PASSED [ 32%]
tests/test_004_edge_cases.py::test_edge_case_text_no_crash[bug_325_b] PASSED [ 33%]
tests/test_004_edge_cases.py::test_edge_case_text_no_crash[bug_343] PASSED [ 33%]
tests/test_004_edge_cases.py::test_edge_case_text_no_crash[bug_343075986] PASSED [ 33%]
tests/test_004_edge_cases.py::test_edge_case_text_no_crash[bug_344] PASSED [ 33%]
tests/test_004_edge_cases.py::test_edge_case_text_no_crash[bug_355] PASSED [ 33%]
tests/test_004_edge_cases.py::test_edge_case_text_no_crash[bug_360] PASSED [ 33%]
tests/test_004_edge_cases.py::test_edge_case_text_no_crash[bug_378120423] PASSED [ 33%]
tests/test_004_edge_cases.py::test_edge_case_text_no_crash[bug_384770169] PASSED [ 33%]
tests/test_004_edge_cases.py::test_edge_case_text_no_crash[bug_399689604] PASSED [ 33%]
tests/test_004_edge_cases.py::test_edge_case_text_no_crash[bug_402562387] PASSED [ 34%]
tests/test_004_edge_cases.py::test_edge_case_text_no_crash[bug_420508260] PASSED [ 34%]
tests/test_004_edge_cases.py::test_edge_case_text_no_crash[bug_42270471] PASSED [ 34%]
tests/test_004_edge_cases.py::test_edge_case_text_no_crash[bug_42271133] PASSED [ 34%]
tests/test_004_edge_cases.py::test_edge_case_text_no_crash[bug_424613308] PASSED [ 34%]
tests/test_004_edge_cases.py::test_edge_case_text_no_crash[bug_425244539] PASSED [ 34%]
tests/test_004_edge_cases.py::test_edge_case_text_no_crash[bug_431824298] PASSED [ 34%]
tests/test_004_edge_cases.py::test_edge_case_text_no_crash[bug_451265] PASSED [ 34%]
tests/test_004_edge_cases.py::test_edge_case_text_no_crash[bug_451830] PASSED [ 34%]
tests/test_004_edge_cases.py::test_edge_case_text_no_crash[bug_452455] PASSED [ 34%]
tests/test_004_edge_cases.py::test_edge_case_text_no_crash[bug_454695] PASSED [ 35%]
tests/test_004_edge_cases.py::test_edge_case_text_no_crash[bug_455199] PASSED [ 35%]
tests/test_004_edge_cases.py::test_edge_case_text_no_crash[bug_459580] PASSED [ 35%]
tests/test_004_edge_cases.py::test_edge_case_text_no_crash[bug_481363] PASSED [ 35%]
tests/test_004_edge_cases.py::test_edge_case_text_no_crash[bug_487928] PASSED [ 35%]
tests/test_004_edge_cases.py::test_edge_case_text_no_crash[bug_507316] PASSED [ 35%]
tests/test_004_edge_cases.py::test_edge_case_text_no_crash[bug_544880] PASSED [ 35%]
tests/test_004_edge_cases.py::test_edge_case_text_no_crash[bug_547706] PASSED [ 35%]
tests/test_004_edge_cases.py::test_edge_case_text_no_crash[bug_551248] PASSED [ 35%]
tests/test_004_edge_cases.py::test_edge_case_text_no_crash[bug_551460] PASSED [ 35%]
tests/test_004_edge_cases.py::test_edge_case_text_no_crash[bug_552046] PASSED [ 36%]
tests/test_004_edge_cases.py::test_edge_case_text_no_crash[bug_555784] PASSED [ 36%]
tests/test_004_edge_cases.py::test_edge_case_text_no_crash[bug_57] PASSED [ 36%]
tests/test_004_edge_cases.py::test_edge_case_text_no_crash[bug_572871] PASSED [ 36%]
tests/test_004_edge_cases.py::test_edge_case_text_no_crash[bug_583] PASSED [ 36%]
tests/test_004_edge_cases.py::test_edge_case_text_no_crash[bug_601362] PASSED [ 36%]
tests/test_004_edge_cases.py::test_edge_case_text_no_crash[bug_602650] PASSED [ 36%]
tests/test_004_edge_cases.py::test_edge_case_text_no_crash[bug_620428] PASSED [ 36%]
tests/test_004_edge_cases.py::test_edge_case_text_no_crash[bug_631912] PASSED [ 36%]
tests/test_004_edge_cases.py::test_edge_case_text_no_crash[bug_634394] PASSED [ 37%]
tests/test_004_edge_cases.py::test_edge_case_text_no_crash[bug_634716] PASSED [ 37%]
tests/test_004_edge_cases.py::test_edge_case_text_no_crash[bug_642] PASSED [ 37%]
tests/test_004_edge_cases.py::test_edge_case_text_no_crash[bug_644] PASSED [ 37%]
tests/test_004_edge_cases.py::test_edge_case_text_no_crash[bug_650] PASSED [ 37%]
tests/test_004_edge_cases.py::test_edge_case_text_no_crash[bug_664284] PASSED [ 37%]
tests/test_004_edge_cases.py::test_edge_case_text_no_crash[bug_674771] PASSED [ 37%]
tests/test_004_edge_cases.py::test_edge_case_text_no_crash[bug_679649] PASSED [ 37%]
tests/test_004_edge_cases.py::test_edge_case_text_no_crash[bug_680376] PASSED [ 37%]
tests/test_004_edge_cases.py::test_edge_case_text_no_crash[bug_707673] PASSED [ 37%]
tests/test_004_edge_cases.py::test_edge_case_text_no_crash[bug_709793] PASSED [ 38%]
tests/test_004_edge_cases.py::test_edge_case_text_no_crash[bug_713197] PASSED [ 38%]
tests/test_004_edge_cases.py::test_edge_case_text_no_crash[bug_717] PASSED [ 38%]
tests/test_004_edge_cases.py::test_edge_case_text_no_crash[bug_750568] PASSED [ 38%]
tests/test_004_edge_cases.py::test_edge_case_text_no_crash[bug_757705] PASSED [ 38%]
tests/test_004_edge_cases.py::test_edge_case_text_no_crash[bug_765384] PASSED [ 38%]
tests/test_004_edge_cases.py::test_edge_case_text_no_crash[bug_773229] PASSED [ 38%]
tests/test_004_edge_cases.py::test_edge_case_text_no_crash[bug_779] PASSED [ 38%]
tests/test_004_edge_cases.py::test_edge_case_text_no_crash[bug_781804] PASSED [ 38%]
tests/test_004_edge_cases.py::test_edge_case_text_no_crash[bug_782596] PASSED [ 39%]
tests/test_004_edge_cases.py::test_edge_case_text_no_crash[bug_821454] PASSED [ 39%]
tests/test_004_edge_cases.py::test_edge_case_text_no_crash[bug_828049] PASSED [ 39%]
tests/test_004_edge_cases.py::test_edge_case_text_no_crash[bug_861842] PASSED [ 39%]
tests/test_004_edge_cases.py::test_edge_case_text_no_crash[bug_889099] PASSED [ 39%]
tests/test_004_edge_cases.py::test_edge_case_text_no_crash[bug_890322] PASSED [ 39%]
tests/test_004_edge_cases.py::test_edge_case_text_no_crash[bug_896366] PASSED [ 39%]
tests/test_004_edge_cases.py::test_edge_case_text_no_crash[bug_900552] PASSED [ 39%]
tests/test_004_edge_cases.py::test_edge_case_text_no_crash[bug_901654] PASSED [ 39%]
tests/test_004_edge_cases.py::test_edge_case_text_no_crash[bug_901654_2] PASSED [ 39%]
tests/test_004_edge_cases.py::test_edge_case_text_no_crash[bug_905142] PASSED [ 40%]
tests/test_004_edge_cases.py::test_edge_case_text_no_crash[bug_921] PASSED [ 40%]
tests/test_004_edge_cases.py::test_edge_case_text_no_crash[bug_925981] PASSED [ 40%]
tests/test_004_edge_cases.py::test_edge_case_text_no_crash[bug_972518] PASSED [ 40%]
tests/test_004_edge_cases.py::test_edge_case_text_no_crash[bug_xrefv4_loop] PASSED [ 40%]
tests/test_004_edge_cases.py::test_edge_case_text_no_crash[calculate] PASSED [ 40%]
tests/test_004_edge_cases.py::test_edge_case_text_no_crash[circular_viewer_ref] PASSED [ 40%]
tests/test_004_edge_cases.py::test_edge_case_text_no_crash[click_form] PASSED [ 40%]
tests/test_004_edge_cases.py::test_edge_case_text_no_crash[clip_path] PASSED [ 40%]
tests/test_004_edge_cases.py::test_edge_case_text_no_crash[combobox_form] PASSED [ 40%]
tests/test_004_edge_cases.py::test_edge_case_text_no_crash[control_characters] PASSED [ 41%]
tests/test_004_edge_cases.py::test_edge_case_text_no_crash[cropped_no_overlap] PASSED [ 41%]
tests/test_004_edge_cases.py::test_edge_case_text_no_crash[cropped_text] PASSED [ 41%]
tests/test_004_edge_cases.py::test_edge_case_text_no_crash[dashed_lines] PASSED [ 41%]
tests/test_004_edge_cases.py::test_edge_case_text_no_crash[docmdp] PASSED [ 41%]
tests/test_004_edge_cases.py::test_edge_case_text_no_crash[document_aactions] PASSED [ 41%]
tests/test_004_edge_cases.py::test_edge_case_text_no_crash[embedded_attachments] PASSED [ 41%]
tests/test_004_edge_cases.py::test_edge_case_text_no_crash[embedded_attachments_invalid_data] PASSED [ 41%]
tests/test_004_edge_cases.py::test_edge_case_text_no_crash[embedded_attachments_invalid_types] PASSED [ 41%]
tests/test_004_edge_cases.py::test_edge_case_text_no_crash[embedded_images] PASSED [ 42%]
tests/test_004_edge_cases.py::test_edge_case_text_no_crash[empty_xref] PASSED [ 42%]
tests/test_004_edge_cases.py::test_edge_case_text_no_crash[encrypted] PASSED [ 42%]
tests/test_004_edge_cases.py::test_edge_case_text_no_crash[encrypted_hello_world_r2] PASSED [ 42%]
tests/test_004_edge_cases.py::test_edge_case_text_no_crash[encrypted_hello_world_r2_bad_okey] PASSED [ 42%]
tests/test_004_edge_cases.py::test_edge_case_text_no_crash[encrypted_hello_world_r3] PASSED [ 42%]
tests/test_004_edge_cases.py::test_edge_case_text_no_crash[encrypted_hello_world_r3_bad_okey] PASSED [ 42%]
tests/test_004_edge_cases.py::test_edge_case_text_no_crash[encrypted_hello_world_r5] PASSED [ 42%]
tests/test_004_edge_cases.py::test_edge_case_text_no_crash[encrypted_hello_world_r6] PASSED [ 42%]
tests/test_004_edge_cases.py::test_edge_case_text_no_crash[feature_linearized_loading] PASSED [ 42%]
tests/test_004_edge_cases.py::test_edge_case_text_no_crash[find_text_consecutive] PASSED [ 43%]
tests/test_004_edge_cases.py::test_edge_case_text_no_crash[font_matrix] PASSED [ 43%]
tests/test_004_edge_cases.py::test_edge_case_text_no_crash[font_weight] PASSED [ 43%]
tests/test_004_edge_cases.py::test_edge_case_text_no_crash[form_object] PASSED [ 43%]
tests/test_004_edge_cases.py::test_edge_case_text_no_crash[form_object_with_image] PASSED [ 43%]
tests/test_004_edge_cases.py::test_edge_case_text_no_crash[form_object_with_path] PASSED [ 43%]
tests/test_004_edge_cases.py::test_edge_case_text_no_crash[form_object_with_text] PASSED [ 43%]
tests/test_004_edge_cases.py::test_edge_case_text_no_crash[freetext_annotation_without_da] PASSED [ 43%]
tests/test_004_edge_cases.py::test_edge_case_text_no_crash[get_page_aaction] PASSED [ 43%]
tests/test_004_edge_cases.py::test_edge_case_text_no_crash[goto_action] PASSED [ 43%]
tests/test_004_edge_cases.py::test_edge_case_text_no_crash[gotoe_action] PASSED [ 44%]
tests/test_004_edge_cases.py::test_edge_case_text_no_crash[hebrew_mirrored] PASSED [ 44%]
tests/test_004_edge_cases.py::test_edge_case_text_no_crash[hello_world] PASSED [ 44%]
tests/test_004_edge_cases.py::test_edge_case_text_no_crash[hello_world_2_pages] PASSED [ 44%]
tests/test_004_edge_cases.py::test_edge_case_text_no_crash[hello_world_2_pages_custom_object] PASSED [ 44%]
tests/test_004_edge_cases.py::test_edge_case_text_no_crash[hello_world_2_pages_shared_resources_dict] PASSED [ 44%]
tests/test_004_edge_cases.py::test_edge_case_text_no_crash[hello_world_2_pages_split_streams] PASSED [ 44%]
tests/test_004_edge_cases.py::test_edge_case_text_no_crash[hello_world_compressed_stream] PASSED [ 44%]
tests/test_004_edge_cases.py::test_edge_case_text_no_crash[hello_world_split_streams] PASSED [ 44%]
tests/test_004_edge_cases.py::test_edge_case_text_no_crash[ink_annot] PASSED [ 45%]
tests/test_004_edge_cases.py::test_edge_case_text_no_crash[jpx_lzw] PASSED [ 45%]
tests/test_004_edge_cases.py::test_edge_case_text_no_crash[js] PASSED    [ 45%]
tests/test_004_edge_cases.py::test_edge_case_text_no_crash[latin_extended] PASSED [ 45%]
tests/test_004_edge_cases.py::test_edge_case_text_no_crash[launch_action] PASSED [ 45%]
tests/test_004_edge_cases.py::test_edge_case_text_no_crash[line_annot] PASSED [ 45%]
tests/test_004_edge_cases.py::test_edge_case_text_no_crash[linearized] PASSED [ 45%]
tests/test_004_edge_cases.py::test_edge_case_text_no_crash[linearized_bug_1055] PASSED [ 45%]
tests/test_004_edge_cases.py::test_edge_case_text_no_crash[links_highlights_annots] PASSED [ 45%]
tests/test_004_edge_cases.py::test_edge_case_text_no_crash[listbox_form] PASSED [ 45%]
tests/test_004_edge_cases.py::test_edge_case_text_no_crash[many_rectangles] PASSED [ 46%]
tests/test_004_edge_cases.py::test_edge_case_text_no_crash[marked_content_id] PASSED [ 46%]
tests/test_004_edge_cases.py::test_edge_case_text_no_crash[matte] PASSED [ 46%]
tests/test_004_edge_cases.py::test_edge_case_text_no_crash[multiple_form_types] PASSED [ 46%]
tests/test_004_edge_cases.py::test_edge_case_text_no_crash[multiple_graphics_states] PASSED [ 46%]
tests/test_004_edge_cases.py::test_edge_case_text_no_crash[named_dests] PASSED [ 46%]
tests/test_004_edge_cases.py::test_edge_case_text_no_crash[named_dests_old_style] PASSED [ 46%]
tests/test_004_edge_cases.py::test_edge_case_text_no_crash[no_page_count] PASSED [ 46%]
tests/test_004_edge_cases.py::test_edge_case_text_no_crash[non_hex_file_id] PASSED [ 46%]
tests/test_004_edge_cases.py::test_edge_case_text_no_crash[nonesuch_action] PASSED [ 46%]
tests/test_004_edge_cases.py::test_edge_case_text_no_crash[page_labels] PASSED [ 47%]
tests/test_004_edge_cases.py::test_edge_case_text_no_crash[page_tree_empty_node] PASSED [ 47%]
tests/test_004_edge_cases.py::test_edge_case_text_no_crash[parser_rebuildxref_correct] PASSED [ 47%]
tests/test_004_edge_cases.py::test_edge_case_text_no_crash[parser_rebuildxref_error_notrailer] PASSED [ 47%]
tests/test_004_edge_cases.py::test_edge_case_text_no_crash[polygon_annot] PASSED [ 47%]
tests/test_004_edge_cases.py::test_edge_case_text_no_crash[rectangles] PASSED [ 47%]
tests/test_004_edge_cases.py::test_edge_case_text_no_crash[rectangles_double_flipped] PASSED [ 47%]
tests/test_004_edge_cases.py::test_edge_case_text_no_crash[rectangles_multi_page_xfa] PASSED [ 47%]
tests/test_004_edge_cases.py::test_edge_case_text_no_crash[rectangles_multi_pages] PASSED [ 47%]
tests/test_004_edge_cases.py::test_edge_case_text_no_crash[rectangles_object_zero] PASSED [ 48%]
tests/test_004_edge_cases.py::test_edge_case_text_no_crash[rectangles_with_leaky_ctm] PASSED [ 48%]
tests/test_004_edge_cases.py::test_edge_case_text_no_crash[redact_annot] PASSED [ 48%]
tests/test_004_edge_cases.py::test_edge_case_text_no_crash[redirect] PASSED [ 48%]
tests/test_004_edge_cases.py::test_edge_case_text_no_crash[repeat_viewer_ref] PASSED [ 48%]
tests/test_004_edge_cases.py::test_edge_case_text_no_crash[rotated_image] PASSED [ 48%]
tests/test_004_edge_cases.py::test_edge_case_text_no_crash[rotated_text] PASSED [ 48%]
tests/test_004_edge_cases.py::test_edge_case_text_no_crash[rotated_text_90] PASSED [ 48%]
tests/test_004_edge_cases.py::test_edge_case_text_no_crash[signature_no_sub_filter] PASSED [ 48%]
tests/test_004_edge_cases.py::test_edge_case_text_no_crash[signature_reason] PASSED [ 48%]
tests/test_004_edge_cases.py::test_edge_case_text_no_crash[simple_thumbnail] PASSED [ 49%]
tests/test_004_edge_cases.py::test_edge_case_text_no_crash[simple_xfa] PASSED [ 49%]
tests/test_004_edge_cases.py::test_edge_case_text_no_crash[split_streams] PASSED [ 49%]
tests/test_004_edge_cases.py::test_edge_case_text_no_crash[tagged_actual_text] PASSED [ 49%]
tests/test_004_edge_cases.py::test_edge_case_text_no_crash[tagged_alt_text] PASSED [ 49%]
tests/test_004_edge_cases.py::test_edge_case_text_no_crash[tagged_marked_content] PASSED [ 49%]
tests/test_004_edge_cases.py::test_edge_case_text_no_crash[tagged_mcr_multipage] PASSED [ 49%]
tests/test_004_edge_cases.py::test_edge_case_text_no_crash[tagged_mcr_objr] PASSED [ 49%]
tests/test_004_edge_cases.py::test_edge_case_text_no_crash[tagged_nested] PASSED [ 49%]
tests/test_004_edge_cases.py::test_edge_case_text_no_crash[tagged_table] PASSED [ 50%]
tests/test_004_edge_cases.py::test_edge_case_text_no_crash[tagged_table_bad_elem] PASSED [ 50%]
tests/test_004_edge_cases.py::test_edge_case_text_no_crash[tagged_table_bad_parent] PASSED [ 50%]
tests/test_004_edge_cases.py::test_edge_case_text_no_crash[text_color] PASSED [ 50%]
tests/test_004_edge_cases.py::test_edge_case_text_no_crash[text_font] PASSED [ 50%]
tests/test_004_edge_cases.py::test_edge_case_text_no_crash[text_form] PASSED [ 50%]
tests/test_004_edge_cases.py::test_edge_case_text_no_crash[text_form_color] PASSED [ 50%]
tests/test_004_edge_cases.py::test_edge_case_text_no_crash[text_form_multiline] PASSED [ 50%]
tests/test_004_edge_cases.py::test_edge_case_text_no_crash[text_form_multiple] PASSED [ 50%]
tests/test_004_edge_cases.py::test_edge_case_text_no_crash[text_form_negative_fontsize] PASSED [ 50%]
tests/test_004_edge_cases.py::test_edge_case_text_no_crash[text_in_page_marked] PASSED [ 51%]
tests/test_004_edge_cases.py::test_edge_case_text_no_crash[text_in_page_marked_indirect] PASSED [ 51%]
tests/test_004_edge_cases.py::test_edge_case_text_no_crash[text_render_mode] PASSED [ 51%]
tests/test_004_edge_cases.py::test_edge_case_text_no_crash[thumbnail_with_empty_stream] PASSED [ 51%]
tests/test_004_edge_cases.py::test_edge_case_text_no_crash[thumbnail_with_no_filters] PASSED [ 51%]
tests/test_004_edge_cases.py::test_edge_case_text_no_crash[trailer_as_hexstring] PASSED [ 51%]
tests/test_004_edge_cases.py::test_edge_case_text_no_crash[trailer_end_trailing_space] PASSED [ 51%]
tests/test_004_edge_cases.py::test_edge_case_text_no_crash[trailer_unterminated] PASSED [ 51%]
tests/test_004_edge_cases.py::test_edge_case_text_no_crash[two_signatures] PASSED [ 51%]
tests/test_004_edge_cases.py::test_edge_case_text_no_crash[unsupported_feature] PASSED [ 51%]
tests/test_004_edge_cases.py::test_edge_case_text_no_crash[uri_action] PASSED [ 52%]
tests/test_004_edge_cases.py::test_edge_case_text_no_crash[uri_action_nonascii] PASSED [ 52%]
tests/test_004_edge_cases.py::test_edge_case_text_no_crash[use_outlines] PASSED [ 52%]
tests/test_004_edge_cases.py::test_edge_case_text_no_crash[utf-8] PASSED [ 52%]
tests/test_004_edge_cases.py::test_edge_case_text_no_crash[version_in_catalog] PASSED [ 52%]
tests/test_004_edge_cases.py::test_edge_case_text_no_crash[vertical_text] PASSED [ 52%]
tests/test_004_edge_cases.py::test_edge_case_text_no_crash[viewer_pref_types] PASSED [ 52%]
tests/test_004_edge_cases.py::test_edge_case_text_no_crash[viewer_ref] PASSED [ 52%]
tests/test_004_edge_cases.py::test_edge_case_text_no_crash[weblinks] PASSED [ 52%]
tests/test_004_edge_cases.py::test_edge_case_text_no_crash[weblinks_across_lines] PASSED [ 53%]
tests/test_004_edge_cases.py::test_edge_case_text_no_crash[zero_length_stream] PASSED [ 53%]
tests/test_004_edge_cases.py::test_edge_case_image_no_crash[344775293] PASSED [ 53%]
tests/test_004_edge_cases.py::test_edge_case_image_no_crash[363015187] PASSED [ 53%]
tests/test_004_edge_cases.py::test_edge_case_image_no_crash[about_blank] PASSED [ 53%]
tests/test_004_edge_cases.py::test_edge_case_image_no_crash[annot_javascript] PASSED [ 53%]
tests/test_004_edge_cases.py::test_edge_case_image_no_crash[annotation_fileattachment] PASSED [ 53%]
tests/test_004_edge_cases.py::test_edge_case_image_no_crash[annotation_highlight_long_content] PASSED [ 53%]
tests/test_004_edge_cases.py::test_edge_case_image_no_crash[annotation_highlight_rollover_ap] PASSED [ 53%]
tests/test_004_edge_cases.py::test_edge_case_image_no_crash[annotation_highlight_square_with_ap] PASSED [ 53%]
tests/test_004_edge_cases.py::test_edge_case_image_no_crash[annotation_ink_multiple] PASSED [ 54%]
tests/test_004_edge_cases.py::test_edge_case_image_no_crash[annotation_markup_multiline_no_ap] PASSED [ 54%]
tests/test_004_edge_cases.py::test_edge_case_image_no_crash[annotation_stamp_with_ap] PASSED [ 54%]
tests/test_004_edge_cases.py::test_edge_case_image_no_crash[annotiter] PASSED [ 54%]
tests/test_004_edge_cases.py::test_edge_case_image_no_crash[annots] PASSED [ 54%]
tests/test_004_edge_cases.py::test_edge_case_image_no_crash[annots_action_handling] PASSED [ 54%]
tests/test_004_edge_cases.py::test_edge_case_image_no_crash[bad_annots_entry] PASSED [ 54%]
tests/test_004_edge_cases.py::test_edge_case_image_no_crash[bad_dict_keys] PASSED [ 54%]
tests/test_004_edge_cases.py::test_edge_case_image_no_crash[bad_page_type] PASSED [ 54%]
tests/test_004_edge_cases.py::test_edge_case_image_no_crash[bigtable_mini] PASSED [ 54%]
tests/test_004_edge_cases.py::test_edge_case_image_no_crash[black] PASSED [ 55%]
tests/test_004_edge_cases.py::test_edge_case_image_no_crash[bookmarks] PASSED [ 55%]
tests/test_004_edge_cases.py::test_edge_case_image_no_crash[bookmarks_circular] PASSED [ 55%]
tests/test_004_edge_cases.py::test_edge_case_image_no_crash[bug_1029] PASSED [ 55%]
tests/test_004_edge_cases.py::test_edge_case_image_no_crash[bug_1055869] PASSED [ 55%]
tests/test_004_edge_cases.py::test_edge_case_image_no_crash[bug_1058653] PASSED [ 55%]
tests/test_004_edge_cases.py::test_edge_case_image_no_crash[bug_1124998] PASSED [ 55%]
tests/test_004_edge_cases.py::test_edge_case_image_no_crash[bug_113] PASSED [ 55%]
tests/test_004_edge_cases.py::test_edge_case_image_no_crash[bug_1139] PASSED [ 55%]
tests/test_004_edge_cases.py::test_edge_case_image_no_crash[bug_1206] PASSED [ 56%]
tests/test_004_edge_cases.py::test_edge_case_image_no_crash[bug_1229106] PASSED [ 56%]
tests/test_004_edge_cases.py::test_edge_case_image_no_crash[bug_1265] PASSED [ 56%]
tests/test_004_edge_cases.py::test_edge_case_image_no_crash[bug_1296920] PASSED [ 56%]
tests/test_004_edge_cases.py::test_edge_case_image_no_crash[bug_1301] PASSED [ 56%]
tests/test_004_edge_cases.py::test_edge_case_image_no_crash[bug_1302355] PASSED [ 56%]
tests/test_004_edge_cases.py::test_edge_case_image_no_crash[bug_1302455] PASSED [ 56%]
tests/test_004_edge_cases.py::test_edge_case_image_no_crash[bug_1324189] PASSED [ 56%]
tests/test_004_edge_cases.py::test_edge_case_image_no_crash[bug_1324503] PASSED [ 56%]
tests/test_004_edge_cases.py::test_edge_case_image_no_crash[bug_1327884] PASSED [ 56%]
tests/test_004_edge_cases.py::test_edge_case_image_no_crash[bug_1328389] PASSED [ 57%]
tests/test_004_edge_cases.py::test_edge_case_image_no_crash[bug_1333298] PASSED [ 57%]
tests/test_004_edge_cases.py::test_edge_case_image_no_crash[bug_1388_2] PASSED [ 57%]
tests/test_004_edge_cases.py::test_edge_case_image_no_crash[bug_1396264] PASSED [ 57%]
tests/test_004_edge_cases.py::test_edge_case_image_no_crash[bug_1399] PASSED [ 57%]
tests/test_004_edge_cases.py::test_edge_case_image_no_crash[bug_1477093] PASSED [ 57%]
tests/test_004_edge_cases.py::test_edge_case_image_no_crash[bug_1506] PASSED [ 57%]
tests/test_004_edge_cases.py::test_edge_case_image_no_crash[bug_1549] PASSED [ 57%]
tests/test_004_edge_cases.py::test_edge_case_image_no_crash[bug_1558] PASSED [ 57%]
tests/test_004_edge_cases.py::test_edge_case_image_no_crash[bug_1574] PASSED [ 57%]
tests/test_004_edge_cases.py::test_edge_case_image_no_crash[bug_1591] PASSED [ 58%]
tests/test_004_edge_cases.py::test_edge_case_image_no_crash[bug_1646] PASSED [ 58%]
tests/test_004_edge_cases.py::test_edge_case_image_no_crash[bug_1658] PASSED [ 58%]
tests/test_004_edge_cases.py::test_edge_case_image_no_crash[bug_1768] PASSED [ 58%]
tests/test_004_edge_cases.py::test_edge_case_image_no_crash[bug_1769] PASSED [ 58%]
tests/test_004_edge_cases.py::test_edge_case_image_no_crash[bug_182] PASSED [ 58%]
tests/test_004_edge_cases.py::test_edge_case_image_no_crash[bug_1893] PASSED [ 58%]
tests/test_004_edge_cases.py::test_edge_case_image_no_crash[bug_1919] PASSED [ 58%]
tests/test_004_edge_cases.py::test_edge_case_image_no_crash[bug_2034] PASSED [ 58%]
tests/test_004_edge_cases.py::test_edge_case_image_no_crash[bug_213] PASSED [ 59%]
tests/test_004_edge_cases.py::test_edge_case_image_no_crash[bug_2132] PASSED [ 59%]
tests/test_004_edge_cases.py::test_edge_case_image_no_crash[bug_216] PASSED [ 59%]
tests/test_004_edge_cases.py::test_edge_case_image_no_crash[bug_298] PASSED [ 59%]
tests/test_004_edge_cases.py::test_edge_case_image_no_crash[bug_306123] PASSED [ 59%]
tests/test_004_edge_cases.py::test_edge_case_image_no_crash[bug_325_a] PASSED [ 59%]
tests/test_004_edge_cases.py::test_edge_case_image_no_crash[bug_325_b] PASSED [ 59%]
tests/test_004_edge_cases.py::test_edge_case_image_no_crash[bug_343] PASSED [ 59%]
tests/test_004_edge_cases.py::test_edge_case_image_no_crash[bug_343075986] PASSED [ 59%]
tests/test_004_edge_cases.py::test_edge_case_image_no_crash[bug_344] PASSED [ 59%]
tests/test_004_edge_cases.py::test_edge_case_image_no_crash[bug_355] PASSED [ 60%]
tests/test_004_edge_cases.py::test_edge_case_image_no_crash[bug_360] PASSED [ 60%]
tests/test_004_edge_cases.py::test_edge_case_image_no_crash[bug_378120423] PASSED [ 60%]
tests/test_004_edge_cases.py::test_edge_case_image_no_crash[bug_384770169] PASSED [ 60%]
tests/test_004_edge_cases.py::test_edge_case_image_no_crash[bug_399689604] PASSED [ 60%]
tests/test_004_edge_cases.py::test_edge_case_image_no_crash[bug_402562387] PASSED [ 60%]
tests/test_004_edge_cases.py::test_edge_case_image_no_crash[bug_420508260] PASSED [ 60%]
tests/test_004_edge_cases.py::test_edge_case_image_no_crash[bug_42270471] PASSED [ 60%]
tests/test_004_edge_cases.py::test_edge_case_image_no_crash[bug_42271133] PASSED [ 60%]
tests/test_004_edge_cases.py::test_edge_case_image_no_crash[bug_424613308] PASSED [ 60%]
tests/test_004_edge_cases.py::test_edge_case_image_no_crash[bug_425244539] PASSED [ 61%]
tests/test_004_edge_cases.py::test_edge_case_image_no_crash[bug_431824298] PASSED [ 61%]
tests/test_004_edge_cases.py::test_edge_case_image_no_crash[bug_451265] FAILED [ 61%]
tests/test_004_edge_cases.py::test_edge_case_image_no_crash[bug_451830] PASSED [ 61%]
tests/test_004_edge_cases.py::test_edge_case_image_no_crash[bug_452455] PASSED [ 61%]
tests/test_004_edge_cases.py::test_edge_case_image_no_crash[bug_454695] PASSED [ 61%]
tests/test_004_edge_cases.py::test_edge_case_image_no_crash[bug_455199] PASSED [ 61%]
tests/test_004_edge_cases.py::test_edge_case_image_no_crash[bug_459580] PASSED [ 61%]
tests/test_004_edge_cases.py::test_edge_case_image_no_crash[bug_481363] PASSED [ 61%]
tests/test_004_edge_cases.py::test_edge_case_image_no_crash[bug_487928] PASSED [ 62%]
tests/test_004_edge_cases.py::test_edge_case_image_no_crash[bug_507316] PASSED [ 62%]
tests/test_004_edge_cases.py::test_edge_case_image_no_crash[bug_544880] PASSED [ 62%]
tests/test_004_edge_cases.py::test_edge_case_image_no_crash[bug_547706] PASSED [ 62%]
tests/test_004_edge_cases.py::test_edge_case_image_no_crash[bug_551248] PASSED [ 62%]
tests/test_004_edge_cases.py::test_edge_case_image_no_crash[bug_551460] PASSED [ 62%]
tests/test_004_edge_cases.py::test_edge_case_image_no_crash[bug_552046] PASSED [ 62%]
tests/test_004_edge_cases.py::test_edge_case_image_no_crash[bug_555784] PASSED [ 62%]
tests/test_004_edge_cases.py::test_edge_case_image_no_crash[bug_57] PASSED [ 62%]
tests/test_004_edge_cases.py::test_edge_case_image_no_crash[bug_572871] PASSED [ 62%]
tests/test_004_edge_cases.py::test_edge_case_image_no_crash[bug_583] PASSED [ 63%]
tests/test_004_edge_cases.py::test_edge_case_image_no_crash[bug_601362] PASSED [ 63%]
tests/test_004_edge_cases.py::test_edge_case_image_no_crash[bug_602650] PASSED [ 63%]
tests/test_004_edge_cases.py::test_edge_case_image_no_crash[bug_620428] PASSED [ 63%]
tests/test_004_edge_cases.py::test_edge_case_image_no_crash[bug_631912] PASSED [ 63%]
tests/test_004_edge_cases.py::test_edge_case_image_no_crash[bug_634394] PASSED [ 63%]
tests/test_004_edge_cases.py::test_edge_case_image_no_crash[bug_634716] PASSED [ 63%]
tests/test_004_edge_cases.py::test_edge_case_image_no_crash[bug_642] PASSED [ 63%]
tests/test_004_edge_cases.py::test_edge_case_image_no_crash[bug_644] PASSED [ 63%]
tests/test_004_edge_cases.py::test_edge_case_image_no_crash[bug_650] PASSED [ 64%]
tests/test_004_edge_cases.py::test_edge_case_image_no_crash[bug_664284] PASSED [ 64%]
tests/test_004_edge_cases.py::test_edge_case_image_no_crash[bug_674771] PASSED [ 64%]
tests/test_004_edge_cases.py::test_edge_case_image_no_crash[bug_679649] PASSED [ 64%]
tests/test_004_edge_cases.py::test_edge_case_image_no_crash[bug_680376] PASSED [ 64%]
tests/test_004_edge_cases.py::test_edge_case_image_no_crash[bug_707673] PASSED [ 64%]
tests/test_004_edge_cases.py::test_edge_case_image_no_crash[bug_709793] PASSED [ 64%]
tests/test_004_edge_cases.py::test_edge_case_image_no_crash[bug_713197] PASSED [ 64%]
tests/test_004_edge_cases.py::test_edge_case_image_no_crash[bug_717] PASSED [ 64%]
tests/test_004_edge_cases.py::test_edge_case_image_no_crash[bug_750568] PASSED [ 64%]
tests/test_004_edge_cases.py::test_edge_case_image_no_crash[bug_757705] PASSED [ 65%]
tests/test_004_edge_cases.py::test_edge_case_image_no_crash[bug_765384] PASSED [ 65%]
tests/test_004_edge_cases.py::test_edge_case_image_no_crash[bug_773229] PASSED [ 65%]
tests/test_004_edge_cases.py::test_edge_case_image_no_crash[bug_779] PASSED [ 65%]
tests/test_004_edge_cases.py::test_edge_case_image_no_crash[bug_781804] PASSED [ 65%]
tests/test_004_edge_cases.py::test_edge_case_image_no_crash[bug_782596] PASSED [ 65%]
tests/test_004_edge_cases.py::test_edge_case_image_no_crash[bug_821454] PASSED [ 65%]
tests/test_004_edge_cases.py::test_edge_case_image_no_crash[bug_828049] PASSED [ 65%]
tests/test_004_edge_cases.py::test_edge_case_image_no_crash[bug_861842] PASSED [ 65%]
tests/test_004_edge_cases.py::test_edge_case_image_no_crash[bug_889099] PASSED [ 65%]
tests/test_004_edge_cases.py::test_edge_case_image_no_crash[bug_890322] PASSED [ 66%]
tests/test_004_edge_cases.py::test_edge_case_image_no_crash[bug_896366] PASSED [ 66%]
tests/test_004_edge_cases.py::test_edge_case_image_no_crash[bug_900552] PASSED [ 66%]
tests/test_004_edge_cases.py::test_edge_case_image_no_crash[bug_901654] PASSED [ 66%]
tests/test_004_edge_cases.py::test_edge_case_image_no_crash[bug_901654_2] PASSED [ 66%]
tests/test_004_edge_cases.py::test_edge_case_image_no_crash[bug_905142] PASSED [ 66%]
tests/test_004_edge_cases.py::test_edge_case_image_no_crash[bug_921] PASSED [ 66%]
tests/test_004_edge_cases.py::test_edge_case_image_no_crash[bug_925981] PASSED [ 66%]
tests/test_004_edge_cases.py::test_edge_case_image_no_crash[bug_972518] PASSED [ 66%]
tests/test_004_edge_cases.py::test_edge_case_image_no_crash[bug_xrefv4_loop] PASSED [ 67%]
tests/test_004_edge_cases.py::test_edge_case_image_no_crash[calculate] PASSED [ 67%]
tests/test_004_edge_cases.py::test_edge_case_image_no_crash[circular_viewer_ref] PASSED [ 67%]
tests/test_004_edge_cases.py::test_edge_case_image_no_crash[click_form] PASSED [ 67%]
tests/test_004_edge_cases.py::test_edge_case_image_no_crash[clip_path] PASSED [ 67%]
tests/test_004_edge_cases.py::test_edge_case_image_no_crash[combobox_form] PASSED [ 67%]
tests/test_004_edge_cases.py::test_edge_case_image_no_crash[control_characters] PASSED [ 67%]
tests/test_004_edge_cases.py::test_edge_case_image_no_crash[cropped_no_overlap] PASSED [ 67%]
tests/test_004_edge_cases.py::test_edge_case_image_no_crash[cropped_text] PASSED [ 67%]
tests/test_004_edge_cases.py::test_edge_case_image_no_crash[dashed_lines] PASSED [ 67%]
tests/test_004_edge_cases.py::test_edge_case_image_no_crash[docmdp] PASSED [ 68%]
tests/test_004_edge_cases.py::test_edge_case_image_no_crash[document_aactions] PASSED [ 68%]
tests/test_004_edge_cases.py::test_edge_case_image_no_crash[embedded_attachments] PASSED [ 68%]
tests/test_004_edge_cases.py::test_edge_case_image_no_crash[embedded_attachments_invalid_data] PASSED [ 68%]
tests/test_004_edge_cases.py::test_edge_case_image_no_crash[embedded_attachments_invalid_types] PASSED [ 68%]
tests/test_004_edge_cases.py::test_edge_case_image_no_crash[embedded_images] PASSED [ 68%]
tests/test_004_edge_cases.py::test_edge_case_image_no_crash[empty_xref] PASSED [ 68%]
tests/test_004_edge_cases.py::test_edge_case_image_no_crash[encrypted] PASSED [ 68%]
tests/test_004_edge_cases.py::test_edge_case_image_no_crash[encrypted_hello_world_r2] PASSED [ 68%]
tests/test_004_edge_cases.py::test_edge_case_image_no_crash[encrypted_hello_world_r2_bad_okey] PASSED [ 68%]
tests/test_004_edge_cases.py::test_edge_case_image_no_crash[encrypted_hello_world_r3] PASSED [ 69%]
tests/test_004_edge_cases.py::test_edge_case_image_no_crash[encrypted_hello_world_r3_bad_okey] PASSED [ 69%]
tests/test_004_edge_cases.py::test_edge_case_image_no_crash[encrypted_hello_world_r5] PASSED [ 69%]
tests/test_004_edge_cases.py::test_edge_case_image_no_crash[encrypted_hello_world_r6] PASSED [ 69%]
tests/test_004_edge_cases.py::test_edge_case_image_no_crash[feature_linearized_loading] PASSED [ 69%]
tests/test_004_edge_cases.py::test_edge_case_image_no_crash[find_text_consecutive] PASSED [ 69%]
tests/test_004_edge_cases.py::test_edge_case_image_no_crash[font_matrix] PASSED [ 69%]
tests/test_004_edge_cases.py::test_edge_case_image_no_crash[font_weight] PASSED [ 69%]
tests/test_004_edge_cases.py::test_edge_case_image_no_crash[form_object] PASSED [ 69%]
tests/test_004_edge_cases.py::test_edge_case_image_no_crash[form_object_with_image] PASSED [ 70%]
tests/test_004_edge_cases.py::test_edge_case_image_no_crash[form_object_with_path] PASSED [ 70%]
tests/test_004_edge_cases.py::test_edge_case_image_no_crash[form_object_with_text] PASSED [ 70%]
tests/test_004_edge_cases.py::test_edge_case_image_no_crash[freetext_annotation_without_da] PASSED [ 70%]
tests/test_004_edge_cases.py::test_edge_case_image_no_crash[get_page_aaction] PASSED [ 70%]
tests/test_004_edge_cases.py::test_edge_case_image_no_crash[goto_action] PASSED [ 70%]
tests/test_004_edge_cases.py::test_edge_case_image_no_crash[gotoe_action] PASSED [ 70%]
tests/test_004_edge_cases.py::test_edge_case_image_no_crash[hebrew_mirrored] PASSED [ 70%]
tests/test_004_edge_cases.py::test_edge_case_image_no_crash[hello_world] PASSED [ 70%]
tests/test_004_edge_cases.py::test_edge_case_image_no_crash[hello_world_2_pages] PASSED [ 70%]
tests/test_004_edge_cases.py::test_edge_case_image_no_crash[hello_world_2_pages_custom_object] PASSED [ 71%]
tests/test_004_edge_cases.py::test_edge_case_image_no_crash[hello_world_2_pages_shared_resources_dict] PASSED [ 71%]
tests/test_004_edge_cases.py::test_edge_case_image_no_crash[hello_world_2_pages_split_streams] PASSED [ 71%]
tests/test_004_edge_cases.py::test_edge_case_image_no_crash[hello_world_compressed_stream] PASSED [ 71%]
tests/test_004_edge_cases.py::test_edge_case_image_no_crash[hello_world_split_streams] PASSED [ 71%]
tests/test_004_edge_cases.py::test_edge_case_image_no_crash[ink_annot] PASSED [ 71%]
tests/test_004_edge_cases.py::test_edge_case_image_no_crash[jpx_lzw] PASSED [ 71%]
tests/test_004_edge_cases.py::test_edge_case_image_no_crash[js] PASSED   [ 71%]
tests/test_004_edge_cases.py::test_edge_case_image_no_crash[latin_extended] PASSED [ 71%]
tests/test_004_edge_cases.py::test_edge_case_image_no_crash[launch_action] PASSED [ 71%]
tests/test_004_edge_cases.py::test_edge_case_image_no_crash[line_annot] PASSED [ 72%]
tests/test_004_edge_cases.py::test_edge_case_image_no_crash[linearized] PASSED [ 72%]
tests/test_004_edge_cases.py::test_edge_case_image_no_crash[linearized_bug_1055] PASSED [ 72%]
tests/test_004_edge_cases.py::test_edge_case_image_no_crash[links_highlights_annots] PASSED [ 72%]
tests/test_004_edge_cases.py::test_edge_case_image_no_crash[listbox_form] PASSED [ 72%]
tests/test_004_edge_cases.py::test_edge_case_image_no_crash[many_rectangles] PASSED [ 72%]
tests/test_004_edge_cases.py::test_edge_case_image_no_crash[marked_content_id] PASSED [ 72%]
tests/test_004_edge_cases.py::test_edge_case_image_no_crash[matte] PASSED [ 72%]
tests/test_004_edge_cases.py::test_edge_case_image_no_crash[multiple_form_types] PASSED [ 72%]
tests/test_004_edge_cases.py::test_edge_case_image_no_crash[multiple_graphics_states] PASSED [ 73%]
tests/test_004_edge_cases.py::test_edge_case_image_no_crash[named_dests] PASSED [ 73%]
tests/test_004_edge_cases.py::test_edge_case_image_no_crash[named_dests_old_style] PASSED [ 73%]
tests/test_004_edge_cases.py::test_edge_case_image_no_crash[no_page_count] PASSED [ 73%]
tests/test_004_edge_cases.py::test_edge_case_image_no_crash[non_hex_file_id] PASSED [ 73%]
tests/test_004_edge_cases.py::test_edge_case_image_no_crash[nonesuch_action] PASSED [ 73%]
tests/test_004_edge_cases.py::test_edge_case_image_no_crash[page_labels] PASSED [ 73%]
tests/test_004_edge_cases.py::test_edge_case_image_no_crash[page_tree_empty_node] PASSED [ 73%]
tests/test_004_edge_cases.py::test_edge_case_image_no_crash[parser_rebuildxref_correct] PASSED [ 73%]
tests/test_004_edge_cases.py::test_edge_case_image_no_crash[parser_rebuildxref_error_notrailer] PASSED [ 73%]
tests/test_004_edge_cases.py::test_edge_case_image_no_crash[polygon_annot] PASSED [ 74%]
tests/test_004_edge_cases.py::test_edge_case_image_no_crash[rectangles] PASSED [ 74%]
tests/test_004_edge_cases.py::test_edge_case_image_no_crash[rectangles_double_flipped] PASSED [ 74%]
tests/test_004_edge_cases.py::test_edge_case_image_no_crash[rectangles_multi_page_xfa] PASSED [ 74%]
tests/test_004_edge_cases.py::test_edge_case_image_no_crash[rectangles_multi_pages] PASSED [ 74%]
tests/test_004_edge_cases.py::test_edge_case_image_no_crash[rectangles_object_zero] PASSED [ 74%]
tests/test_004_edge_cases.py::test_edge_case_image_no_crash[rectangles_with_leaky_ctm] PASSED [ 74%]
tests/test_004_edge_cases.py::test_edge_case_image_no_crash[redact_annot] PASSED [ 74%]
tests/test_004_edge_cases.py::test_edge_case_image_no_crash[redirect] PASSED [ 74%]
tests/test_004_edge_cases.py::test_edge_case_image_no_crash[repeat_viewer_ref] PASSED [ 75%]
tests/test_004_edge_cases.py::test_edge_case_image_no_crash[rotated_image] PASSED [ 75%]
tests/test_004_edge_cases.py::test_edge_case_image_no_crash[rotated_text] PASSED [ 75%]
tests/test_004_edge_cases.py::test_edge_case_image_no_crash[rotated_text_90] PASSED [ 75%]
tests/test_004_edge_cases.py::test_edge_case_image_no_crash[signature_no_sub_filter] PASSED [ 75%]
tests/test_004_edge_cases.py::test_edge_case_image_no_crash[signature_reason] PASSED [ 75%]
tests/test_004_edge_cases.py::test_edge_case_image_no_crash[simple_thumbnail] PASSED [ 75%]
tests/test_004_edge_cases.py::test_edge_case_image_no_crash[simple_xfa] PASSED [ 75%]
tests/test_004_edge_cases.py::test_edge_case_image_no_crash[split_streams] PASSED [ 75%]
tests/test_004_edge_cases.py::test_edge_case_image_no_crash[tagged_actual_text] PASSED [ 75%]
tests/test_004_edge_cases.py::test_edge_case_image_no_crash[tagged_alt_text] PASSED [ 76%]
tests/test_004_edge_cases.py::test_edge_case_image_no_crash[tagged_marked_content] PASSED [ 76%]
tests/test_004_edge_cases.py::test_edge_case_image_no_crash[tagged_mcr_multipage] PASSED [ 76%]
tests/test_004_edge_cases.py::test_edge_case_image_no_crash[tagged_mcr_objr] PASSED [ 76%]
tests/test_004_edge_cases.py::test_edge_case_image_no_crash[tagged_nested] PASSED [ 76%]
tests/test_004_edge_cases.py::test_edge_case_image_no_crash[tagged_table] PASSED [ 76%]
tests/test_004_edge_cases.py::test_edge_case_image_no_crash[tagged_table_bad_elem] PASSED [ 76%]
tests/test_004_edge_cases.py::test_edge_case_image_no_crash[tagged_table_bad_parent] PASSED [ 76%]
tests/test_004_edge_cases.py::test_edge_case_image_no_crash[text_color] PASSED [ 76%]
tests/test_004_edge_cases.py::test_edge_case_image_no_crash[text_font] PASSED [ 76%]
tests/test_004_edge_cases.py::test_edge_case_image_no_crash[text_form] PASSED [ 77%]
tests/test_004_edge_cases.py::test_edge_case_image_no_crash[text_form_color] PASSED [ 77%]
tests/test_004_edge_cases.py::test_edge_case_image_no_crash[text_form_multiline] PASSED [ 77%]
tests/test_004_edge_cases.py::test_edge_case_image_no_crash[text_form_multiple] PASSED [ 77%]
tests/test_004_edge_cases.py::test_edge_case_image_no_crash[text_form_negative_fontsize] PASSED [ 77%]
tests/test_004_edge_cases.py::test_edge_case_image_no_crash[text_in_page_marked] PASSED [ 77%]
tests/test_004_edge_cases.py::test_edge_case_image_no_crash[text_in_page_marked_indirect] PASSED [ 77%]
tests/test_004_edge_cases.py::test_edge_case_image_no_crash[text_render_mode] PASSED [ 77%]
tests/test_004_edge_cases.py::test_edge_case_image_no_crash[thumbnail_with_empty_stream] PASSED [ 77%]
tests/test_004_edge_cases.py::test_edge_case_image_no_crash[thumbnail_with_no_filters] PASSED [ 78%]
tests/test_004_edge_cases.py::test_edge_case_image_no_crash[trailer_as_hexstring] PASSED [ 78%]
tests/test_004_edge_cases.py::test_edge_case_image_no_crash[trailer_end_trailing_space] PASSED [ 78%]
tests/test_004_edge_cases.py::test_edge_case_image_no_crash[trailer_unterminated] PASSED [ 78%]
tests/test_004_edge_cases.py::test_edge_case_image_no_crash[two_signatures] PASSED [ 78%]
tests/test_004_edge_cases.py::test_edge_case_image_no_crash[unsupported_feature] PASSED [ 78%]
tests/test_004_edge_cases.py::test_edge_case_image_no_crash[uri_action] PASSED [ 78%]
tests/test_004_edge_cases.py::test_edge_case_image_no_crash[uri_action_nonascii] PASSED [ 78%]
tests/test_004_edge_cases.py::test_edge_case_image_no_crash[use_outlines] PASSED [ 78%]
tests/test_004_edge_cases.py::test_edge_case_image_no_crash[utf-8] PASSED [ 78%]
tests/test_004_edge_cases.py::test_edge_case_image_no_crash[version_in_catalog] PASSED [ 79%]
tests/test_004_edge_cases.py::test_edge_case_image_no_crash[vertical_text] PASSED [ 79%]
tests/test_004_edge_cases.py::test_edge_case_image_no_crash[viewer_pref_types] PASSED [ 79%]
tests/test_004_edge_cases.py::test_edge_case_image_no_crash[viewer_ref] PASSED [ 79%]
tests/test_004_edge_cases.py::test_edge_case_image_no_crash[weblinks] PASSED [ 79%]
tests/test_004_edge_cases.py::test_edge_case_image_no_crash[weblinks_across_lines] PASSED [ 79%]
tests/test_004_edge_cases.py::test_edge_case_image_no_crash[zero_length_stream] PASSED [ 79%]
tests/test_005_image_correctness.py::test_image_rendering_correctness[0100pages_7FKQLKX273JBHXAAW5XDRT27JGMIZMCI] SKIPPED [ 79%]
tests/test_005_image_correctness.py::test_image_rendering_correctness[0106pages_IYAFRX3M262EGRMQJHT7MCODUP5ZGYRW] SKIPPED [ 79%]
tests/test_005_image_correctness.py::test_image_rendering_correctness[0109pages_NRCGAGBLTXTXEKXNLQ4L4NFA6ZQPCWE5] SKIPPED [ 79%]
tests/test_005_image_correctness.py::test_image_rendering_correctness[0124pages_HXTX4CFAYHW5LKUFDCEHIITIMEYCJ7MW] SKIPPED [ 80%]
tests/test_005_image_correctness.py::test_image_rendering_correctness[0130pages_ZJJJ6P4UAGH7LKLACPT5P437FB5F3MYF] SKIPPED [ 80%]
tests/test_005_image_correctness.py::test_image_rendering_correctness[0134pages_LYZMN7YTFC6ULBL6TP4WQQRK356GB36T] SKIPPED [ 80%]
tests/test_005_image_correctness.py::test_image_rendering_correctness[0150pages_44LQBJ56XNS2C6VVWKOP2YUNKCODKTEA] SKIPPED [ 80%]
tests/test_005_image_correctness.py::test_image_rendering_correctness[0159pages_5XPIPZJEUIFPFOXGLU26NFQSU4GSJMF3] SKIPPED [ 80%]
tests/test_005_image_correctness.py::test_image_rendering_correctness[0169pages_CLEQSRWNHVWUAHLTNGPYHMYOWEC4JR6S] SKIPPED [ 80%]
tests/test_005_image_correctness.py::test_image_rendering_correctness[0171pages_USTMTDJBOQ327J2XVWE76TPUOKIBJ4S5] SKIPPED [ 80%]
tests/test_005_image_correctness.py::test_image_rendering_correctness[0172pages_DNJIAKOPLDZDQCXT2PDA6V6DGL2MQL2H] SKIPPED [ 80%]
tests/test_005_image_correctness.py::test_image_rendering_correctness[0192pages_C46Z2Q4AMEZJVTRV2XO434YLMVHCB46O] SKIPPED [ 80%]
tests/test_005_image_correctness.py::test_image_rendering_correctness[0192pages_ULFRJCOWYIDOOTY7KWUPC6NU7UTTCLSO] SKIPPED [ 81%]
tests/test_005_image_correctness.py::test_image_rendering_correctness[0193pages_CADINJMTO23ZTKPBNZ6TUOQT4BFPZC2C] SKIPPED [ 81%]
tests/test_005_image_correctness.py::test_image_rendering_correctness[0201pages_RYDFB4ZZNNBE6LLDSY4CFGWQQ7U3KSAA] SKIPPED [ 81%]
tests/test_005_image_correctness.py::test_image_rendering_correctness[0214pages_BZK65P6W74FNMD4O3A24LH3F2XLFH7V2] SKIPPED [ 81%]
tests/test_005_image_correctness.py::test_image_rendering_correctness[0215pages_UAU4SPHOQHADJRFKILFDYETBGB6HXYU2] SKIPPED [ 81%]
tests/test_005_image_correctness.py::test_image_rendering_correctness[0255pages_OKRV2XLZ2UGGRCBKHS3I5DA5TNLNVHWC] SKIPPED [ 81%]
tests/test_005_image_correctness.py::test_image_rendering_correctness[0277pages_YCOBKTA46F7XEOWT4LS3BCPGDOMQSBWF] SKIPPED [ 81%]
tests/test_005_image_correctness.py::test_image_rendering_correctness[0291pages_RGLWPWLY4JE6RPNCCHQ3LQWDFLPBGHXQ] SKIPPED [ 81%]
tests/test_005_image_correctness.py::test_image_rendering_correctness[0309pages_7LD3RVJDZGTXF53CDLCI67YPWZQ5POOA] SKIPPED [ 81%]
tests/test_005_image_correctness.py::test_image_rendering_correctness[0313pages_7DLRSEXVIADBZZUN4IJIACW5T23YBH7H] SKIPPED [ 81%]
tests/test_005_image_correctness.py::test_image_rendering_correctness[0496pages_E3474JUEVRWQ3P2J2I3XBFKMMVZLLKWZ] SKIPPED [ 82%]
tests/test_005_image_correctness.py::test_image_rendering_correctness[0569pages_QXQ2QSHOPBTSXLDGKKM4TYMR4R7QODHB] SKIPPED [ 82%]
tests/test_005_image_correctness.py::test_image_rendering_correctness[0821pages_LUNFJFH4KWZ3ZFNRO43WSMZPLM4OLB7C] SKIPPED [ 82%]
tests/test_005_image_correctness.py::test_image_rendering_correctness[1931pages_7ZNNFJGHOEFFP6I4OARCZGH3GPPDNDXC] SKIPPED [ 82%]
tests/test_005_image_correctness.py::test_image_rendering_correctness[arxiv_001] SKIPPED [ 82%]
tests/test_005_image_correctness.py::test_image_rendering_correctness[arxiv_002] SKIPPED [ 82%]
tests/test_005_image_correctness.py::test_image_rendering_correctness[arxiv_003] SKIPPED [ 82%]
tests/test_005_image_correctness.py::test_image_rendering_correctness[arxiv_004] SKIPPED [ 82%]
tests/test_005_image_correctness.py::test_image_rendering_correctness[arxiv_005] SKIPPED [ 82%]
tests/test_005_image_correctness.py::test_image_rendering_correctness[arxiv_006] SKIPPED [ 82%]
tests/test_005_image_correctness.py::test_image_rendering_correctness[arxiv_007] SKIPPED [ 83%]
tests/test_005_image_correctness.py::test_image_rendering_correctness[arxiv_008] SKIPPED [ 83%]
tests/test_005_image_correctness.py::test_image_rendering_correctness[arxiv_009] SKIPPED [ 83%]
tests/test_005_image_correctness.py::test_image_rendering_correctness[arxiv_010] SKIPPED [ 83%]
tests/test_005_image_correctness.py::test_image_rendering_correctness[arxiv_011] SKIPPED [ 83%]
tests/test_005_image_correctness.py::test_image_rendering_correctness[arxiv_012] SKIPPED [ 83%]
tests/test_005_image_correctness.py::test_image_rendering_correctness[arxiv_014] SKIPPED [ 83%]
tests/test_005_image_correctness.py::test_image_rendering_correctness[arxiv_015] SKIPPED [ 83%]
tests/test_005_image_correctness.py::test_image_rendering_correctness[arxiv_016] SKIPPED [ 83%]
tests/test_005_image_correctness.py::test_image_rendering_correctness[arxiv_017] SKIPPED [ 84%]
tests/test_005_image_correctness.py::test_image_rendering_correctness[arxiv_018] SKIPPED [ 84%]
tests/test_005_image_correctness.py::test_image_rendering_correctness[arxiv_019] SKIPPED [ 84%]
tests/test_005_image_correctness.py::test_image_rendering_correctness[arxiv_020] SKIPPED [ 84%]
tests/test_005_image_correctness.py::test_image_rendering_correctness[arxiv_021] SKIPPED [ 84%]
tests/test_005_image_correctness.py::test_image_rendering_correctness[arxiv_022] SKIPPED [ 84%]
tests/test_005_image_correctness.py::test_image_rendering_correctness[arxiv_023] SKIPPED [ 84%]
tests/test_005_image_correctness.py::test_image_rendering_correctness[arxiv_024] SKIPPED [ 84%]
tests/test_005_image_correctness.py::test_image_rendering_correctness[arxiv_025] SKIPPED [ 84%]
tests/test_005_image_correctness.py::test_image_rendering_correctness[arxiv_026] SKIPPED [ 84%]
tests/test_005_image_correctness.py::test_image_rendering_correctness[arxiv_027] SKIPPED [ 85%]
tests/test_005_image_correctness.py::test_image_rendering_correctness[arxiv_028] SKIPPED [ 85%]
tests/test_005_image_correctness.py::test_image_rendering_correctness[arxiv_029] SKIPPED [ 85%]
tests/test_005_image_correctness.py::test_image_rendering_correctness[arxiv_030] SKIPPED [ 85%]
tests/test_005_image_correctness.py::test_image_rendering_correctness[arxiv_031] SKIPPED [ 85%]
tests/test_005_image_correctness.py::test_image_rendering_correctness[arxiv_032] SKIPPED [ 85%]
tests/test_005_image_correctness.py::test_image_rendering_correctness[arxiv_033] SKIPPED [ 85%]
tests/test_005_image_correctness.py::test_image_rendering_correctness[arxiv_034] SKIPPED [ 85%]
tests/test_005_image_correctness.py::test_image_rendering_correctness[arxiv_035] SKIPPED [ 85%]
tests/test_005_image_correctness.py::test_image_rendering_correctness[arxiv_036] SKIPPED [ 85%]
tests/test_005_image_correctness.py::test_image_rendering_correctness[arxiv_037] SKIPPED [ 86%]
tests/test_005_image_correctness.py::test_image_rendering_correctness[arxiv_038] SKIPPED [ 86%]
tests/test_005_image_correctness.py::test_image_rendering_correctness[arxiv_039] SKIPPED [ 86%]
tests/test_005_image_correctness.py::test_image_rendering_correctness[arxiv_040] SKIPPED [ 86%]
tests/test_005_image_correctness.py::test_image_rendering_correctness[cc_001_931p] SKIPPED [ 86%]
tests/test_005_image_correctness.py::test_image_rendering_correctness[cc_002_522p] SKIPPED [ 86%]
tests/test_005_image_correctness.py::test_image_rendering_correctness[cc_003_162p] SKIPPED [ 86%]
tests/test_005_image_correctness.py::test_image_rendering_correctness[cc_004_291p] SKIPPED [ 86%]
tests/test_005_image_correctness.py::test_image_rendering_correctness[cc_005_172p] SKIPPED [ 86%]
tests/test_005_image_correctness.py::test_image_rendering_correctness[cc_006_254p] SKIPPED [ 87%]
tests/test_005_image_correctness.py::test_image_rendering_correctness[cc_007_101p] SKIPPED [ 87%]
tests/test_005_image_correctness.py::test_image_rendering_correctness[cc_008_116p] SKIPPED [ 87%]
tests/test_005_image_correctness.py::test_image_rendering_correctness[cc_009_188p] SKIPPED [ 87%]
tests/test_005_image_correctness.py::test_image_rendering_correctness[cc_010_206p] SKIPPED [ 87%]
tests/test_005_image_correctness.py::test_image_rendering_correctness[cc_011_222p] SKIPPED [ 87%]
tests/test_005_image_correctness.py::test_image_rendering_correctness[cc_012_244p] SKIPPED [ 87%]
tests/test_005_image_correctness.py::test_image_rendering_correctness[cc_013_122p] SKIPPED [ 87%]
tests/test_005_image_correctness.py::test_image_rendering_correctness[cc_014_176p] SKIPPED [ 87%]
tests/test_005_image_correctness.py::test_image_rendering_correctness[cc_015_101p] SKIPPED [ 87%]
tests/test_005_image_correctness.py::test_image_rendering_correctness[cc_016_159p] SKIPPED [ 88%]
tests/test_005_image_correctness.py::test_image_rendering_correctness[cc_017_145p] SKIPPED [ 88%]
tests/test_005_image_correctness.py::test_image_rendering_correctness[cc_018_167p] SKIPPED [ 88%]
tests/test_005_image_correctness.py::test_image_rendering_correctness[cc_019_198p] SKIPPED [ 88%]
tests/test_005_image_correctness.py::test_image_rendering_correctness[cc_020_103p] SKIPPED [ 88%]
tests/test_005_image_correctness.py::test_image_rendering_correctness[edinet_2025-06-23_1701_E04341_Konoike Transport Co] SKIPPED [ 88%]
tests/test_005_image_correctness.py::test_image_rendering_correctness[edinet_2025-06-24_0930_E03557_The Chiba Kogyo Bank] SKIPPED [ 88%]
tests/test_005_image_correctness.py::test_image_rendering_correctness[edinet_2025-06-24_1124_E05556_Saint Marc Holdings ] SKIPPED [ 88%]
tests/test_005_image_correctness.py::test_image_rendering_correctness[edinet_2025-06-24_1136_E01606_Not Registered in En] SKIPPED [ 88%]
tests/test_005_image_correctness.py::test_image_rendering_correctness[edinet_2025-06-24_1316_E33834_Shinwa Co Ltd] SKIPPED [ 89%]
tests/test_005_image_correctness.py::test_image_rendering_correctness[edinet_2025-06-24_1318_E01920_Makita Corporation] SKIPPED [ 89%]
tests/test_005_image_correctness.py::test_image_rendering_correctness[edinet_2025-06-24_1548_E01914_Not Registered in En] SKIPPED [ 89%]
tests/test_005_image_correctness.py::test_image_rendering_correctness[edinet_2025-06-25_1027_E01750_DAIHEN CORPORATION] SKIPPED [ 89%]
tests/test_005_image_correctness.py::test_image_rendering_correctness[edinet_2025-06-25_1357_E01684_SEIKO CORPORATION] SKIPPED [ 89%]
tests/test_005_image_correctness.py::test_image_rendering_correctness[edinet_2025-06-25_1433_E01754_KAWADEN CORPORATION] SKIPPED [ 89%]
tests/test_005_image_correctness.py::test_image_rendering_correctness[edinet_2025-06-25_1507_E01402_SUNCALL CORPORATION] SKIPPED [ 89%]
tests/test_005_image_correctness.py::test_image_rendering_correctness[edinet_2025-06-25_1513_E01172_Not Registered in En] SKIPPED [ 89%]
tests/test_005_image_correctness.py::test_image_rendering_correctness[edinet_2025-06-25_1557_E05670_HIKARI HEIGHTS-VARUS] SKIPPED [ 89%]
tests/test_005_image_correctness.py::test_image_rendering_correctness[edinet_2025-06-25_1608_E02628_KIMURATAN CORPORATIO] SKIPPED [ 89%]
tests/test_005_image_correctness.py::test_image_rendering_correctness[edinet_2025-06-25_1634_E03116_AOKI Holdings Inc] SKIPPED [ 90%]
tests/test_005_image_correctness.py::test_image_rendering_correctness[edinet_2025-06-26_0909_E00982_LTT Bio-Pharma Co Lt] SKIPPED [ 90%]
tests/test_005_image_correctness.py::test_image_rendering_correctness[edinet_2025-06-26_0914_E01057_SOFT99corporation] SKIPPED [ 90%]
tests/test_005_image_correctness.py::test_image_rendering_correctness[edinet_2025-06-26_1029_E02363_Not Registered in En] SKIPPED [ 90%]
tests/test_005_image_correctness.py::test_image_rendering_correctness[edinet_2025-06-26_1345_E01202_Yoshicon CoLtd] SKIPPED [ 90%]
tests/test_005_image_correctness.py::test_image_rendering_correctness[edinet_2025-06-26_1432_E35562_NexTone Inc] SKIPPED [ 90%]
tests/test_005_image_correctness.py::test_image_rendering_correctness[edinet_2025-06-26_1500_E01974_NKK SWITCHESCOLTD] SKIPPED [ 90%]
tests/test_005_image_correctness.py::test_image_rendering_correctness[edinet_2025-06-26_1530_E04503_Hokuriku Electric Po] SKIPPED [ 90%]
tests/test_005_image_correctness.py::test_image_rendering_correctness[edinet_2025-06-26_1544_E05657_HIP CORPORATION] SKIPPED [ 90%]
tests/test_005_image_correctness.py::test_image_rendering_correctness[edinet_2025-06-26_1610_E27506_JSS CORPORATION] SKIPPED [ 90%]
tests/test_005_image_correctness.py::test_image_rendering_correctness[edinet_2025-06-26_1621_E00777_NIPPON CARBIDE INDUS] SKIPPED [ 91%]
tests/test_005_image_correctness.py::test_image_rendering_correctness[edinet_2025-06-26_1713_E00771_OSAKA SODA COLTD] SKIPPED [ 91%]
tests/test_005_image_correctness.py::test_image_rendering_correctness[edinet_2025-06-27_1005_E02554_HANWA COLTD] SKIPPED [ 91%]
tests/test_005_image_correctness.py::test_image_rendering_correctness[edinet_2025-06-27_1051_E01956_KONAMI GROUP CORPORA] SKIPPED [ 91%]
tests/test_005_image_correctness.py::test_image_rendering_correctness[edinet_2025-06-27_1235_E03346_PLATHOME COLTD] SKIPPED [ 91%]
tests/test_005_image_correctness.py::test_image_rendering_correctness[edinet_2025-06-27_1249_E23224_Not Registered in En] SKIPPED [ 91%]
tests/test_005_image_correctness.py::test_image_rendering_correctness[edinet_2025-06-27_1330_E02927_TAKACHIHO KOHEKI COL] SKIPPED [ 91%]
tests/test_005_image_correctness.py::test_image_rendering_correctness[edinet_2025-06-27_1402_E02266_TOKYO KEIKI INC] SKIPPED [ 91%]
tests/test_005_image_correctness.py::test_image_rendering_correctness[edinet_2025-06-27_1637_E01916_The Lead Co Inc] SKIPPED [ 91%]
tests/test_005_image_correctness.py::test_image_rendering_correctness[edinet_2025-06-30_1238_E39104_Not Registered in En] SKIPPED [ 92%]
tests/test_005_image_correctness.py::test_image_rendering_correctness[edinet_2025-06-30_1401_E04502_Chubu Electric Power] SKIPPED [ 92%]
tests/test_005_image_correctness.py::test_image_rendering_correctness[edinet_2025-07-11_1533_E04884_KYOWA ENGINEERING CO] SKIPPED [ 92%]
tests/test_005_image_correctness.py::test_image_rendering_correctness[edinet_2025-07-14_0931_E01524_TSUDAKOMA Corp] SKIPPED [ 92%]
tests/test_005_image_correctness.py::test_image_rendering_correctness[edinet_2025-07-31_1506_E05218_Not Registered in En] SKIPPED [ 92%]
tests/test_005_image_correctness.py::test_image_rendering_correctness[edinet_2025-08-04_1341_E05147_DENTSU SOKEN INC] SKIPPED [ 92%]
tests/test_005_image_correctness.py::test_image_rendering_correctness[edinet_2025-08-07_0913_E02257_SHIMANO INC] SKIPPED [ 92%]
tests/test_005_image_correctness.py::test_image_rendering_correctness[edinet_2025-08-08_1325_E35294_TECHNOFLEX CORPORATI] SKIPPED [ 92%]
tests/test_005_image_correctness.py::test_image_rendering_correctness[edinet_2025-08-08_1417_E21258_YAMABIKO CORPORATION] SKIPPED [ 92%]
tests/test_005_image_correctness.py::test_image_rendering_correctness[edinet_2025-08-08_1452_E05457_FISCO Ltd] SKIPPED [ 92%]
tests/test_005_image_correctness.py::test_image_rendering_correctness[edinet_2025-08-08_1545_E02331_NAKANISHI INC] SKIPPED [ 93%]
tests/test_005_image_correctness.py::test_image_rendering_correctness[edinet_2025-08-08_1548_E01205_KURAMOTO COLTD] SKIPPED [ 93%]
tests/test_005_image_correctness.py::test_image_rendering_correctness[edinet_2025-08-08_1603_E03724_J Trust CoLtd] SKIPPED [ 93%]
tests/test_005_image_correctness.py::test_image_rendering_correctness[edinet_2025-08-13_1607_E36174_Cacco Inc] SKIPPED [ 93%]
tests/test_005_image_correctness.py::test_image_rendering_correctness[edinet_2025-08-26_1600_E26831_Sankyo TateyamaInc] SKIPPED [ 93%]
tests/test_005_image_correctness.py::test_image_rendering_correctness[edinet_2025-08-28_1538_E04064_PROPERST COLTD] SKIPPED [ 93%]
tests/test_005_image_correctness.py::test_image_rendering_correctness[edinet_2025-09-11_1535_E02960_SHINTO Holdings Inc] SKIPPED [ 93%]
tests/test_005_image_correctness.py::test_image_rendering_correctness[fax_ccitt] SKIPPED [ 93%]
tests/test_005_image_correctness.py::test_image_rendering_correctness[japanese_001] SKIPPED [ 93%]
tests/test_005_image_correctness.py::test_image_rendering_correctness[japanese_002] SKIPPED [ 93%]
tests/test_005_image_correctness.py::test_image_rendering_correctness[japanese_003] SKIPPED [ 94%]
tests/test_005_image_correctness.py::test_image_rendering_correctness[japanese_004] SKIPPED [ 94%]
tests/test_005_image_correctness.py::test_image_rendering_correctness[japanese_005] SKIPPED [ 94%]
tests/test_005_image_correctness.py::test_image_rendering_correctness[japanese_006] SKIPPED [ 94%]
tests/test_005_image_correctness.py::test_image_rendering_correctness[japanese_007] SKIPPED [ 94%]
tests/test_005_image_correctness.py::test_image_rendering_correctness[japanese_008] SKIPPED [ 94%]
tests/test_005_image_correctness.py::test_image_rendering_correctness[japanese_009] SKIPPED [ 94%]
tests/test_005_image_correctness.py::test_image_rendering_correctness[japanese_010] SKIPPED [ 94%]
tests/test_005_image_correctness.py::test_image_rendering_correctness[japanese_011] SKIPPED [ 94%]
tests/test_005_image_correctness.py::test_image_rendering_correctness[japanese_012] SKIPPED [ 95%]
tests/test_005_image_correctness.py::test_image_rendering_correctness[japanese_013] SKIPPED [ 95%]
tests/test_005_image_correctness.py::test_image_rendering_correctness[japanese_014] SKIPPED [ 95%]
tests/test_005_image_correctness.py::test_image_rendering_correctness[japanese_015] SKIPPED [ 95%]
tests/test_005_image_correctness.py::test_image_rendering_correctness[web_001] SKIPPED [ 95%]
tests/test_005_image_correctness.py::test_image_rendering_correctness[web_002] SKIPPED [ 95%]
tests/test_005_image_correctness.py::test_image_rendering_correctness[web_003] SKIPPED [ 95%]
tests/test_005_image_correctness.py::test_image_rendering_correctness[web_004] SKIPPED [ 95%]
tests/test_005_image_correctness.py::test_image_rendering_correctness[web_005] SKIPPED [ 95%]
tests/test_005_image_correctness.py::test_image_rendering_correctness[web_006] SKIPPED [ 95%]
tests/test_005_image_correctness.py::test_image_rendering_correctness[web_007] SKIPPED [ 96%]
tests/test_005_image_correctness.py::test_image_rendering_correctness[web_008] SKIPPED [ 96%]
tests/test_005_image_correctness.py::test_image_rendering_correctness[web_009] SKIPPED [ 96%]
tests/test_005_image_correctness.py::test_image_rendering_correctness[web_010] SKIPPED [ 96%]
tests/test_005_image_correctness.py::test_image_rendering_correctness[web_011] SKIPPED [ 96%]
tests/test_005_image_correctness.py::test_image_rendering_correctness[web_012] SKIPPED [ 96%]
tests/test_005_image_correctness.py::test_image_rendering_correctness[web_013] SKIPPED [ 96%]
tests/test_005_image_correctness.py::test_image_rendering_correctness[web_014] SKIPPED [ 96%]
tests/test_005_image_correctness.py::test_image_rendering_correctness[web_015] SKIPPED [ 96%]
tests/test_005_image_correctness.py::test_image_rendering_correctness[web_016] SKIPPED [ 96%]
tests/test_005_image_correctness.py::test_image_rendering_correctness[web_017] SKIPPED [ 97%]
tests/test_005_image_correctness.py::test_image_rendering_correctness[web_018] SKIPPED [ 97%]
tests/test_005_image_correctness.py::test_image_rendering_correctness[web_019] SKIPPED [ 97%]
tests/test_005_image_correctness.py::test_image_rendering_correctness[web_020] SKIPPED [ 97%]
tests/test_005_image_correctness.py::test_image_rendering_correctness[web_021] SKIPPED [ 97%]
tests/test_005_image_correctness.py::test_image_rendering_correctness[web_022] SKIPPED [ 97%]
tests/test_005_image_correctness.py::test_image_rendering_correctness[web_023] SKIPPED [ 97%]
tests/test_005_image_correctness.py::test_image_rendering_correctness[web_024] SKIPPED [ 97%]
tests/test_005_image_correctness.py::test_image_rendering_correctness[web_025] SKIPPED [ 97%]
tests/test_005_image_correctness.py::test_image_rendering_correctness[web_026] SKIPPED [ 98%]
tests/test_005_image_correctness.py::test_image_rendering_correctness[web_027] SKIPPED [ 98%]
tests/test_005_image_correctness.py::test_image_rendering_correctness[web_028] SKIPPED [ 98%]
tests/test_005_image_correctness.py::test_image_rendering_correctness[web_029] SKIPPED [ 98%]
tests/test_005_image_correctness.py::test_image_rendering_correctness[web_030] SKIPPED [ 98%]
tests/test_005_image_correctness.py::test_image_rendering_correctness[web_031] SKIPPED [ 98%]
tests/test_005_image_correctness.py::test_image_rendering_correctness[web_032] SKIPPED [ 98%]
tests/test_005_image_correctness.py::test_image_rendering_correctness[web_033] SKIPPED [ 98%]
tests/test_005_image_correctness.py::test_image_rendering_correctness[web_034] SKIPPED [ 98%]
tests/test_005_image_correctness.py::test_image_rendering_correctness[web_035] SKIPPED [ 98%]
tests/test_005_image_correctness.py::test_image_rendering_correctness[web_036] SKIPPED [ 99%]
tests/test_005_image_correctness.py::test_image_rendering_correctness[web_037] SKIPPED [ 99%]
tests/test_005_image_correctness.py::test_image_rendering_correctness[web_038] SKIPPED [ 99%]
tests/test_005_image_correctness.py::test_image_rendering_correctness[web_039] SKIPPED [ 99%]
tests/test_005_image_correctness.py::test_image_rendering_correctness[web_040] SKIPPED [ 99%]
tests/test_005_image_correctness.py::test_image_rendering_correctness[web_041] SKIPPED [ 99%]
tests/test_005_image_correctness.py::test_image_rendering_correctness[web_042] SKIPPED [ 99%]
tests/test_005_image_correctness.py::test_image_rendering_correctness[web_043] SKIPPED [ 99%]
tests/test_005_image_correctness.py::test_image_rendering_correctness[web_044] SKIPPED [ 99%]
tests/test_005_image_correctness.py::test_image_rendering_correctness[web_045] SKIPPED [100%]
======================================================================
 Telemetry logged to: /Users/ayates/pdfium/integration_tests/telemetry/runs.csv
 Total runs logged: 4292
 Session ID: sess_20251102_112824_e147c978
======================================================================



=================================== FAILURES ===================================
__________________ test_edge_case_image_no_crash[bug_451265] ___________________
/Users/ayates/pdfium/testing/tests/test_004_edge_cases.py:164: in test_edge_case_image_no_crash
    ???
conftest.py:513: in render_parallel
    result = subprocess.run(
/Library/Frameworks/Python.framework/Versions/3.11/lib/python3.11/subprocess.py:550: in run
    stdout, stderr = process.communicate(input, timeout=timeout)
                     ^^^^^^^^^^^^^^^^^^^^^^^^^^^^^^^^^^^^^^^^^^^
/Library/Frameworks/Python.framework/Versions/3.11/lib/python3.11/subprocess.py:1209: in communicate
    stdout, stderr = self._communicate(input, endtime, timeout)
                     ^^^^^^^^^^^^^^^^^^^^^^^^^^^^^^^^^^^^^^^^^^
/Library/Frameworks/Python.framework/Versions/3.11/lib/python3.11/subprocess.py:2108: in _communicate
    ready = selector.select(timeout)
            ^^^^^^^^^^^^^^^^^^^^^^^^
/Library/Frameworks/Python.framework/Versions/3.11/lib/python3.11/selectors.py:415: in select
    fd_event_list = self._selector.poll(timeout)
                    ^^^^^^^^^^^^^^^^^^^^^^^^^^^^
E   Failed: Timeout (>300.0s) from pytest-timeout.
=========================== short test summary info ============================
SKIPPED [1] tests/test_000_infrastructure.py:346: Image manifest not found: /Users/ayates/pdfium/integration_tests/master_test_suite/image_manifests/0100pages_7FKQLKX273JBHXAAW5XDRT27JGMIZMCI_images.csv
SKIPPED [1] tests/test_000_infrastructure.py:346: Image manifest not found: /Users/ayates/pdfium/integration_tests/master_test_suite/image_manifests/0106pages_IYAFRX3M262EGRMQJHT7MCODUP5ZGYRW_images.csv
SKIPPED [1] tests/test_000_infrastructure.py:346: Image manifest not found: /Users/ayates/pdfium/integration_tests/master_test_suite/image_manifests/0109pages_NRCGAGBLTXTXEKXNLQ4L4NFA6ZQPCWE5_images.csv
SKIPPED [1] tests/test_000_infrastructure.py:346: Image manifest not found: /Users/ayates/pdfium/integration_tests/master_test_suite/image_manifests/0124pages_HXTX4CFAYHW5LKUFDCEHIITIMEYCJ7MW_images.csv
SKIPPED [1] tests/test_000_infrastructure.py:346: Image manifest not found: /Users/ayates/pdfium/integration_tests/master_test_suite/image_manifests/0130pages_ZJJJ6P4UAGH7LKLACPT5P437FB5F3MYF_images.csv
SKIPPED [1] tests/test_000_infrastructure.py:346: Image manifest not found: /Users/ayates/pdfium/integration_tests/master_test_suite/image_manifests/0134pages_LYZMN7YTFC6ULBL6TP4WQQRK356GB36T_images.csv
SKIPPED [1] tests/test_000_infrastructure.py:346: Image manifest not found: /Users/ayates/pdfium/integration_tests/master_test_suite/image_manifests/0150pages_44LQBJ56XNS2C6VVWKOP2YUNKCODKTEA_images.csv
SKIPPED [1] tests/test_000_infrastructure.py:346: Image manifest not found: /Users/ayates/pdfium/integration_tests/master_test_suite/image_manifests/0159pages_5XPIPZJEUIFPFOXGLU26NFQSU4GSJMF3_images.csv
SKIPPED [1] tests/test_000_infrastructure.py:346: Image manifest not found: /Users/ayates/pdfium/integration_tests/master_test_suite/image_manifests/0169pages_CLEQSRWNHVWUAHLTNGPYHMYOWEC4JR6S_images.csv
SKIPPED [1] tests/test_000_infrastructure.py:346: Image manifest not found: /Users/ayates/pdfium/integration_tests/master_test_suite/image_manifests/0171pages_USTMTDJBOQ327J2XVWE76TPUOKIBJ4S5_images.csv
SKIPPED [1] tests/test_000_infrastructure.py:346: Image manifest not found: /Users/ayates/pdfium/integration_tests/master_test_suite/image_manifests/0172pages_DNJIAKOPLDZDQCXT2PDA6V6DGL2MQL2H_images.csv
SKIPPED [1] tests/test_000_infrastructure.py:346: Image manifest not found: /Users/ayates/pdfium/integration_tests/master_test_suite/image_manifests/0192pages_C46Z2Q4AMEZJVTRV2XO434YLMVHCB46O_images.csv
SKIPPED [1] tests/test_000_infrastructure.py:346: Image manifest not found: /Users/ayates/pdfium/integration_tests/master_test_suite/image_manifests/0192pages_ULFRJCOWYIDOOTY7KWUPC6NU7UTTCLSO_images.csv
SKIPPED [1] tests/test_000_infrastructure.py:346: Image manifest not found: /Users/ayates/pdfium/integration_tests/master_test_suite/image_manifests/0193pages_CADINJMTO23ZTKPBNZ6TUOQT4BFPZC2C_images.csv
SKIPPED [1] tests/test_000_infrastructure.py:346: Image manifest not found: /Users/ayates/pdfium/integration_tests/master_test_suite/image_manifests/0201pages_RYDFB4ZZNNBE6LLDSY4CFGWQQ7U3KSAA_images.csv
SKIPPED [1] tests/test_000_infrastructure.py:346: Image manifest not found: /Users/ayates/pdfium/integration_tests/master_test_suite/image_manifests/0214pages_BZK65P6W74FNMD4O3A24LH3F2XLFH7V2_images.csv
SKIPPED [1] tests/test_000_infrastructure.py:346: Image manifest not found: /Users/ayates/pdfium/integration_tests/master_test_suite/image_manifests/0215pages_UAU4SPHOQHADJRFKILFDYETBGB6HXYU2_images.csv
SKIPPED [1] tests/test_000_infrastructure.py:346: Image manifest not found: /Users/ayates/pdfium/integration_tests/master_test_suite/image_manifests/0255pages_OKRV2XLZ2UGGRCBKHS3I5DA5TNLNVHWC_images.csv
SKIPPED [1] tests/test_000_infrastructure.py:346: Image manifest not found: /Users/ayates/pdfium/integration_tests/master_test_suite/image_manifests/0277pages_YCOBKTA46F7XEOWT4LS3BCPGDOMQSBWF_images.csv
SKIPPED [1] tests/test_000_infrastructure.py:346: Image manifest not found: /Users/ayates/pdfium/integration_tests/master_test_suite/image_manifests/0291pages_RGLWPWLY4JE6RPNCCHQ3LQWDFLPBGHXQ_images.csv
SKIPPED [1] tests/test_000_infrastructure.py:346: Image manifest not found: /Users/ayates/pdfium/integration_tests/master_test_suite/image_manifests/0309pages_7LD3RVJDZGTXF53CDLCI67YPWZQ5POOA_images.csv
SKIPPED [1] tests/test_000_infrastructure.py:346: Image manifest not found: /Users/ayates/pdfium/integration_tests/master_test_suite/image_manifests/0313pages_7DLRSEXVIADBZZUN4IJIACW5T23YBH7H_images.csv
SKIPPED [1] tests/test_000_infrastructure.py:346: Image manifest not found: /Users/ayates/pdfium/integration_tests/master_test_suite/image_manifests/0496pages_E3474JUEVRWQ3P2J2I3XBFKMMVZLLKWZ_images.csv
SKIPPED [1] tests/test_000_infrastructure.py:346: Image manifest not found: /Users/ayates/pdfium/integration_tests/master_test_suite/image_manifests/0569pages_QXQ2QSHOPBTSXLDGKKM4TYMR4R7QODHB_images.csv
SKIPPED [1] tests/test_000_infrastructure.py:346: Image manifest not found: /Users/ayates/pdfium/integration_tests/master_test_suite/image_manifests/0821pages_LUNFJFH4KWZ3ZFNRO43WSMZPLM4OLB7C_images.csv
SKIPPED [1] tests/test_000_infrastructure.py:346: Image manifest not found: /Users/ayates/pdfium/integration_tests/master_test_suite/image_manifests/1931pages_7ZNNFJGHOEFFP6I4OARCZGH3GPPDNDXC_images.csv
SKIPPED [1] tests/test_000_infrastructure.py:346: Image manifest not found: /Users/ayates/pdfium/integration_tests/master_test_suite/image_manifests/arxiv_001_images.csv
SKIPPED [1] tests/test_000_infrastructure.py:346: Image manifest not found: /Users/ayates/pdfium/integration_tests/master_test_suite/image_manifests/arxiv_005_images.csv
SKIPPED [1] tests/test_000_infrastructure.py:346: Image manifest not found: /Users/ayates/pdfium/integration_tests/master_test_suite/image_manifests/arxiv_009_images.csv
SKIPPED [1] tests/test_000_infrastructure.py:346: Image manifest not found: /Users/ayates/pdfium/integration_tests/master_test_suite/image_manifests/arxiv_014_images.csv
SKIPPED [1] tests/test_000_infrastructure.py:346: Image manifest not found: /Users/ayates/pdfium/integration_tests/master_test_suite/image_manifests/arxiv_018_images.csv
SKIPPED [1] tests/test_000_infrastructure.py:346: Image manifest not found: /Users/ayates/pdfium/integration_tests/master_test_suite/image_manifests/arxiv_022_images.csv
SKIPPED [1] tests/test_000_infrastructure.py:346: Image manifest not found: /Users/ayates/pdfium/integration_tests/master_test_suite/image_manifests/arxiv_026_images.csv
SKIPPED [1] tests/test_000_infrastructure.py:346: Image manifest not found: /Users/ayates/pdfium/integration_tests/master_test_suite/image_manifests/arxiv_030_images.csv
SKIPPED [1] tests/test_000_infrastructure.py:346: Image manifest not found: /Users/ayates/pdfium/integration_tests/master_test_suite/image_manifests/arxiv_034_images.csv
SKIPPED [1] tests/test_000_infrastructure.py:346: Image manifest not found: /Users/ayates/pdfium/integration_tests/master_test_suite/image_manifests/arxiv_038_images.csv
SKIPPED [1] tests/test_000_infrastructure.py:346: Image manifest not found: /Users/ayates/pdfium/integration_tests/master_test_suite/image_manifests/cc_001_931p_images.csv
SKIPPED [1] tests/test_000_infrastructure.py:346: Image manifest not found: /Users/ayates/pdfium/integration_tests/master_test_suite/image_manifests/cc_003_162p_images.csv
SKIPPED [1] tests/test_000_infrastructure.py:346: Image manifest not found: /Users/ayates/pdfium/integration_tests/master_test_suite/image_manifests/cc_005_172p_images.csv
SKIPPED [1] tests/test_000_infrastructure.py:346: Image manifest not found: /Users/ayates/pdfium/integration_tests/master_test_suite/image_manifests/cc_007_101p_images.csv
SKIPPED [1] tests/test_000_infrastructure.py:346: Image manifest not found: /Users/ayates/pdfium/integration_tests/master_test_suite/image_manifests/cc_009_188p_images.csv
SKIPPED [1] tests/test_000_infrastructure.py:346: Image manifest not found: /Users/ayates/pdfium/integration_tests/master_test_suite/image_manifests/cc_011_222p_images.csv
SKIPPED [1] tests/test_000_infrastructure.py:346: Image manifest not found: /Users/ayates/pdfium/integration_tests/master_test_suite/image_manifests/cc_013_122p_images.csv
SKIPPED [1] tests/test_000_infrastructure.py:346: Image manifest not found: /Users/ayates/pdfium/integration_tests/master_test_suite/image_manifests/cc_015_101p_images.csv
SKIPPED [1] tests/test_000_infrastructure.py:346: Image manifest not found: /Users/ayates/pdfium/integration_tests/master_test_suite/image_manifests/cc_017_145p_images.csv
SKIPPED [1] tests/test_000_infrastructure.py:346: Image manifest not found: /Users/ayates/pdfium/integration_tests/master_test_suite/image_manifests/cc_019_198p_images.csv
SKIPPED [1] tests/test_000_infrastructure.py:346: Image manifest not found: /Users/ayates/pdfium/integration_tests/master_test_suite/image_manifests/edinet_2025-06-23_1701_E04341_Konoike Transport CoLtd_images.csv
SKIPPED [1] tests/test_000_infrastructure.py:346: Image manifest not found: /Users/ayates/pdfium/integration_tests/master_test_suite/image_manifests/edinet_2025-06-24_1318_E01920_Makita Corporation_images.csv
SKIPPED [1] tests/test_000_infrastructure.py:346: Image manifest not found: /Users/ayates/pdfium/integration_tests/master_test_suite/image_manifests/edinet_2025-06-25_1507_E01402_SUNCALL CORPORATION_images.csv
SKIPPED [1] tests/test_000_infrastructure.py:346: Image manifest not found: /Users/ayates/pdfium/integration_tests/master_test_suite/image_manifests/edinet_2025-06-26_0909_E00982_LTT Bio-Pharma Co Ltd_images.csv
SKIPPED [1] tests/test_000_infrastructure.py:346: Image manifest not found: /Users/ayates/pdfium/integration_tests/master_test_suite/image_manifests/edinet_2025-06-26_1500_E01974_NKK SWITCHESCOLTD_images.csv
SKIPPED [1] tests/test_000_infrastructure.py:346: Image manifest not found: /Users/ayates/pdfium/integration_tests/master_test_suite/image_manifests/edinet_2025-06-26_1713_E00771_OSAKA SODA COLTD_images.csv
SKIPPED [1] tests/test_000_infrastructure.py:346: Image manifest not found: /Users/ayates/pdfium/integration_tests/master_test_suite/image_manifests/edinet_2025-06-27_1330_E02927_TAKACHIHO KOHEKI COLTD_images.csv
SKIPPED [1] tests/test_000_infrastructure.py:346: Image manifest not found: /Users/ayates/pdfium/integration_tests/master_test_suite/image_manifests/edinet_2025-07-11_1533_E04884_KYOWA ENGINEERING CONSULTANTS_images.csv
SKIPPED [1] tests/test_000_infrastructure.py:346: Image manifest not found: /Users/ayates/pdfium/integration_tests/master_test_suite/image_manifests/edinet_2025-08-08_1325_E35294_TECHNOFLEX CORPORATION_images.csv
SKIPPED [1] tests/test_000_infrastructure.py:346: Image manifest not found: /Users/ayates/pdfium/integration_tests/master_test_suite/image_manifests/edinet_2025-08-08_1603_E03724_J Trust CoLtd_images.csv
SKIPPED [1] tests/test_000_infrastructure.py:346: Image manifest not found: /Users/ayates/pdfium/integration_tests/master_test_suite/image_manifests/web_001_images.csv
SKIPPED [1] tests/test_000_infrastructure.py:346: Image manifest not found: /Users/ayates/pdfium/integration_tests/master_test_suite/image_manifests/web_012_images.csv
SKIPPED [1] tests/test_000_infrastructure.py:346: Image manifest not found: /Users/ayates/pdfium/integration_tests/master_test_suite/image_manifests/web_023_images.csv
SKIPPED [1] tests/test_000_infrastructure.py:346: Image manifest not found: /Users/ayates/pdfium/integration_tests/master_test_suite/image_manifests/web_034_images.csv
SKIPPED [1] ../testing/tests/test_005_image_correctness.py:87: Image baseline not generated for 0100pages_7FKQLKX273JBHXAAW5XDRT27JGMIZMCI.pdf
SKIPPED [1] ../testing/tests/test_005_image_correctness.py:87: Image baseline not generated for 0106pages_IYAFRX3M262EGRMQJHT7MCODUP5ZGYRW.pdf
SKIPPED [1] ../testing/tests/test_005_image_correctness.py:87: Image baseline not generated for 0109pages_NRCGAGBLTXTXEKXNLQ4L4NFA6ZQPCWE5.pdf
SKIPPED [1] ../testing/tests/test_005_image_correctness.py:87: Image baseline not generated for 0124pages_HXTX4CFAYHW5LKUFDCEHIITIMEYCJ7MW.pdf
SKIPPED [1] ../testing/tests/test_005_image_correctness.py:87: Image baseline not generated for 0130pages_ZJJJ6P4UAGH7LKLACPT5P437FB5F3MYF.pdf
SKIPPED [1] ../testing/tests/test_005_image_correctness.py:87: Image baseline not generated for 0134pages_LYZMN7YTFC6ULBL6TP4WQQRK356GB36T.pdf
SKIPPED [1] ../testing/tests/test_005_image_correctness.py:87: Image baseline not generated for 0150pages_44LQBJ56XNS2C6VVWKOP2YUNKCODKTEA.pdf
SKIPPED [1] ../testing/tests/test_005_image_correctness.py:87: Image baseline not generated for 0159pages_5XPIPZJEUIFPFOXGLU26NFQSU4GSJMF3.pdf
SKIPPED [1] ../testing/tests/test_005_image_correctness.py:87: Image baseline not generated for 0169pages_CLEQSRWNHVWUAHLTNGPYHMYOWEC4JR6S.pdf
SKIPPED [1] ../testing/tests/test_005_image_correctness.py:87: Image baseline not generated for 0171pages_USTMTDJBOQ327J2XVWE76TPUOKIBJ4S5.pdf
SKIPPED [1] ../testing/tests/test_005_image_correctness.py:87: Image baseline not generated for 0172pages_DNJIAKOPLDZDQCXT2PDA6V6DGL2MQL2H.pdf
SKIPPED [1] ../testing/tests/test_005_image_correctness.py:87: Image baseline not generated for 0192pages_C46Z2Q4AMEZJVTRV2XO434YLMVHCB46O.pdf
SKIPPED [1] ../testing/tests/test_005_image_correctness.py:87: Image baseline not generated for 0192pages_ULFRJCOWYIDOOTY7KWUPC6NU7UTTCLSO.pdf
SKIPPED [1] ../testing/tests/test_005_image_correctness.py:87: Image baseline not generated for 0193pages_CADINJMTO23ZTKPBNZ6TUOQT4BFPZC2C.pdf
SKIPPED [1] ../testing/tests/test_005_image_correctness.py:87: Image baseline not generated for 0201pages_RYDFB4ZZNNBE6LLDSY4CFGWQQ7U3KSAA.pdf
SKIPPED [1] ../testing/tests/test_005_image_correctness.py:87: Image baseline not generated for 0214pages_BZK65P6W74FNMD4O3A24LH3F2XLFH7V2.pdf
SKIPPED [1] ../testing/tests/test_005_image_correctness.py:87: Image baseline not generated for 0215pages_UAU4SPHOQHADJRFKILFDYETBGB6HXYU2.pdf
SKIPPED [1] ../testing/tests/test_005_image_correctness.py:87: Image baseline not generated for 0255pages_OKRV2XLZ2UGGRCBKHS3I5DA5TNLNVHWC.pdf
SKIPPED [1] ../testing/tests/test_005_image_correctness.py:87: Image baseline not generated for 0277pages_YCOBKTA46F7XEOWT4LS3BCPGDOMQSBWF.pdf
SKIPPED [1] ../testing/tests/test_005_image_correctness.py:87: Image baseline not generated for 0291pages_RGLWPWLY4JE6RPNCCHQ3LQWDFLPBGHXQ.pdf
SKIPPED [1] ../testing/tests/test_005_image_correctness.py:87: Image baseline not generated for 0309pages_7LD3RVJDZGTXF53CDLCI67YPWZQ5POOA.pdf
SKIPPED [1] ../testing/tests/test_005_image_correctness.py:87: Image baseline not generated for 0313pages_7DLRSEXVIADBZZUN4IJIACW5T23YBH7H.pdf
SKIPPED [1] ../testing/tests/test_005_image_correctness.py:87: Image baseline not generated for 0496pages_E3474JUEVRWQ3P2J2I3XBFKMMVZLLKWZ.pdf
SKIPPED [1] ../testing/tests/test_005_image_correctness.py:87: Image baseline not generated for 0569pages_QXQ2QSHOPBTSXLDGKKM4TYMR4R7QODHB.pdf
SKIPPED [1] ../testing/tests/test_005_image_correctness.py:87: Image baseline not generated for 0821pages_LUNFJFH4KWZ3ZFNRO43WSMZPLM4OLB7C.pdf
SKIPPED [1] ../testing/tests/test_005_image_correctness.py:87: Image baseline not generated for 1931pages_7ZNNFJGHOEFFP6I4OARCZGH3GPPDNDXC.pdf
SKIPPED [1] ../testing/tests/test_005_image_correctness.py:87: Image baseline not generated for arxiv_001.pdf
SKIPPED [1] ../testing/tests/test_005_image_correctness.py:87: Image baseline not generated for arxiv_002.pdf
SKIPPED [1] ../testing/tests/test_005_image_correctness.py:87: Image baseline not generated for arxiv_003.pdf
SKIPPED [1] ../testing/tests/test_005_image_correctness.py:87: Image baseline not generated for arxiv_004.pdf
SKIPPED [1] ../testing/tests/test_005_image_correctness.py:87: Image baseline not generated for arxiv_005.pdf
SKIPPED [1] ../testing/tests/test_005_image_correctness.py:87: Image baseline not generated for arxiv_006.pdf
SKIPPED [1] ../testing/tests/test_005_image_correctness.py:87: Image baseline not generated for arxiv_007.pdf
SKIPPED [1] ../testing/tests/test_005_image_correctness.py:87: Image baseline not generated for arxiv_008.pdf
SKIPPED [1] ../testing/tests/test_005_image_correctness.py:87: Image baseline not generated for arxiv_009.pdf
SKIPPED [1] ../testing/tests/test_005_image_correctness.py:87: Image baseline not generated for arxiv_010.pdf
SKIPPED [1] ../testing/tests/test_005_image_correctness.py:87: Image baseline not generated for arxiv_011.pdf
SKIPPED [1] ../testing/tests/test_005_image_correctness.py:87: Image baseline not generated for arxiv_012.pdf
SKIPPED [1] ../testing/tests/test_005_image_correctness.py:87: Image baseline not generated for arxiv_014.pdf
SKIPPED [1] ../testing/tests/test_005_image_correctness.py:87: Image baseline not generated for arxiv_015.pdf
SKIPPED [1] ../testing/tests/test_005_image_correctness.py:87: Image baseline not generated for arxiv_016.pdf
SKIPPED [1] ../testing/tests/test_005_image_correctness.py:87: Image baseline not generated for arxiv_017.pdf
SKIPPED [1] ../testing/tests/test_005_image_correctness.py:87: Image baseline not generated for arxiv_018.pdf
SKIPPED [1] ../testing/tests/test_005_image_correctness.py:87: Image baseline not generated for arxiv_019.pdf
SKIPPED [1] ../testing/tests/test_005_image_correctness.py:87: Image baseline not generated for arxiv_020.pdf
SKIPPED [1] ../testing/tests/test_005_image_correctness.py:87: Image baseline not generated for arxiv_021.pdf
SKIPPED [1] ../testing/tests/test_005_image_correctness.py:87: Image baseline not generated for arxiv_022.pdf
SKIPPED [1] ../testing/tests/test_005_image_correctness.py:87: Image baseline not generated for arxiv_023.pdf
SKIPPED [1] ../testing/tests/test_005_image_correctness.py:87: Image baseline not generated for arxiv_024.pdf
SKIPPED [1] ../testing/tests/test_005_image_correctness.py:87: Image baseline not generated for arxiv_025.pdf
SKIPPED [1] ../testing/tests/test_005_image_correctness.py:87: Image baseline not generated for arxiv_026.pdf
SKIPPED [1] ../testing/tests/test_005_image_correctness.py:87: Image baseline not generated for arxiv_027.pdf
SKIPPED [1] ../testing/tests/test_005_image_correctness.py:87: Image baseline not generated for arxiv_028.pdf
SKIPPED [1] ../testing/tests/test_005_image_correctness.py:87: Image baseline not generated for arxiv_029.pdf
SKIPPED [1] ../testing/tests/test_005_image_correctness.py:87: Image baseline not generated for arxiv_030.pdf
SKIPPED [1] ../testing/tests/test_005_image_correctness.py:87: Image baseline not generated for arxiv_031.pdf
SKIPPED [1] ../testing/tests/test_005_image_correctness.py:87: Image baseline not generated for arxiv_032.pdf
SKIPPED [1] ../testing/tests/test_005_image_correctness.py:87: Image baseline not generated for arxiv_033.pdf
SKIPPED [1] ../testing/tests/test_005_image_correctness.py:87: Image baseline not generated for arxiv_034.pdf
SKIPPED [1] ../testing/tests/test_005_image_correctness.py:87: Image baseline not generated for arxiv_035.pdf
SKIPPED [1] ../testing/tests/test_005_image_correctness.py:87: Image baseline not generated for arxiv_036.pdf
SKIPPED [1] ../testing/tests/test_005_image_correctness.py:87: Image baseline not generated for arxiv_037.pdf
SKIPPED [1] ../testing/tests/test_005_image_correctness.py:87: Image baseline not generated for arxiv_038.pdf
SKIPPED [1] ../testing/tests/test_005_image_correctness.py:87: Image baseline not generated for arxiv_039.pdf
SKIPPED [1] ../testing/tests/test_005_image_correctness.py:87: Image baseline not generated for arxiv_040.pdf
SKIPPED [1] ../testing/tests/test_005_image_correctness.py:87: Image baseline not generated for cc_001_931p.pdf
SKIPPED [1] ../testing/tests/test_005_image_correctness.py:87: Image baseline not generated for cc_002_522p.pdf
SKIPPED [1] ../testing/tests/test_005_image_correctness.py:87: Image baseline not generated for cc_003_162p.pdf
SKIPPED [1] ../testing/tests/test_005_image_correctness.py:87: Image baseline not generated for cc_004_291p.pdf
SKIPPED [1] ../testing/tests/test_005_image_correctness.py:87: Image baseline not generated for cc_005_172p.pdf
SKIPPED [1] ../testing/tests/test_005_image_correctness.py:87: Image baseline not generated for cc_006_254p.pdf
SKIPPED [1] ../testing/tests/test_005_image_correctness.py:87: Image baseline not generated for cc_007_101p.pdf
SKIPPED [1] ../testing/tests/test_005_image_correctness.py:87: Image baseline not generated for cc_008_116p.pdf
SKIPPED [1] ../testing/tests/test_005_image_correctness.py:87: Image baseline not generated for cc_009_188p.pdf
SKIPPED [1] ../testing/tests/test_005_image_correctness.py:87: Image baseline not generated for cc_010_206p.pdf
SKIPPED [1] ../testing/tests/test_005_image_correctness.py:87: Image baseline not generated for cc_011_222p.pdf
SKIPPED [1] ../testing/tests/test_005_image_correctness.py:87: Image baseline not generated for cc_012_244p.pdf
SKIPPED [1] ../testing/tests/test_005_image_correctness.py:87: Image baseline not generated for cc_013_122p.pdf
SKIPPED [1] ../testing/tests/test_005_image_correctness.py:87: Image baseline not generated for cc_014_176p.pdf
SKIPPED [1] ../testing/tests/test_005_image_correctness.py:87: Image baseline not generated for cc_015_101p.pdf
SKIPPED [1] ../testing/tests/test_005_image_correctness.py:87: Image baseline not generated for cc_016_159p.pdf
SKIPPED [1] ../testing/tests/test_005_image_correctness.py:87: Image baseline not generated for cc_017_145p.pdf
SKIPPED [1] ../testing/tests/test_005_image_correctness.py:87: Image baseline not generated for cc_018_167p.pdf
SKIPPED [1] ../testing/tests/test_005_image_correctness.py:87: Image baseline not generated for cc_019_198p.pdf
SKIPPED [1] ../testing/tests/test_005_image_correctness.py:87: Image baseline not generated for cc_020_103p.pdf
SKIPPED [1] ../testing/tests/test_005_image_correctness.py:87: Image baseline not generated for edinet_2025-06-23_1701_E04341_Konoike Transport CoLtd.pdf
SKIPPED [1] ../testing/tests/test_005_image_correctness.py:87: Image baseline not generated for edinet_2025-06-24_0930_E03557_The Chiba Kogyo Bank Ltd.pdf
SKIPPED [1] ../testing/tests/test_005_image_correctness.py:87: Image baseline not generated for edinet_2025-06-24_1124_E05556_Saint Marc Holdings CoLtd.pdf
SKIPPED [1] ../testing/tests/test_005_image_correctness.py:87: Image baseline not generated for edinet_2025-06-24_1136_E01606_Not Registered in English.pdf
SKIPPED [1] ../testing/tests/test_005_image_correctness.py:87: Image baseline not generated for edinet_2025-06-24_1316_E33834_Shinwa Co Ltd.pdf
SKIPPED [1] ../testing/tests/test_005_image_correctness.py:87: Image baseline not generated for edinet_2025-06-24_1318_E01920_Makita Corporation.pdf
SKIPPED [1] ../testing/tests/test_005_image_correctness.py:87: Image baseline not generated for edinet_2025-06-24_1548_E01914_Not Registered in English.pdf
SKIPPED [1] ../testing/tests/test_005_image_correctness.py:87: Image baseline not generated for edinet_2025-06-25_1027_E01750_DAIHEN CORPORATION.pdf
SKIPPED [1] ../testing/tests/test_005_image_correctness.py:87: Image baseline not generated for edinet_2025-06-25_1357_E01684_SEIKO CORPORATION.pdf
SKIPPED [1] ../testing/tests/test_005_image_correctness.py:87: Image baseline not generated for edinet_2025-06-25_1433_E01754_KAWADEN CORPORATION.pdf
SKIPPED [1] ../testing/tests/test_005_image_correctness.py:87: Image baseline not generated for edinet_2025-06-25_1507_E01402_SUNCALL CORPORATION.pdf
SKIPPED [1] ../testing/tests/test_005_image_correctness.py:87: Image baseline not generated for edinet_2025-06-25_1513_E01172_Not Registered in English.pdf
SKIPPED [1] ../testing/tests/test_005_image_correctness.py:87: Image baseline not generated for edinet_2025-06-25_1557_E05670_HIKARI HEIGHTS-VARUS COLTD.pdf
SKIPPED [1] ../testing/tests/test_005_image_correctness.py:87: Image baseline not generated for edinet_2025-06-25_1608_E02628_KIMURATAN CORPORATION.pdf
SKIPPED [1] ../testing/tests/test_005_image_correctness.py:87: Image baseline not generated for edinet_2025-06-25_1634_E03116_AOKI Holdings Inc.pdf
SKIPPED [1] ../testing/tests/test_005_image_correctness.py:87: Image baseline not generated for edinet_2025-06-26_0909_E00982_LTT Bio-Pharma Co Ltd.pdf
SKIPPED [1] ../testing/tests/test_005_image_correctness.py:87: Image baseline not generated for edinet_2025-06-26_0914_E01057_SOFT99corporation.pdf
SKIPPED [1] ../testing/tests/test_005_image_correctness.py:87: Image baseline not generated for edinet_2025-06-26_1029_E02363_Not Registered in English.pdf
SKIPPED [1] ../testing/tests/test_005_image_correctness.py:87: Image baseline not generated for edinet_2025-06-26_1345_E01202_Yoshicon CoLtd.pdf
SKIPPED [1] ../testing/tests/test_005_image_correctness.py:87: Image baseline not generated for edinet_2025-06-26_1432_E35562_NexTone Inc.pdf
SKIPPED [1] ../testing/tests/test_005_image_correctness.py:87: Image baseline not generated for edinet_2025-06-26_1500_E01974_NKK SWITCHESCOLTD.pdf
SKIPPED [1] ../testing/tests/test_005_image_correctness.py:87: Image baseline not generated for edinet_2025-06-26_1530_E04503_Hokuriku Electric Power Compan.pdf
SKIPPED [1] ../testing/tests/test_005_image_correctness.py:87: Image baseline not generated for edinet_2025-06-26_1544_E05657_HIP CORPORATION.pdf
SKIPPED [1] ../testing/tests/test_005_image_correctness.py:87: Image baseline not generated for edinet_2025-06-26_1610_E27506_JSS CORPORATION.pdf
SKIPPED [1] ../testing/tests/test_005_image_correctness.py:87: Image baseline not generated for edinet_2025-06-26_1621_E00777_NIPPON CARBIDE INDUSTRIES COIN.pdf
SKIPPED [1] ../testing/tests/test_005_image_correctness.py:87: Image baseline not generated for edinet_2025-06-26_1713_E00771_OSAKA SODA COLTD.pdf
SKIPPED [1] ../testing/tests/test_005_image_correctness.py:87: Image baseline not generated for edinet_2025-06-27_1005_E02554_HANWA COLTD.pdf
SKIPPED [1] ../testing/tests/test_005_image_correctness.py:87: Image baseline not generated for edinet_2025-06-27_1051_E01956_KONAMI GROUP CORPORATION.pdf
SKIPPED [1] ../testing/tests/test_005_image_correctness.py:87: Image baseline not generated for edinet_2025-06-27_1235_E03346_PLATHOME COLTD.pdf
SKIPPED [1] ../testing/tests/test_005_image_correctness.py:87: Image baseline not generated for edinet_2025-06-27_1249_E23224_Not Registered in English.pdf
SKIPPED [1] ../testing/tests/test_005_image_correctness.py:87: Image baseline not generated for edinet_2025-06-27_1330_E02927_TAKACHIHO KOHEKI COLTD.pdf
SKIPPED [1] ../testing/tests/test_005_image_correctness.py:87: Image baseline not generated for edinet_2025-06-27_1402_E02266_TOKYO KEIKI INC.pdf
SKIPPED [1] ../testing/tests/test_005_image_correctness.py:87: Image baseline not generated for edinet_2025-06-27_1637_E01916_The Lead Co Inc.pdf
SKIPPED [1] ../testing/tests/test_005_image_correctness.py:87: Image baseline not generated for edinet_2025-06-30_1238_E39104_Not Registered in English.pdf
SKIPPED [1] ../testing/tests/test_005_image_correctness.py:87: Image baseline not generated for edinet_2025-06-30_1401_E04502_Chubu Electric Power CompanyIn.pdf
SKIPPED [1] ../testing/tests/test_005_image_correctness.py:87: Image baseline not generated for edinet_2025-07-11_1533_E04884_KYOWA ENGINEERING CONSULTANTS.pdf
SKIPPED [1] ../testing/tests/test_005_image_correctness.py:87: Image baseline not generated for edinet_2025-07-14_0931_E01524_TSUDAKOMA Corp.pdf
SKIPPED [1] ../testing/tests/test_005_image_correctness.py:87: Image baseline not generated for edinet_2025-07-31_1506_E05218_Not Registered in English.pdf
SKIPPED [1] ../testing/tests/test_005_image_correctness.py:87: Image baseline not generated for edinet_2025-08-04_1341_E05147_DENTSU SOKEN INC.pdf
SKIPPED [1] ../testing/tests/test_005_image_correctness.py:87: Image baseline not generated for edinet_2025-08-07_0913_E02257_SHIMANO INC.pdf
SKIPPED [1] ../testing/tests/test_005_image_correctness.py:87: Image baseline not generated for edinet_2025-08-08_1325_E35294_TECHNOFLEX CORPORATION.pdf
SKIPPED [1] ../testing/tests/test_005_image_correctness.py:87: Image baseline not generated for edinet_2025-08-08_1417_E21258_YAMABIKO CORPORATION.pdf
SKIPPED [1] ../testing/tests/test_005_image_correctness.py:87: Image baseline not generated for edinet_2025-08-08_1452_E05457_FISCO Ltd.pdf
SKIPPED [1] ../testing/tests/test_005_image_correctness.py:87: Image baseline not generated for edinet_2025-08-08_1545_E02331_NAKANISHI INC.pdf
SKIPPED [1] ../testing/tests/test_005_image_correctness.py:87: Image baseline not generated for edinet_2025-08-08_1548_E01205_KURAMOTO COLTD.pdf
SKIPPED [1] ../testing/tests/test_005_image_correctness.py:87: Image baseline not generated for edinet_2025-08-08_1603_E03724_J Trust CoLtd.pdf
SKIPPED [1] ../testing/tests/test_005_image_correctness.py:87: Image baseline not generated for edinet_2025-08-13_1607_E36174_Cacco Inc.pdf
SKIPPED [1] ../testing/tests/test_005_image_correctness.py:87: Image baseline not generated for edinet_2025-08-26_1600_E26831_Sankyo TateyamaInc.pdf
SKIPPED [1] ../testing/tests/test_005_image_correctness.py:87: Image baseline not generated for edinet_2025-08-28_1538_E04064_PROPERST COLTD.pdf
SKIPPED [1] ../testing/tests/test_005_image_correctness.py:87: Image baseline not generated for edinet_2025-09-11_1535_E02960_SHINTO Holdings Inc.pdf
SKIPPED [1] ../testing/tests/test_005_image_correctness.py:87: Image baseline not generated for fax_ccitt.pdf
SKIPPED [1] ../testing/tests/test_005_image_correctness.py:87: Image baseline not generated for japanese_001.pdf
SKIPPED [1] ../testing/tests/test_005_image_correctness.py:87: Image baseline not generated for japanese_002.pdf
SKIPPED [1] ../testing/tests/test_005_image_correctness.py:87: Image baseline not generated for japanese_003.pdf
SKIPPED [1] ../testing/tests/test_005_image_correctness.py:87: Image baseline not generated for japanese_004.pdf
SKIPPED [1] ../testing/tests/test_005_image_correctness.py:87: Image baseline not generated for japanese_005.pdf
SKIPPED [1] ../testing/tests/test_005_image_correctness.py:87: Image baseline not generated for japanese_006.pdf
SKIPPED [1] ../testing/tests/test_005_image_correctness.py:87: Image baseline not generated for japanese_007.pdf
SKIPPED [1] ../testing/tests/test_005_image_correctness.py:87: Image baseline not generated for japanese_008.pdf
SKIPPED [1] ../testing/tests/test_005_image_correctness.py:87: Image baseline not generated for japanese_009.pdf
SKIPPED [1] ../testing/tests/test_005_image_correctness.py:87: Image baseline not generated for japanese_010.pdf
SKIPPED [1] ../testing/tests/test_005_image_correctness.py:87: Image baseline not generated for japanese_011.pdf
SKIPPED [1] ../testing/tests/test_005_image_correctness.py:87: Image baseline not generated for japanese_012.pdf
SKIPPED [1] ../testing/tests/test_005_image_correctness.py:87: Image baseline not generated for japanese_013.pdf
SKIPPED [1] ../testing/tests/test_005_image_correctness.py:87: Image baseline not generated for japanese_014.pdf
SKIPPED [1] ../testing/tests/test_005_image_correctness.py:87: Image baseline not generated for japanese_015.pdf
SKIPPED [1] ../testing/tests/test_005_image_correctness.py:87: Image baseline not generated for web_001.pdf
SKIPPED [1] ../testing/tests/test_005_image_correctness.py:87: Image baseline not generated for web_002.pdf
SKIPPED [1] ../testing/tests/test_005_image_correctness.py:87: Image baseline not generated for web_003.pdf
SKIPPED [1] ../testing/tests/test_005_image_correctness.py:87: Image baseline not generated for web_004.pdf
SKIPPED [1] ../testing/tests/test_005_image_correctness.py:87: Image baseline not generated for web_005.pdf
SKIPPED [1] ../testing/tests/test_005_image_correctness.py:87: Image baseline not generated for web_006.pdf
SKIPPED [1] ../testing/tests/test_005_image_correctness.py:87: Image baseline not generated for web_007.pdf
SKIPPED [1] ../testing/tests/test_005_image_correctness.py:87: Image baseline not generated for web_008.pdf
SKIPPED [1] ../testing/tests/test_005_image_correctness.py:87: Image baseline not generated for web_009.pdf
SKIPPED [1] ../testing/tests/test_005_image_correctness.py:87: Image baseline not generated for web_010.pdf
SKIPPED [1] ../testing/tests/test_005_image_correctness.py:87: Image baseline not generated for web_011.pdf
SKIPPED [1] ../testing/tests/test_005_image_correctness.py:87: Image baseline not generated for web_012.pdf
SKIPPED [1] ../testing/tests/test_005_image_correctness.py:87: Image baseline not generated for web_013.pdf
SKIPPED [1] ../testing/tests/test_005_image_correctness.py:87: Image baseline not generated for web_014.pdf
SKIPPED [1] ../testing/tests/test_005_image_correctness.py:87: Image baseline not generated for web_015.pdf
SKIPPED [1] ../testing/tests/test_005_image_correctness.py:87: Image baseline not generated for web_016.pdf
SKIPPED [1] ../testing/tests/test_005_image_correctness.py:87: Image baseline not generated for web_017.pdf
SKIPPED [1] ../testing/tests/test_005_image_correctness.py:87: Image baseline not generated for web_018.pdf
SKIPPED [1] ../testing/tests/test_005_image_correctness.py:87: Image baseline not generated for web_019.pdf
SKIPPED [1] ../testing/tests/test_005_image_correctness.py:87: Image baseline not generated for web_020.pdf
SKIPPED [1] ../testing/tests/test_005_image_correctness.py:87: Image baseline not generated for web_021.pdf
SKIPPED [1] ../testing/tests/test_005_image_correctness.py:87: Image baseline not generated for web_022.pdf
SKIPPED [1] ../testing/tests/test_005_image_correctness.py:87: Image baseline not generated for web_023.pdf
SKIPPED [1] ../testing/tests/test_005_image_correctness.py:87: Image baseline not generated for web_024.pdf
SKIPPED [1] ../testing/tests/test_005_image_correctness.py:87: Image baseline not generated for web_025.pdf
SKIPPED [1] ../testing/tests/test_005_image_correctness.py:87: Image baseline not generated for web_026.pdf
SKIPPED [1] ../testing/tests/test_005_image_correctness.py:87: Image baseline not generated for web_027.pdf
SKIPPED [1] ../testing/tests/test_005_image_correctness.py:87: Image baseline not generated for web_028.pdf
SKIPPED [1] ../testing/tests/test_005_image_correctness.py:87: Image baseline not generated for web_029.pdf
SKIPPED [1] ../testing/tests/test_005_image_correctness.py:87: Image baseline not generated for web_030.pdf
SKIPPED [1] ../testing/tests/test_005_image_correctness.py:87: Image baseline not generated for web_031.pdf
SKIPPED [1] ../testing/tests/test_005_image_correctness.py:87: Image baseline not generated for web_032.pdf
SKIPPED [1] ../testing/tests/test_005_image_correctness.py:87: Image baseline not generated for web_033.pdf
SKIPPED [1] ../testing/tests/test_005_image_correctness.py:87: Image baseline not generated for web_034.pdf
SKIPPED [1] ../testing/tests/test_005_image_correctness.py:87: Image baseline not generated for web_035.pdf
SKIPPED [1] ../testing/tests/test_005_image_correctness.py:87: Image baseline not generated for web_036.pdf
SKIPPED [1] ../testing/tests/test_005_image_correctness.py:87: Image baseline not generated for web_037.pdf
SKIPPED [1] ../testing/tests/test_005_image_correctness.py:87: Image baseline not generated for web_038.pdf
SKIPPED [1] ../testing/tests/test_005_image_correctness.py:87: Image baseline not generated for web_039.pdf
SKIPPED [1] ../testing/tests/test_005_image_correctness.py:87: Image baseline not generated for web_040.pdf
SKIPPED [1] ../testing/tests/test_005_image_correctness.py:87: Image baseline not generated for web_041.pdf
SKIPPED [1] ../testing/tests/test_005_image_correctness.py:87: Image baseline not generated for web_042.pdf
SKIPPED [1] ../testing/tests/test_005_image_correctness.py:87: Image baseline not generated for web_043.pdf
SKIPPED [1] ../testing/tests/test_005_image_correctness.py:87: Image baseline not generated for web_044.pdf
SKIPPED [1] ../testing/tests/test_005_image_correctness.py:87: Image baseline not generated for web_045.pdf
FAILED tests/test_004_edge_cases.py::test_edge_case_image_no_crash[bug_451265]
=== 1 failed, 707 passed, 256 skipped, 1819 deselected in 474.57s (0:07:54) ====
